[2.470s] Invoking command in '/home/naveenkumar/mobile_robot/src/worlds': PYTHONPATH=/home/naveenkumar/mobile_robot/build/worlds/prefix_override:/usr/lib/python3/dist-packages/colcon_core/task/python/colcon_distutils_commands:/home/naveenkumar/mobile_robot/install/worlds/lib/python3.10/site-packages:${PYTHONPATH} /usr/bin/python3 -W ignore:setup.py install is deprecated setup.py egg_info --egg-base ../../build/worlds build --build-base /home/naveenkumar/mobile_robot/build/worlds/build install --record /home/naveenkumar/mobile_robot/build/worlds/install.log --single-version-externally-managed install_data
[3.159s] running egg_info
[3.160s] writing ../../build/worlds/worlds.egg-info/PKG-INFO
[3.161s] writing dependency_links to ../../build/worlds/worlds.egg-info/dependency_links.txt
[3.162s] writing entry points to ../../build/worlds/worlds.egg-info/entry_points.txt
[3.163s] writing requirements to ../../build/worlds/worlds.egg-info/requires.txt
[3.164s] writing top-level names to ../../build/worlds/worlds.egg-info/top_level.txt
[3.169s] reading manifest file '../../build/worlds/worlds.egg-info/SOURCES.txt'
[3.170s] writing manifest file '../../build/worlds/worlds.egg-info/SOURCES.txt'
[3.170s] running build
[3.171s] running build_py
[3.171s] running install
[3.171s] running install_lib
[3.173s] running install_data
[3.173s] running install_egg_info
[3.177s] removing '/home/naveenkumar/mobile_robot/install/worlds/lib/python3.10/site-packages/worlds-0.0.0-py3.10.egg-info' (and everything under it)
[3.178s] Copying ../../build/worlds/worlds.egg-info to /home/naveenkumar/mobile_robot/install/worlds/lib/python3.10/site-packages/worlds-0.0.0-py3.10.egg-info
[3.179s] running install_scripts
[3.225s] writing list of installed files to '/home/naveenkumar/mobile_robot/build/worlds/install.log'
[3.313s] Invoked command in '/home/naveenkumar/mobile_robot/src/worlds' returned '0': PYTHONPATH=/home/naveenkumar/mobile_robot/build/worlds/prefix_override:/usr/lib/python3/dist-packages/colcon_core/task/python/colcon_distutils_commands:/home/naveenkumar/mobile_robot/install/worlds/lib/python3.10/site-packages:${PYTHONPATH} /usr/bin/python3 -W ignore:setup.py install is deprecated setup.py egg_info --egg-base ../../build/worlds build --build-base /home/naveenkumar/mobile_robot/build/worlds/build install --record /home/naveenkumar/mobile_robot/build/worlds/install.log --single-version-externally-managed install_data
