[7.365s] Invoking command in '/home/naveenkumar/mobile_robot/src/simulations': AMENT_PREFIX_PATH=/home/naveenkumar/mobile_robot/install/worlds:/home/naveenkumar/mobile_robot/install/robot_description:${AMENT_PREFIX_PATH} CMAKE_PREFIX_PATH=/home/naveenkumar/mobile_robot/install/robot_description:${CMAKE_PREFIX_PATH} PYTHONPATH=/home/naveenkumar/mobile_robot/build/simulations/prefix_override:/usr/lib/python3/dist-packages/colcon_core/task/python/colcon_distutils_commands:/home/naveenkumar/mobile_robot/install/simulations/lib/python3.10/site-packages:/home/naveenkumar/mobile_robot/install/worlds/lib/python3.10/site-packages:${PYTHONPATH} /usr/bin/python3 -W ignore:setup.py install is deprecated setup.py egg_info --egg-base ../../build/simulations build --build-base /home/naveenkumar/mobile_robot/build/simulations/build install --record /home/naveenkumar/mobile_robot/build/simulations/install.log --single-version-externally-managed install_data
[10.185s] running egg_info
[10.192s] writing ../../build/simulations/simulations.egg-info/PKG-INFO
[10.194s] writing dependency_links to ../../build/simulations/simulations.egg-info/dependency_links.txt
[10.195s] writing entry points to ../../build/simulations/simulations.egg-info/entry_points.txt
[10.197s] writing requirements to ../../build/simulations/simulations.egg-info/requires.txt
[10.197s] writing top-level names to ../../build/simulations/simulations.egg-info/top_level.txt
[10.212s] reading manifest file '../../build/simulations/simulations.egg-info/SOURCES.txt'
[10.221s] writing manifest file '../../build/simulations/simulations.egg-info/SOURCES.txt'
[10.222s] running build
[10.223s] running build_py
[10.223s] running install
[10.226s] running install_lib
[10.231s] running install_data
[10.236s] running install_egg_info
[10.258s] removing '/home/naveenkumar/mobile_robot/install/simulations/lib/python3.10/site-packages/simulations-0.0.0-py3.10.egg-info' (and everything under it)
[10.259s] Copying ../../build/simulations/simulations.egg-info to /home/naveenkumar/mobile_robot/install/simulations/lib/python3.10/site-packages/simulations-0.0.0-py3.10.egg-info
[10.268s] running install_scripts
[10.491s] writing list of installed files to '/home/naveenkumar/mobile_robot/build/simulations/install.log'
[10.873s] Invoked command in '/home/naveenkumar/mobile_robot/src/simulations' returned '0': AMENT_PREFIX_PATH=/home/naveenkumar/mobile_robot/install/worlds:/home/naveenkumar/mobile_robot/install/robot_description:${AMENT_PREFIX_PATH} CMAKE_PREFIX_PATH=/home/naveenkumar/mobile_robot/install/robot_description:${CMAKE_PREFIX_PATH} PYTHONPATH=/home/naveenkumar/mobile_robot/build/simulations/prefix_override:/usr/lib/python3/dist-packages/colcon_core/task/python/colcon_distutils_commands:/home/naveenkumar/mobile_robot/install/simulations/lib/python3.10/site-packages:/home/naveenkumar/mobile_robot/install/worlds/lib/python3.10/site-packages:${PYTHONPATH} /usr/bin/python3 -W ignore:setup.py install is deprecated setup.py egg_info --egg-base ../../build/simulations build --build-base /home/naveenkumar/mobile_robot/build/simulations/build install --record /home/naveenkumar/mobile_robot/build/simulations/install.log --single-version-externally-managed install_data
