[0.230s] DEBUG:colcon:Command line arguments: ['/usr/bin/colcon', 'build']
[0.230s] DEBUG:colcon:Parsed command line arguments: Namespace(log_base=None, log_level=None, verb_name='build', build_base='build', install_base='install', merge_install=False, symlink_install=False, test_result_base=None, continue_on_error=False, executor='parallel', parallel_workers=8, event_handlers=None, ignore_user_meta=False, metas=['./colcon.meta'], base_paths=['.'], packages_ignore=None, packages_ignore_regex=None, paths=None, packages_up_to=None, packages_up_to_regex=None, packages_above=None, packages_above_and_dependencies=None, packages_above_depth=None, packages_select_by_dep=None, packages_skip_by_dep=None, packages_skip_up_to=None, packages_select_build_failed=False, packages_skip_build_finished=False, packages_select_test_failures=False, packages_skip_test_passed=False, packages_select=None, packages_skip=None, packages_select_regex=None, packages_skip_regex=None, packages_start=None, packages_end=None, allow_overriding=[], cmake_args=None, cmake_target=None, cmake_target_skip_unavailable=False, cmake_clean_cache=False, cmake_clean_first=False, cmake_force_configure=False, ament_cmake_args=None, catkin_cmake_args=None, catkin_skip_building_tests=False, mixin_files=None, mixin=None, verb_parser=<colcon_mixin.mixin.mixin_argument.MixinArgumentDecorator object at 0x74599eb5c490>, verb_extension=<colcon_core.verb.build.BuildVerb object at 0x74599ecd9a50>, main=<bound method BuildVerb.main of <colcon_core.verb.build.BuildVerb object at 0x74599ecd9a50>>, mixin_verb=('build',))
[0.574s] Level 1:colcon.colcon_core.package_discovery:discover_packages(colcon_meta) check parameters
[0.574s] Level 1:colcon.colcon_core.package_discovery:discover_packages(recursive) check parameters
[0.574s] Level 1:colcon.colcon_core.package_discovery:discover_packages(ignore) check parameters
[0.574s] Level 1:colcon.colcon_core.package_discovery:discover_packages(path) check parameters
[0.574s] Level 1:colcon.colcon_core.package_discovery:discover_packages(colcon_meta) discover
[0.574s] Level 1:colcon.colcon_core.package_discovery:discover_packages(recursive) discover
[0.574s] INFO:colcon.colcon_core.package_discovery:Crawling recursively for packages in '/home/naveenkumar/mobile_robot'
[0.575s] Level 1:colcon.colcon_core.package_identification:_identify(.) by extensions ['ignore', 'ignore_ament_install']
[0.575s] Level 1:colcon.colcon_core.package_identification:_identify(.) by extension 'ignore'
[0.575s] Level 1:colcon.colcon_core.package_identification:_identify(.) by extension 'ignore_ament_install'
[0.575s] Level 1:colcon.colcon_core.package_identification:_identify(.) by extensions ['colcon_pkg']
[0.575s] Level 1:colcon.colcon_core.package_identification:_identify(.) by extension 'colcon_pkg'
[0.575s] Level 1:colcon.colcon_core.package_identification:_identify(.) by extensions ['colcon_meta']
[0.575s] Level 1:colcon.colcon_core.package_identification:_identify(.) by extension 'colcon_meta'
[0.575s] Level 1:colcon.colcon_core.package_identification:_identify(.) by extensions ['ros']
[0.575s] Level 1:colcon.colcon_core.package_identification:_identify(.) by extension 'ros'
[0.593s] Level 1:colcon.colcon_core.package_identification:_identify(.) by extensions ['cmake', 'python']
[0.593s] Level 1:colcon.colcon_core.package_identification:_identify(.) by extension 'cmake'
[0.593s] Level 1:colcon.colcon_core.package_identification:_identify(.) by extension 'python'
[0.593s] Level 1:colcon.colcon_core.package_identification:_identify(.) by extensions ['python_setup_py']
[0.593s] Level 1:colcon.colcon_core.package_identification:_identify(.) by extension 'python_setup_py'
[0.594s] Level 1:colcon.colcon_core.package_identification:_identify(build) by extensions ['ignore', 'ignore_ament_install']
[0.594s] Level 1:colcon.colcon_core.package_identification:_identify(build) by extension 'ignore'
[0.594s] Level 1:colcon.colcon_core.package_identification:_identify(build) ignored
[0.594s] Level 1:colcon.colcon_core.package_identification:_identify(install) by extensions ['ignore', 'ignore_ament_install']
[0.594s] Level 1:colcon.colcon_core.package_identification:_identify(install) by extension 'ignore'
[0.594s] Level 1:colcon.colcon_core.package_identification:_identify(install) ignored
[0.594s] Level 1:colcon.colcon_core.package_identification:_identify(log) by extensions ['ignore', 'ignore_ament_install']
[0.594s] Level 1:colcon.colcon_core.package_identification:_identify(log) by extension 'ignore'
[0.594s] Level 1:colcon.colcon_core.package_identification:_identify(log) ignored
[0.595s] Level 1:colcon.colcon_core.package_identification:_identify(src) by extensions ['ignore', 'ignore_ament_install']
[0.595s] Level 1:colcon.colcon_core.package_identification:_identify(src) by extension 'ignore'
[0.595s] Level 1:colcon.colcon_core.package_identification:_identify(src) by extension 'ignore_ament_install'
[0.595s] Level 1:colcon.colcon_core.package_identification:_identify(src) by extensions ['colcon_pkg']
[0.595s] Level 1:colcon.colcon_core.package_identification:_identify(src) by extension 'colcon_pkg'
[0.595s] Level 1:colcon.colcon_core.package_identification:_identify(src) by extensions ['colcon_meta']
[0.595s] Level 1:colcon.colcon_core.package_identification:_identify(src) by extension 'colcon_meta'
[0.595s] Level 1:colcon.colcon_core.package_identification:_identify(src) by extensions ['ros']
[0.595s] Level 1:colcon.colcon_core.package_identification:_identify(src) by extension 'ros'
[0.595s] Level 1:colcon.colcon_core.package_identification:_identify(src) by extensions ['cmake', 'python']
[0.595s] Level 1:colcon.colcon_core.package_identification:_identify(src) by extension 'cmake'
[0.595s] Level 1:colcon.colcon_core.package_identification:_identify(src) by extension 'python'
[0.595s] Level 1:colcon.colcon_core.package_identification:_identify(src) by extensions ['python_setup_py']
[0.595s] Level 1:colcon.colcon_core.package_identification:_identify(src) by extension 'python_setup_py'
[0.595s] Level 1:colcon.colcon_core.package_identification:_identify(src/build) by extensions ['ignore', 'ignore_ament_install']
[0.595s] Level 1:colcon.colcon_core.package_identification:_identify(src/build) by extension 'ignore'
[0.595s] Level 1:colcon.colcon_core.package_identification:_identify(src/build) ignored
[0.596s] Level 1:colcon.colcon_core.package_identification:_identify(src/install) by extensions ['ignore', 'ignore_ament_install']
[0.596s] Level 1:colcon.colcon_core.package_identification:_identify(src/install) by extension 'ignore'
[0.596s] Level 1:colcon.colcon_core.package_identification:_identify(src/install) ignored
[0.596s] Level 1:colcon.colcon_core.package_identification:_identify(src/log) by extensions ['ignore', 'ignore_ament_install']
[0.596s] Level 1:colcon.colcon_core.package_identification:_identify(src/log) by extension 'ignore'
[0.596s] Level 1:colcon.colcon_core.package_identification:_identify(src/log) ignored
[0.596s] Level 1:colcon.colcon_core.package_identification:_identify(src/robot_control) by extensions ['ignore', 'ignore_ament_install']
[0.596s] Level 1:colcon.colcon_core.package_identification:_identify(src/robot_control) by extension 'ignore'
[0.596s] Level 1:colcon.colcon_core.package_identification:_identify(src/robot_control) by extension 'ignore_ament_install'
[0.596s] Level 1:colcon.colcon_core.package_identification:_identify(src/robot_control) by extensions ['colcon_pkg']
[0.596s] Level 1:colcon.colcon_core.package_identification:_identify(src/robot_control) by extension 'colcon_pkg'
[0.597s] Level 1:colcon.colcon_core.package_identification:_identify(src/robot_control) by extensions ['colcon_meta']
[0.597s] Level 1:colcon.colcon_core.package_identification:_identify(src/robot_control) by extension 'colcon_meta'
[0.597s] Level 1:colcon.colcon_core.package_identification:_identify(src/robot_control) by extensions ['ros']
[0.597s] Level 1:colcon.colcon_core.package_identification:_identify(src/robot_control) by extension 'ros'
[0.604s] DEBUG:colcon.colcon_core.package_identification:Package 'src/robot_control' with type 'ros.ament_python' and name 'robot_control'
[0.604s] Level 1:colcon.colcon_core.package_identification:_identify(src/robot_description) by extensions ['ignore', 'ignore_ament_install']
[0.605s] Level 1:colcon.colcon_core.package_identification:_identify(src/robot_description) by extension 'ignore'
[0.605s] Level 1:colcon.colcon_core.package_identification:_identify(src/robot_description) by extension 'ignore_ament_install'
[0.605s] Level 1:colcon.colcon_core.package_identification:_identify(src/robot_description) by extensions ['colcon_pkg']
[0.605s] Level 1:colcon.colcon_core.package_identification:_identify(src/robot_description) by extension 'colcon_pkg'
[0.605s] Level 1:colcon.colcon_core.package_identification:_identify(src/robot_description) by extensions ['colcon_meta']
[0.605s] Level 1:colcon.colcon_core.package_identification:_identify(src/robot_description) by extension 'colcon_meta'
[0.605s] Level 1:colcon.colcon_core.package_identification:_identify(src/robot_description) by extensions ['ros']
[0.605s] Level 1:colcon.colcon_core.package_identification:_identify(src/robot_description) by extension 'ros'
[0.606s] DEBUG:colcon.colcon_core.package_identification:Package 'src/robot_description' with type 'ros.ament_cmake' and name 'robot_description'
[0.606s] Level 1:colcon.colcon_core.package_identification:_identify(src/simulations) by extensions ['ignore', 'ignore_ament_install']
[0.607s] Level 1:colcon.colcon_core.package_identification:_identify(src/simulations) by extension 'ignore'
[0.607s] Level 1:colcon.colcon_core.package_identification:_identify(src/simulations) by extension 'ignore_ament_install'
[0.607s] Level 1:colcon.colcon_core.package_identification:_identify(src/simulations) by extensions ['colcon_pkg']
[0.607s] Level 1:colcon.colcon_core.package_identification:_identify(src/simulations) by extension 'colcon_pkg'
[0.607s] Level 1:colcon.colcon_core.package_identification:_identify(src/simulations) by extensions ['colcon_meta']
[0.607s] Level 1:colcon.colcon_core.package_identification:_identify(src/simulations) by extension 'colcon_meta'
[0.607s] Level 1:colcon.colcon_core.package_identification:_identify(src/simulations) by extensions ['ros']
[0.607s] Level 1:colcon.colcon_core.package_identification:_identify(src/simulations) by extension 'ros'
[0.609s] DEBUG:colcon.colcon_core.package_identification:Package 'src/simulations' with type 'ros.ament_python' and name 'simulations'
[0.609s] Level 1:colcon.colcon_core.package_identification:_identify(src/worlds) by extensions ['ignore', 'ignore_ament_install']
[0.609s] Level 1:colcon.colcon_core.package_identification:_identify(src/worlds) by extension 'ignore'
[0.609s] Level 1:colcon.colcon_core.package_identification:_identify(src/worlds) by extension 'ignore_ament_install'
[0.609s] Level 1:colcon.colcon_core.package_identification:_identify(src/worlds) by extensions ['colcon_pkg']
[0.609s] Level 1:colcon.colcon_core.package_identification:_identify(src/worlds) by extension 'colcon_pkg'
[0.609s] Level 1:colcon.colcon_core.package_identification:_identify(src/worlds) by extensions ['colcon_meta']
[0.609s] Level 1:colcon.colcon_core.package_identification:_identify(src/worlds) by extension 'colcon_meta'
[0.609s] Level 1:colcon.colcon_core.package_identification:_identify(src/worlds) by extensions ['ros']
[0.609s] Level 1:colcon.colcon_core.package_identification:_identify(src/worlds) by extension 'ros'
[0.610s] DEBUG:colcon.colcon_core.package_identification:Package 'src/worlds' with type 'ros.ament_python' and name 'worlds'
[0.610s] Level 1:colcon.colcon_core.package_discovery:discover_packages(recursive) using defaults
[0.610s] Level 1:colcon.colcon_core.package_discovery:discover_packages(ignore) discover
[0.610s] Level 1:colcon.colcon_core.package_discovery:discover_packages(ignore) using defaults
[0.610s] Level 1:colcon.colcon_core.package_discovery:discover_packages(path) discover
[0.610s] Level 1:colcon.colcon_core.package_discovery:discover_packages(path) using defaults
[0.655s] Level 1:colcon.colcon_core.package_discovery:discover_packages(prefix_path) check parameters
[0.655s] Level 1:colcon.colcon_core.package_discovery:discover_packages(prefix_path) discover
[0.659s] DEBUG:colcon.colcon_installed_package_information.package_discovery:Found 4 installed packages in /home/naveenkumar/AMR/install
[0.660s] DEBUG:colcon.colcon_installed_package_information.package_discovery:Found 23 installed packages in /home/naveenkumar/thesis/install
[0.663s] DEBUG:colcon.colcon_installed_package_information.package_discovery:Found 418 installed packages in /opt/ros/humble
[0.670s] Level 1:colcon.colcon_core.package_discovery:discover_packages(prefix_path) using defaults
[0.782s] Level 5:colcon.colcon_core.verb:set package 'robot_control' build argument 'cmake_args' from command line to 'None'
[0.782s] Level 5:colcon.colcon_core.verb:set package 'robot_control' build argument 'cmake_target' from command line to 'None'
[0.782s] Level 5:colcon.colcon_core.verb:set package 'robot_control' build argument 'cmake_target_skip_unavailable' from command line to 'False'
[0.782s] Level 5:colcon.colcon_core.verb:set package 'robot_control' build argument 'cmake_clean_cache' from command line to 'False'
[0.782s] Level 5:colcon.colcon_core.verb:set package 'robot_control' build argument 'cmake_clean_first' from command line to 'False'
[0.782s] Level 5:colcon.colcon_core.verb:set package 'robot_control' build argument 'cmake_force_configure' from command line to 'False'
[0.782s] Level 5:colcon.colcon_core.verb:set package 'robot_control' build argument 'ament_cmake_args' from command line to 'None'
[0.782s] Level 5:colcon.colcon_core.verb:set package 'robot_control' build argument 'catkin_cmake_args' from command line to 'None'
[0.782s] Level 5:colcon.colcon_core.verb:set package 'robot_control' build argument 'catkin_skip_building_tests' from command line to 'False'
[0.782s] DEBUG:colcon.colcon_core.verb:Building package 'robot_control' with the following arguments: {'ament_cmake_args': None, 'build_base': '/home/naveenkumar/mobile_robot/build/robot_control', 'catkin_cmake_args': None, 'catkin_skip_building_tests': False, 'cmake_args': None, 'cmake_clean_cache': False, 'cmake_clean_first': False, 'cmake_force_configure': False, 'cmake_target': None, 'cmake_target_skip_unavailable': False, 'install_base': '/home/naveenkumar/mobile_robot/install/robot_control', 'merge_install': False, 'path': '/home/naveenkumar/mobile_robot/src/robot_control', 'symlink_install': False, 'test_result_base': None}
[0.783s] Level 5:colcon.colcon_core.verb:set package 'robot_description' build argument 'cmake_args' from command line to 'None'
[0.783s] Level 5:colcon.colcon_core.verb:set package 'robot_description' build argument 'cmake_target' from command line to 'None'
[0.783s] Level 5:colcon.colcon_core.verb:set package 'robot_description' build argument 'cmake_target_skip_unavailable' from command line to 'False'
[0.783s] Level 5:colcon.colcon_core.verb:set package 'robot_description' build argument 'cmake_clean_cache' from command line to 'False'
[0.783s] Level 5:colcon.colcon_core.verb:set package 'robot_description' build argument 'cmake_clean_first' from command line to 'False'
[0.783s] Level 5:colcon.colcon_core.verb:set package 'robot_description' build argument 'cmake_force_configure' from command line to 'False'
[0.783s] Level 5:colcon.colcon_core.verb:set package 'robot_description' build argument 'ament_cmake_args' from command line to 'None'
[0.783s] Level 5:colcon.colcon_core.verb:set package 'robot_description' build argument 'catkin_cmake_args' from command line to 'None'
[0.783s] Level 5:colcon.colcon_core.verb:set package 'robot_description' build argument 'catkin_skip_building_tests' from command line to 'False'
[0.784s] DEBUG:colcon.colcon_core.verb:Building package 'robot_description' with the following arguments: {'ament_cmake_args': None, 'build_base': '/home/naveenkumar/mobile_robot/build/robot_description', 'catkin_cmake_args': None, 'catkin_skip_building_tests': False, 'cmake_args': None, 'cmake_clean_cache': False, 'cmake_clean_first': False, 'cmake_force_configure': False, 'cmake_target': None, 'cmake_target_skip_unavailable': False, 'install_base': '/home/naveenkumar/mobile_robot/install/robot_description', 'merge_install': False, 'path': '/home/naveenkumar/mobile_robot/src/robot_description', 'symlink_install': False, 'test_result_base': None}
[0.784s] Level 5:colcon.colcon_core.verb:set package 'worlds' build argument 'cmake_args' from command line to 'None'
[0.784s] Level 5:colcon.colcon_core.verb:set package 'worlds' build argument 'cmake_target' from command line to 'None'
[0.784s] Level 5:colcon.colcon_core.verb:set package 'worlds' build argument 'cmake_target_skip_unavailable' from command line to 'False'
[0.784s] Level 5:colcon.colcon_core.verb:set package 'worlds' build argument 'cmake_clean_cache' from command line to 'False'
[0.784s] Level 5:colcon.colcon_core.verb:set package 'worlds' build argument 'cmake_clean_first' from command line to 'False'
[0.784s] Level 5:colcon.colcon_core.verb:set package 'worlds' build argument 'cmake_force_configure' from command line to 'False'
[0.785s] Level 5:colcon.colcon_core.verb:set package 'worlds' build argument 'ament_cmake_args' from command line to 'None'
[0.785s] Level 5:colcon.colcon_core.verb:set package 'worlds' build argument 'catkin_cmake_args' from command line to 'None'
[0.785s] Level 5:colcon.colcon_core.verb:set package 'worlds' build argument 'catkin_skip_building_tests' from command line to 'False'
[0.785s] DEBUG:colcon.colcon_core.verb:Building package 'worlds' with the following arguments: {'ament_cmake_args': None, 'build_base': '/home/naveenkumar/mobile_robot/build/worlds', 'catkin_cmake_args': None, 'catkin_skip_building_tests': False, 'cmake_args': None, 'cmake_clean_cache': False, 'cmake_clean_first': False, 'cmake_force_configure': False, 'cmake_target': None, 'cmake_target_skip_unavailable': False, 'install_base': '/home/naveenkumar/mobile_robot/install/worlds', 'merge_install': False, 'path': '/home/naveenkumar/mobile_robot/src/worlds', 'symlink_install': False, 'test_result_base': None}
[0.786s] Level 5:colcon.colcon_core.verb:set package 'simulations' build argument 'cmake_args' from command line to 'None'
[0.786s] Level 5:colcon.colcon_core.verb:set package 'simulations' build argument 'cmake_target' from command line to 'None'
[0.786s] Level 5:colcon.colcon_core.verb:set package 'simulations' build argument 'cmake_target_skip_unavailable' from command line to 'False'
[0.786s] Level 5:colcon.colcon_core.verb:set package 'simulations' build argument 'cmake_clean_cache' from command line to 'False'
[0.786s] Level 5:colcon.colcon_core.verb:set package 'simulations' build argument 'cmake_clean_first' from command line to 'False'
[0.786s] Level 5:colcon.colcon_core.verb:set package 'simulations' build argument 'cmake_force_configure' from command line to 'False'
[0.786s] Level 5:colcon.colcon_core.verb:set package 'simulations' build argument 'ament_cmake_args' from command line to 'None'
[0.786s] Level 5:colcon.colcon_core.verb:set package 'simulations' build argument 'catkin_cmake_args' from command line to 'None'
[0.786s] Level 5:colcon.colcon_core.verb:set package 'simulations' build argument 'catkin_skip_building_tests' from command line to 'False'
[0.786s] DEBUG:colcon.colcon_core.verb:Building package 'simulations' with the following arguments: {'ament_cmake_args': None, 'build_base': '/home/naveenkumar/mobile_robot/build/simulations', 'catkin_cmake_args': None, 'catkin_skip_building_tests': False, 'cmake_args': None, 'cmake_clean_cache': False, 'cmake_clean_first': False, 'cmake_force_configure': False, 'cmake_target': None, 'cmake_target_skip_unavailable': False, 'install_base': '/home/naveenkumar/mobile_robot/install/simulations', 'merge_install': False, 'path': '/home/naveenkumar/mobile_robot/src/simulations', 'symlink_install': False, 'test_result_base': None}
[0.787s] INFO:colcon.colcon_core.executor:Executing jobs using 'parallel' executor
[0.788s] DEBUG:colcon.colcon_parallel_executor.executor.parallel:run_until_complete
[0.788s] INFO:colcon.colcon_ros.task.ament_cmake.build:Building ROS package in '/home/naveenkumar/mobile_robot/src/robot_description' with build type 'ament_cmake'
[0.788s] INFO:colcon.colcon_cmake.task.cmake.build:Building CMake package in '/home/naveenkumar/mobile_robot/src/robot_description'
[0.792s] INFO:colcon.colcon_core.plugin_system:Skipping extension 'colcon_core.shell.bat': Not used on non-Windows systems
[0.792s] INFO:colcon.colcon_core.shell:Skip shell extension 'powershell' for command environment: Not usable outside of PowerShell
[0.792s] DEBUG:colcon.colcon_core.shell:Skip shell extension 'dsv' for command environment
[0.802s] INFO:colcon.colcon_ros.task.ament_python.build:Building ROS package in '/home/naveenkumar/mobile_robot/src/worlds' with build type 'ament_python'
[0.803s] Level 1:colcon.colcon_core.shell:create_environment_hook('worlds', 'ament_prefix_path')
[0.803s] INFO:colcon.colcon_core.shell:Creating environment hook '/home/naveenkumar/mobile_robot/install/worlds/share/worlds/hook/ament_prefix_path.ps1'
[0.805s] INFO:colcon.colcon_core.shell:Creating environment descriptor '/home/naveenkumar/mobile_robot/install/worlds/share/worlds/hook/ament_prefix_path.dsv'
[0.806s] INFO:colcon.colcon_core.shell:Creating environment hook '/home/naveenkumar/mobile_robot/install/worlds/share/worlds/hook/ament_prefix_path.sh'
[0.807s] INFO:colcon.colcon_core.shell:Skip shell extension 'powershell' for command environment: Not usable outside of PowerShell
[0.807s] DEBUG:colcon.colcon_core.shell:Skip shell extension 'dsv' for command environment
[0.813s] INFO:colcon.colcon_ros.task.ament_python.build:Building ROS package in '/home/naveenkumar/mobile_robot/src/robot_control' with build type 'ament_python'
[0.813s] Level 1:colcon.colcon_core.shell:create_environment_hook('robot_control', 'ament_prefix_path')
[0.814s] INFO:colcon.colcon_core.shell:Creating environment hook '/home/naveenkumar/mobile_robot/install/robot_control/share/robot_control/hook/ament_prefix_path.ps1'
[0.815s] INFO:colcon.colcon_core.shell:Creating environment descriptor '/home/naveenkumar/mobile_robot/install/robot_control/share/robot_control/hook/ament_prefix_path.dsv'
[0.816s] INFO:colcon.colcon_core.shell:Creating environment hook '/home/naveenkumar/mobile_robot/install/robot_control/share/robot_control/hook/ament_prefix_path.sh'
[0.817s] INFO:colcon.colcon_core.shell:Skip shell extension 'powershell' for command environment: Not usable outside of PowerShell
[0.818s] DEBUG:colcon.colcon_core.shell:Skip shell extension 'dsv' for command environment
[0.839s] DEBUG:colcon.colcon_core.event_handler.log_command:Invoking command in '/home/naveenkumar/mobile_robot/build/robot_description': CMAKE_PREFIX_PATH=${CMAKE_PREFIX_PATH}:/home/naveenkumar/AMR/install/telenex_robot_description:/home/naveenkumar/AMR/install/naveen_pkg:/home/naveenkumar/AMR/install/my_package:/home/naveenkumar/thesis/install/turtlebot3_teleop:/home/naveenkumar/thesis/install/turtlebot3_example:/opt/ros/humble /usr/bin/cmake --build /home/naveenkumar/mobile_robot/build/robot_description -- -j8 -l8
[1.497s] INFO:colcon.colcon_core.task.python.build:Building Python package in '/home/naveenkumar/mobile_robot/src/worlds'
[1.498s] INFO:colcon.colcon_core.shell:Skip shell extension 'powershell' for command environment: Not usable outside of PowerShell
[1.498s] DEBUG:colcon.colcon_core.shell:Skip shell extension 'dsv' for command environment
[2.179s] INFO:colcon.colcon_core.task.python.build:Building Python package in '/home/naveenkumar/mobile_robot/src/robot_control'
[2.180s] INFO:colcon.colcon_core.shell:Skip shell extension 'powershell' for command environment: Not usable outside of PowerShell
[2.180s] DEBUG:colcon.colcon_core.shell:Skip shell extension 'dsv' for command environment
[2.195s] DEBUG:colcon.colcon_core.event_handler.log_command:Invoked command in '/home/naveenkumar/mobile_robot/build/robot_description' returned '0': CMAKE_PREFIX_PATH=${CMAKE_PREFIX_PATH}:/home/naveenkumar/AMR/install/telenex_robot_description:/home/naveenkumar/AMR/install/naveen_pkg:/home/naveenkumar/AMR/install/my_package:/home/naveenkumar/thesis/install/turtlebot3_teleop:/home/naveenkumar/thesis/install/turtlebot3_example:/opt/ros/humble /usr/bin/cmake --build /home/naveenkumar/mobile_robot/build/robot_description -- -j8 -l8
[2.279s] DEBUG:colcon.colcon_core.event_handler.log_command:Invoking command in '/home/naveenkumar/mobile_robot/build/robot_description': CMAKE_PREFIX_PATH=${CMAKE_PREFIX_PATH}:/home/naveenkumar/AMR/install/telenex_robot_description:/home/naveenkumar/AMR/install/naveen_pkg:/home/naveenkumar/AMR/install/my_package:/home/naveenkumar/thesis/install/turtlebot3_teleop:/home/naveenkumar/thesis/install/turtlebot3_example:/opt/ros/humble /usr/bin/cmake --install /home/naveenkumar/mobile_robot/build/robot_description
[2.324s] Level 1:colcon.colcon_core.environment:create_environment_scripts_only(robot_description)
[2.325s] DEBUG:colcon.colcon_core.event_handler.log_command:Invoked command in '/home/naveenkumar/mobile_robot/build/robot_description' returned '0': CMAKE_PREFIX_PATH=${CMAKE_PREFIX_PATH}:/home/naveenkumar/AMR/install/telenex_robot_description:/home/naveenkumar/AMR/install/naveen_pkg:/home/naveenkumar/AMR/install/my_package:/home/naveenkumar/thesis/install/turtlebot3_teleop:/home/naveenkumar/thesis/install/turtlebot3_example:/opt/ros/humble /usr/bin/cmake --install /home/naveenkumar/mobile_robot/build/robot_description
[2.329s] Level 1:colcon.colcon_core.environment:checking '/home/naveenkumar/mobile_robot/install/robot_description' for CMake module files
[2.331s] Level 1:colcon.colcon_core.environment:checking '/home/naveenkumar/mobile_robot/install/robot_description' for CMake config files
[2.332s] Level 1:colcon.colcon_core.shell:create_environment_hook('robot_description', 'cmake_prefix_path')
[2.333s] INFO:colcon.colcon_core.shell:Creating environment hook '/home/naveenkumar/mobile_robot/install/robot_description/share/robot_description/hook/cmake_prefix_path.ps1'
[2.334s] INFO:colcon.colcon_core.shell:Creating environment descriptor '/home/naveenkumar/mobile_robot/install/robot_description/share/robot_description/hook/cmake_prefix_path.dsv'
[2.335s] INFO:colcon.colcon_core.shell:Creating environment hook '/home/naveenkumar/mobile_robot/install/robot_description/share/robot_description/hook/cmake_prefix_path.sh'
[2.337s] Level 1:colcon.colcon_core.environment:checking '/home/naveenkumar/mobile_robot/install/robot_description/bin'
[2.337s] Level 1:colcon.colcon_core.environment:checking '/home/naveenkumar/mobile_robot/install/robot_description/lib/pkgconfig/robot_description.pc'
[2.338s] Level 1:colcon.colcon_core.environment:checking '/home/naveenkumar/mobile_robot/install/robot_description/lib/python3.10/site-packages'
[2.338s] Level 1:colcon.colcon_core.environment:checking '/home/naveenkumar/mobile_robot/install/robot_description/bin'
[2.339s] INFO:colcon.colcon_core.shell:Creating package script '/home/naveenkumar/mobile_robot/install/robot_description/share/robot_description/package.ps1'
[2.340s] INFO:colcon.colcon_core.shell:Creating package descriptor '/home/naveenkumar/mobile_robot/install/robot_description/share/robot_description/package.dsv'
[2.341s] INFO:colcon.colcon_core.shell:Creating package script '/home/naveenkumar/mobile_robot/install/robot_description/share/robot_description/package.sh'
[2.343s] INFO:colcon.colcon_core.shell:Creating package script '/home/naveenkumar/mobile_robot/install/robot_description/share/robot_description/package.bash'
[2.344s] INFO:colcon.colcon_core.shell:Creating package script '/home/naveenkumar/mobile_robot/install/robot_description/share/robot_description/package.zsh'
[2.346s] Level 1:colcon.colcon_core.environment:create_file_with_runtime_dependencies(/home/naveenkumar/mobile_robot/install/robot_description/share/colcon-core/packages/robot_description)
[2.406s] Level 1:colcon.colcon_core.environment:create_environment_scripts_only(robot_description)
[2.406s] Level 1:colcon.colcon_core.environment:checking '/home/naveenkumar/mobile_robot/install/robot_description' for CMake module files
[2.407s] Level 1:colcon.colcon_core.environment:checking '/home/naveenkumar/mobile_robot/install/robot_description' for CMake config files
[2.408s] Level 1:colcon.colcon_core.shell:create_environment_hook('robot_description', 'cmake_prefix_path')
[2.408s] INFO:colcon.colcon_core.shell:Creating environment hook '/home/naveenkumar/mobile_robot/install/robot_description/share/robot_description/hook/cmake_prefix_path.ps1'
[2.409s] INFO:colcon.colcon_core.shell:Creating environment descriptor '/home/naveenkumar/mobile_robot/install/robot_description/share/robot_description/hook/cmake_prefix_path.dsv'
[2.410s] INFO:colcon.colcon_core.shell:Creating environment hook '/home/naveenkumar/mobile_robot/install/robot_description/share/robot_description/hook/cmake_prefix_path.sh'
[2.411s] Level 1:colcon.colcon_core.environment:checking '/home/naveenkumar/mobile_robot/install/robot_description/bin'
[2.411s] Level 1:colcon.colcon_core.environment:checking '/home/naveenkumar/mobile_robot/install/robot_description/lib/pkgconfig/robot_description.pc'
[2.411s] Level 1:colcon.colcon_core.environment:checking '/home/naveenkumar/mobile_robot/install/robot_description/lib/python3.10/site-packages'
[2.412s] Level 1:colcon.colcon_core.environment:checking '/home/naveenkumar/mobile_robot/install/robot_description/bin'
[2.413s] INFO:colcon.colcon_core.shell:Creating package script '/home/naveenkumar/mobile_robot/install/robot_description/share/robot_description/package.ps1'
[2.414s] INFO:colcon.colcon_core.shell:Creating package descriptor '/home/naveenkumar/mobile_robot/install/robot_description/share/robot_description/package.dsv'
[2.416s] INFO:colcon.colcon_core.shell:Creating package script '/home/naveenkumar/mobile_robot/install/robot_description/share/robot_description/package.sh'
[2.417s] INFO:colcon.colcon_core.shell:Creating package script '/home/naveenkumar/mobile_robot/install/robot_description/share/robot_description/package.bash'
[2.419s] INFO:colcon.colcon_core.shell:Creating package script '/home/naveenkumar/mobile_robot/install/robot_description/share/robot_description/package.zsh'
[2.420s] Level 1:colcon.colcon_core.environment:create_file_with_runtime_dependencies(/home/naveenkumar/mobile_robot/install/robot_description/share/colcon-core/packages/robot_description)
[3.275s] DEBUG:colcon.colcon_core.event_handler.log_command:Invoking command in '/home/naveenkumar/mobile_robot/src/worlds': PYTHONPATH=/home/naveenkumar/mobile_robot/build/worlds/prefix_override:/usr/lib/python3/dist-packages/colcon_core/task/python/colcon_distutils_commands:/home/naveenkumar/mobile_robot/install/worlds/lib/python3.10/site-packages:${PYTHONPATH} /usr/bin/python3 -W ignore:setup.py install is deprecated setup.py egg_info --egg-base ../../build/worlds build --build-base /home/naveenkumar/mobile_robot/build/worlds/build install --record /home/naveenkumar/mobile_robot/build/worlds/install.log --single-version-externally-managed install_data
[3.282s] DEBUG:colcon.colcon_core.event_handler.log_command:Invoking command in '/home/naveenkumar/mobile_robot/src/robot_control': PYTHONPATH=/home/naveenkumar/mobile_robot/build/robot_control/prefix_override:/usr/lib/python3/dist-packages/colcon_core/task/python/colcon_distutils_commands:/home/naveenkumar/mobile_robot/install/robot_control/lib/python3.10/site-packages:${PYTHONPATH} /usr/bin/python3 -W ignore:setup.py install is deprecated setup.py egg_info --egg-base ../../build/robot_control build --build-base /home/naveenkumar/mobile_robot/build/robot_control/build install --record /home/naveenkumar/mobile_robot/build/robot_control/install.log --single-version-externally-managed install_data
[4.116s] Level 1:colcon.colcon_core.environment:checking '/home/naveenkumar/mobile_robot/install/worlds' for CMake module files
[4.119s] DEBUG:colcon.colcon_core.event_handler.log_command:Invoked command in '/home/naveenkumar/mobile_robot/src/worlds' returned '0': PYTHONPATH=/home/naveenkumar/mobile_robot/build/worlds/prefix_override:/usr/lib/python3/dist-packages/colcon_core/task/python/colcon_distutils_commands:/home/naveenkumar/mobile_robot/install/worlds/lib/python3.10/site-packages:${PYTHONPATH} /usr/bin/python3 -W ignore:setup.py install is deprecated setup.py egg_info --egg-base ../../build/worlds build --build-base /home/naveenkumar/mobile_robot/build/worlds/build install --record /home/naveenkumar/mobile_robot/build/worlds/install.log --single-version-externally-managed install_data
[4.120s] Level 1:colcon.colcon_core.environment:checking '/home/naveenkumar/mobile_robot/install/worlds' for CMake config files
[4.121s] Level 1:colcon.colcon_core.environment:checking '/home/naveenkumar/mobile_robot/install/worlds/lib'
[4.122s] Level 1:colcon.colcon_core.environment:checking '/home/naveenkumar/mobile_robot/install/worlds/bin'
[4.122s] Level 1:colcon.colcon_core.environment:checking '/home/naveenkumar/mobile_robot/install/worlds/lib/pkgconfig/worlds.pc'
[4.123s] Level 1:colcon.colcon_core.environment:checking '/home/naveenkumar/mobile_robot/install/worlds/lib/python3.10/site-packages'
[4.123s] Level 1:colcon.colcon_core.shell:create_environment_hook('worlds', 'pythonpath')
[4.124s] INFO:colcon.colcon_core.shell:Creating environment hook '/home/naveenkumar/mobile_robot/install/worlds/share/worlds/hook/pythonpath.ps1'
[4.125s] INFO:colcon.colcon_core.shell:Creating environment descriptor '/home/naveenkumar/mobile_robot/install/worlds/share/worlds/hook/pythonpath.dsv'
[4.126s] INFO:colcon.colcon_core.shell:Creating environment hook '/home/naveenkumar/mobile_robot/install/worlds/share/worlds/hook/pythonpath.sh'
[4.128s] Level 1:colcon.colcon_core.environment:checking '/home/naveenkumar/mobile_robot/install/worlds/bin'
[4.129s] Level 1:colcon.colcon_core.environment:create_environment_scripts_only(worlds)
[4.130s] INFO:colcon.colcon_core.shell:Creating package script '/home/naveenkumar/mobile_robot/install/worlds/share/worlds/package.ps1'
[4.132s] INFO:colcon.colcon_core.shell:Creating package descriptor '/home/naveenkumar/mobile_robot/install/worlds/share/worlds/package.dsv'
[4.134s] INFO:colcon.colcon_core.shell:Creating package script '/home/naveenkumar/mobile_robot/install/worlds/share/worlds/package.sh'
[4.136s] INFO:colcon.colcon_core.shell:Creating package script '/home/naveenkumar/mobile_robot/install/worlds/share/worlds/package.bash'
[4.138s] INFO:colcon.colcon_core.shell:Creating package script '/home/naveenkumar/mobile_robot/install/worlds/share/worlds/package.zsh'
[4.139s] Level 1:colcon.colcon_core.environment:create_file_with_runtime_dependencies(/home/naveenkumar/mobile_robot/install/worlds/share/colcon-core/packages/worlds)
[4.140s] INFO:colcon.colcon_ros.task.ament_python.build:Building ROS package in '/home/naveenkumar/mobile_robot/src/simulations' with build type 'ament_python'
[4.140s] Level 1:colcon.colcon_core.shell:create_environment_hook('simulations', 'ament_prefix_path')
[4.141s] INFO:colcon.colcon_core.shell:Creating environment hook '/home/naveenkumar/mobile_robot/install/simulations/share/simulations/hook/ament_prefix_path.ps1'
[4.143s] INFO:colcon.colcon_core.shell:Creating environment descriptor '/home/naveenkumar/mobile_robot/install/simulations/share/simulations/hook/ament_prefix_path.dsv'
[4.144s] INFO:colcon.colcon_core.shell:Creating environment hook '/home/naveenkumar/mobile_robot/install/simulations/share/simulations/hook/ament_prefix_path.sh'
[4.145s] INFO:colcon.colcon_core.shell:Skip shell extension 'powershell' for command environment: Not usable outside of PowerShell
[4.146s] DEBUG:colcon.colcon_core.shell:Skip shell extension 'dsv' for command environment
[4.842s] INFO:colcon.colcon_core.task.python.build:Building Python package in '/home/naveenkumar/mobile_robot/src/simulations'
[4.843s] INFO:colcon.colcon_core.shell:Skip shell extension 'powershell' for command environment: Not usable outside of PowerShell
[4.843s] DEBUG:colcon.colcon_core.shell:Skip shell extension 'dsv' for command environment
[4.856s] Level 1:colcon.colcon_core.environment:checking '/home/naveenkumar/mobile_robot/install/robot_control' for CMake module files
[4.857s] DEBUG:colcon.colcon_core.event_handler.log_command:Invoked command in '/home/naveenkumar/mobile_robot/src/robot_control' returned '0': PYTHONPATH=/home/naveenkumar/mobile_robot/build/robot_control/prefix_override:/usr/lib/python3/dist-packages/colcon_core/task/python/colcon_distutils_commands:/home/naveenkumar/mobile_robot/install/robot_control/lib/python3.10/site-packages:${PYTHONPATH} /usr/bin/python3 -W ignore:setup.py install is deprecated setup.py egg_info --egg-base ../../build/robot_control build --build-base /home/naveenkumar/mobile_robot/build/robot_control/build install --record /home/naveenkumar/mobile_robot/build/robot_control/install.log --single-version-externally-managed install_data
[4.858s] Level 1:colcon.colcon_core.environment:checking '/home/naveenkumar/mobile_robot/install/robot_control' for CMake config files
[4.858s] Level 1:colcon.colcon_core.environment:checking '/home/naveenkumar/mobile_robot/install/robot_control/lib'
[4.858s] Level 1:colcon.colcon_core.environment:checking '/home/naveenkumar/mobile_robot/install/robot_control/bin'
[4.858s] Level 1:colcon.colcon_core.environment:checking '/home/naveenkumar/mobile_robot/install/robot_control/lib/pkgconfig/robot_control.pc'
[4.859s] Level 1:colcon.colcon_core.environment:checking '/home/naveenkumar/mobile_robot/install/robot_control/lib/python3.10/site-packages'
[4.859s] Level 1:colcon.colcon_core.shell:create_environment_hook('robot_control', 'pythonpath')
[4.859s] INFO:colcon.colcon_core.shell:Creating environment hook '/home/naveenkumar/mobile_robot/install/robot_control/share/robot_control/hook/pythonpath.ps1'
[4.860s] INFO:colcon.colcon_core.shell:Creating environment descriptor '/home/naveenkumar/mobile_robot/install/robot_control/share/robot_control/hook/pythonpath.dsv'
[4.861s] INFO:colcon.colcon_core.shell:Creating environment hook '/home/naveenkumar/mobile_robot/install/robot_control/share/robot_control/hook/pythonpath.sh'
[4.862s] Level 1:colcon.colcon_core.environment:checking '/home/naveenkumar/mobile_robot/install/robot_control/bin'
[4.862s] Level 1:colcon.colcon_core.environment:create_environment_scripts_only(robot_control)
[4.863s] INFO:colcon.colcon_core.shell:Creating package script '/home/naveenkumar/mobile_robot/install/robot_control/share/robot_control/package.ps1'
[4.865s] INFO:colcon.colcon_core.shell:Creating package descriptor '/home/naveenkumar/mobile_robot/install/robot_control/share/robot_control/package.dsv'
[4.868s] INFO:colcon.colcon_core.shell:Creating package script '/home/naveenkumar/mobile_robot/install/robot_control/share/robot_control/package.sh'
[4.869s] INFO:colcon.colcon_core.shell:Creating package script '/home/naveenkumar/mobile_robot/install/robot_control/share/robot_control/package.bash'
[4.870s] INFO:colcon.colcon_core.shell:Creating package script '/home/naveenkumar/mobile_robot/install/robot_control/share/robot_control/package.zsh'
[4.871s] Level 1:colcon.colcon_core.environment:create_file_with_runtime_dependencies(/home/naveenkumar/mobile_robot/install/robot_control/share/colcon-core/packages/robot_control)
[5.810s] DEBUG:colcon.colcon_core.event_handler.log_command:Invoking command in '/home/naveenkumar/mobile_robot/src/simulations': AMENT_PREFIX_PATH=/home/naveenkumar/mobile_robot/install/worlds:/home/naveenkumar/mobile_robot/install/robot_description:${AMENT_PREFIX_PATH} CMAKE_PREFIX_PATH=/home/naveenkumar/mobile_robot/install/robot_description:${CMAKE_PREFIX_PATH} PYTHONPATH=/home/naveenkumar/mobile_robot/build/simulations/prefix_override:/usr/lib/python3/dist-packages/colcon_core/task/python/colcon_distutils_commands:/home/naveenkumar/mobile_robot/install/simulations/lib/python3.10/site-packages:/home/naveenkumar/mobile_robot/install/worlds/lib/python3.10/site-packages:${PYTHONPATH} /usr/bin/python3 -W ignore:setup.py install is deprecated setup.py egg_info --egg-base ../../build/simulations build --build-base /home/naveenkumar/mobile_robot/build/simulations/build install --record /home/naveenkumar/mobile_robot/build/simulations/install.log --single-version-externally-managed install_data
[6.652s] Level 1:colcon.colcon_core.environment:checking '/home/naveenkumar/mobile_robot/install/simulations' for CMake module files
[6.654s] DEBUG:colcon.colcon_core.event_handler.log_command:Invoked command in '/home/naveenkumar/mobile_robot/src/simulations' returned '0': AMENT_PREFIX_PATH=/home/naveenkumar/mobile_robot/install/worlds:/home/naveenkumar/mobile_robot/install/robot_description:${AMENT_PREFIX_PATH} CMAKE_PREFIX_PATH=/home/naveenkumar/mobile_robot/install/robot_description:${CMAKE_PREFIX_PATH} PYTHONPATH=/home/naveenkumar/mobile_robot/build/simulations/prefix_override:/usr/lib/python3/dist-packages/colcon_core/task/python/colcon_distutils_commands:/home/naveenkumar/mobile_robot/install/simulations/lib/python3.10/site-packages:/home/naveenkumar/mobile_robot/install/worlds/lib/python3.10/site-packages:${PYTHONPATH} /usr/bin/python3 -W ignore:setup.py install is deprecated setup.py egg_info --egg-base ../../build/simulations build --build-base /home/naveenkumar/mobile_robot/build/simulations/build install --record /home/naveenkumar/mobile_robot/build/simulations/install.log --single-version-externally-managed install_data
[6.655s] Level 1:colcon.colcon_core.environment:checking '/home/naveenkumar/mobile_robot/install/simulations' for CMake config files
[6.657s] Level 1:colcon.colcon_core.environment:checking '/home/naveenkumar/mobile_robot/install/simulations/lib'
[6.657s] Level 1:colcon.colcon_core.environment:checking '/home/naveenkumar/mobile_robot/install/simulations/bin'
[6.657s] Level 1:colcon.colcon_core.environment:checking '/home/naveenkumar/mobile_robot/install/simulations/lib/pkgconfig/simulations.pc'
[6.658s] Level 1:colcon.colcon_core.environment:checking '/home/naveenkumar/mobile_robot/install/simulations/lib/python3.10/site-packages'
[6.658s] Level 1:colcon.colcon_core.shell:create_environment_hook('simulations', 'pythonpath')
[6.659s] INFO:colcon.colcon_core.shell:Creating environment hook '/home/naveenkumar/mobile_robot/install/simulations/share/simulations/hook/pythonpath.ps1'
[6.659s] INFO:colcon.colcon_core.shell:Creating environment descriptor '/home/naveenkumar/mobile_robot/install/simulations/share/simulations/hook/pythonpath.dsv'
[6.660s] INFO:colcon.colcon_core.shell:Creating environment hook '/home/naveenkumar/mobile_robot/install/simulations/share/simulations/hook/pythonpath.sh'
[6.662s] Level 1:colcon.colcon_core.environment:checking '/home/naveenkumar/mobile_robot/install/simulations/bin'
[6.662s] Level 1:colcon.colcon_core.environment:create_environment_scripts_only(simulations)
[6.663s] INFO:colcon.colcon_core.shell:Creating package script '/home/naveenkumar/mobile_robot/install/simulations/share/simulations/package.ps1'
[6.666s] INFO:colcon.colcon_core.shell:Creating package descriptor '/home/naveenkumar/mobile_robot/install/simulations/share/simulations/package.dsv'
[6.668s] INFO:colcon.colcon_core.shell:Creating package script '/home/naveenkumar/mobile_robot/install/simulations/share/simulations/package.sh'
[6.670s] INFO:colcon.colcon_core.shell:Creating package script '/home/naveenkumar/mobile_robot/install/simulations/share/simulations/package.bash'
[6.671s] INFO:colcon.colcon_core.shell:Creating package script '/home/naveenkumar/mobile_robot/install/simulations/share/simulations/package.zsh'
[6.673s] Level 1:colcon.colcon_core.environment:create_file_with_runtime_dependencies(/home/naveenkumar/mobile_robot/install/simulations/share/colcon-core/packages/simulations)
[6.673s] DEBUG:colcon.colcon_parallel_executor.executor.parallel:closing loop
[6.674s] DEBUG:colcon.colcon_parallel_executor.executor.parallel:loop closed
[6.674s] DEBUG:colcon.colcon_parallel_executor.executor.parallel:run_until_complete finished with '0'
[6.674s] DEBUG:colcon.colcon_core.event_reactor:joining thread
[6.691s] INFO:colcon.colcon_core.plugin_system:Skipping extension 'colcon_notification.desktop_notification.terminal_notifier': Not used on non-Darwin systems
[6.691s] INFO:colcon.colcon_core.plugin_system:Skipping extension 'colcon_notification.desktop_notification.win32': Not used on non-Windows systems
[6.691s] INFO:colcon.colcon_notification.desktop_notification:Sending desktop notification using 'notify2'
[6.716s] DEBUG:colcon.colcon_core.event_reactor:joined thread
[6.718s] INFO:colcon.colcon_core.shell:Creating prefix script '/home/naveenkumar/mobile_robot/install/local_setup.ps1'
[6.721s] INFO:colcon.colcon_core.shell:Creating prefix util module '/home/naveenkumar/mobile_robot/install/_local_setup_util_ps1.py'
[6.726s] INFO:colcon.colcon_core.shell:Creating prefix chain script '/home/naveenkumar/mobile_robot/install/setup.ps1'
[6.734s] INFO:colcon.colcon_core.shell:Creating prefix script '/home/naveenkumar/mobile_robot/install/local_setup.sh'
[6.735s] INFO:colcon.colcon_core.shell:Creating prefix util module '/home/naveenkumar/mobile_robot/install/_local_setup_util_sh.py'
[6.736s] INFO:colcon.colcon_core.shell:Creating prefix chain script '/home/naveenkumar/mobile_robot/install/setup.sh'
[6.741s] INFO:colcon.colcon_core.shell:Creating prefix script '/home/naveenkumar/mobile_robot/install/local_setup.bash'
[6.742s] INFO:colcon.colcon_core.shell:Creating prefix chain script '/home/naveenkumar/mobile_robot/install/setup.bash'
[6.748s] INFO:colcon.colcon_core.shell:Creating prefix script '/home/naveenkumar/mobile_robot/install/local_setup.zsh'
[6.749s] INFO:colcon.colcon_core.shell:Creating prefix chain script '/home/naveenkumar/mobile_robot/install/setup.zsh'
