-- Found ament_cmake: 1.3.10 (/opt/ros/humble/share/ament_cmake/cmake)
-- Override CMake install command with custom implementation using symlinks instead of copying resources
-- Found ament_lint_auto: 0.12.11 (/opt/ros/humble/share/ament_lint_auto/cmake)
-- Added test 'copyright' to check source files copyright and LICENSE
-- Added test 'lint_cmake' to check CMake code style
-- Added test 'xmllint' to check XML markup files
-- Configuring done
-- Generating done
-- Build files have been written to: /home/naveenkumar/mobile_robot/build/robot_description
-- Install configuration: ""
-- Execute custom install script
-- Symlinking: /home/naveenkumar/mobile_robot/install/robot_description/share/robot_description/urdf/camera.xacro
-- Symlinking: /home/naveenkumar/mobile_robot/install/robot_description/share/robot_description/urdf/gazebo_control.xacro
-- Symlinking: /home/naveenkumar/mobile_robot/install/robot_description/share/robot_description/urdf/inertial_macros.xacro
-- Symlinking: /home/naveenkumar/mobile_robot/install/robot_description/share/robot_description/urdf/lidar.xacro
-- Symlinking: /home/naveenkumar/mobile_robot/install/robot_description/share/robot_description/urdf/robot_base.urdf
-- Symlinking: /home/naveenkumar/mobile_robot/install/robot_description/share/ament_index/resource_index/package_run_dependencies/robot_description
-- Symlinking: /home/naveenkumar/mobile_robot/install/robot_description/share/ament_index/resource_index/parent_prefix_path/robot_description
-- Symlinking: /home/naveenkumar/mobile_robot/install/robot_description/share/robot_description/environment/ament_prefix_path.sh
-- Symlinking: /home/naveenkumar/mobile_robot/install/robot_description/share/robot_description/environment/ament_prefix_path.dsv
-- Symlinking: /home/naveenkumar/mobile_robot/install/robot_description/share/robot_description/environment/path.sh
-- Symlinking: /home/naveenkumar/mobile_robot/install/robot_description/share/robot_description/environment/path.dsv
-- Symlinking: /home/naveenkumar/mobile_robot/install/robot_description/share/robot_description/local_setup.bash
-- Symlinking: /home/naveenkumar/mobile_robot/install/robot_description/share/robot_description/local_setup.sh
-- Symlinking: /home/naveenkumar/mobile_robot/install/robot_description/share/robot_description/local_setup.zsh
-- Symlinking: /home/naveenkumar/mobile_robot/install/robot_description/share/robot_description/local_setup.dsv
-- Symlinking: /home/naveenkumar/mobile_robot/install/robot_description/share/robot_description/package.dsv
-- Symlinking: /home/naveenkumar/mobile_robot/install/robot_description/share/ament_index/resource_index/packages/robot_description
-- Symlinking: /home/naveenkumar/mobile_robot/install/robot_description/share/robot_description/cmake/robot_descriptionConfig.cmake
-- Symlinking: /home/naveenkumar/mobile_robot/install/robot_description/share/robot_description/cmake/robot_descriptionConfig-version.cmake
-- Symlinking: /home/naveenkumar/mobile_robot/install/robot_description/share/robot_description/package.xml
