[0.024s] Invoking command in '/home/naveenkumar/mobile_robot/build/robot_description': CMAKE_PREFIX_PATH=${CMAKE_PREFIX_PATH}:/home/naveenkumar/mobile_robot/install/simulations:/home/naveenkumar/mobile_robot/install/worlds:/home/naveenkumar/AMR/install/telenex_robot_description:/home/naveenkumar/AMR/install/naveen_pkg:/home/naveenkumar/AMR/install/my_package:/home/naveenkumar/thesis/install/turtlebot3_teleop:/home/naveenkumar/thesis/install/turtlebot3_example:/opt/ros/humble /usr/bin/cmake --build /home/naveenkumar/mobile_robot/build/robot_description -- -j8 -l8
[0.377s] Invoked command in '/home/naveenkumar/mobile_robot/build/robot_description' returned '0': CMAKE_PREFIX_PATH=${CMAKE_PREFIX_PATH}:/home/naveenkumar/mobile_robot/install/simulations:/home/naveenkumar/mobile_robot/install/worlds:/home/naveenkumar/AMR/install/telenex_robot_description:/home/naveenkumar/AMR/install/naveen_pkg:/home/naveenkumar/AMR/install/my_package:/home/naveenkumar/thesis/install/turtlebot3_teleop:/home/naveenkumar/thesis/install/turtlebot3_example:/opt/ros/humble /usr/bin/cmake --build /home/naveenkumar/mobile_robot/build/robot_description -- -j8 -l8
[0.412s] Invoking command in '/home/naveenkumar/mobile_robot/build/robot_description': CMAKE_PREFIX_PATH=${CMAKE_PREFIX_PATH}:/home/naveenkumar/mobile_robot/install/simulations:/home/naveenkumar/mobile_robot/install/worlds:/home/naveenkumar/AMR/install/telenex_robot_description:/home/naveenkumar/AMR/install/naveen_pkg:/home/naveenkumar/AMR/install/my_package:/home/naveenkumar/thesis/install/turtlebot3_teleop:/home/naveenkumar/thesis/install/turtlebot3_example:/opt/ros/humble /usr/bin/cmake --install /home/naveenkumar/mobile_robot/build/robot_description
[0.420s] -- Install configuration: ""
[0.420s] -- Up-to-date: /home/naveenkumar/mobile_robot/install/robot_description/share/robot_description/urdf
[0.421s] -- Up-to-date: /home/naveenkumar/mobile_robot/install/robot_description/share/robot_description/urdf/robot_base.urdf
[0.421s] -- Up-to-date: /home/naveenkumar/mobile_robot/install/robot_description/share/robot_description/urdf/inertial_macros.xacro
[0.421s] -- Up-to-date: /home/naveenkumar/mobile_robot/install/robot_description/share/robot_description/urdf/gazebo_control.xacro
[0.421s] -- Up-to-date: /home/naveenkumar/mobile_robot/install/robot_description/share/robot_description/urdf/lidar.xacro
[0.421s] -- Installing: /home/naveenkumar/mobile_robot/install/robot_description/share/robot_description/urdf/camera.xacro
[0.421s] -- Up-to-date: /home/naveenkumar/mobile_robot/install/robot_description/share/ament_index/resource_index/package_run_dependencies/robot_description
[0.422s] -- Up-to-date: /home/naveenkumar/mobile_robot/install/robot_description/share/ament_index/resource_index/parent_prefix_path/robot_description
[0.422s] -- Up-to-date: /home/naveenkumar/mobile_robot/install/robot_description/share/robot_description/environment/ament_prefix_path.sh
[0.422s] -- Up-to-date: /home/naveenkumar/mobile_robot/install/robot_description/share/robot_description/environment/ament_prefix_path.dsv
[0.422s] -- Up-to-date: /home/naveenkumar/mobile_robot/install/robot_description/share/robot_description/environment/path.sh
[0.422s] -- Up-to-date: /home/naveenkumar/mobile_robot/install/robot_description/share/robot_description/environment/path.dsv
[0.422s] -- Up-to-date: /home/naveenkumar/mobile_robot/install/robot_description/share/robot_description/local_setup.bash
[0.422s] -- Up-to-date: /home/naveenkumar/mobile_robot/install/robot_description/share/robot_description/local_setup.sh
[0.423s] -- Up-to-date: /home/naveenkumar/mobile_robot/install/robot_description/share/robot_description/local_setup.zsh
[0.423s] -- Up-to-date: /home/naveenkumar/mobile_robot/install/robot_description/share/robot_description/local_setup.dsv
[0.423s] -- Installing: /home/naveenkumar/mobile_robot/install/robot_description/share/robot_description/package.dsv
[0.423s] -- Up-to-date: /home/naveenkumar/mobile_robot/install/robot_description/share/ament_index/resource_index/packages/robot_description
[0.423s] -- Up-to-date: /home/naveenkumar/mobile_robot/install/robot_description/share/robot_description/cmake/robot_descriptionConfig.cmake
[0.423s] -- Up-to-date: /home/naveenkumar/mobile_robot/install/robot_description/share/robot_description/cmake/robot_descriptionConfig-version.cmake
[0.423s] -- Up-to-date: /home/naveenkumar/mobile_robot/install/robot_description/share/robot_description/package.xml
[0.425s] Invoked command in '/home/naveenkumar/mobile_robot/build/robot_description' returned '0': CMAKE_PREFIX_PATH=${CMAKE_PREFIX_PATH}:/home/naveenkumar/mobile_robot/install/simulations:/home/naveenkumar/mobile_robot/install/worlds:/home/naveenkumar/AMR/install/telenex_robot_description:/home/naveenkumar/AMR/install/naveen_pkg:/home/naveenkumar/AMR/install/my_package:/home/naveenkumar/thesis/install/turtlebot3_teleop:/home/naveenkumar/thesis/install/turtlebot3_example:/opt/ros/humble /usr/bin/cmake --install /home/naveenkumar/mobile_robot/build/robot_description
