[0.752s] Invoking command in '/home/naveenkumar/mobile_robot/build/simulations': AMENT_PREFIX_PATH=/home/naveenkumar/mobile_robot/install/worlds:/home/naveenkumar/mobile_robot/install/robot_description:${AMENT_PREFIX_PATH} CMAKE_PREFIX_PATH=/home/naveenkumar/mobile_robot/install/robot_description:${CMAKE_PREFIX_PATH} PYTHONPATH=/home/naveenkumar/mobile_robot/build/simulations/prefix_override:/usr/lib/python3/dist-packages/colcon_core/task/python/colcon_distutils_commands:/home/naveenkumar/mobile_robot/install/simulations/lib/python3.10/site-packages:/home/naveenkumar/mobile_robot/install/worlds/lib/python3.10/site-packages:${PYTHONPATH} /usr/bin/python3 -W ignore:setup.py install is deprecated setup.py develop --uninstall --editable --build-directory /home/naveenkumar/mobile_robot/build/simulations/build
[1.051s] running develop
[1.267s] Removing /home/naveenkumar/mobile_robot/install/simulations/lib/python3.10/site-packages/simulations.egg-link (link to .)
[1.298s] Invoked command in '/home/naveenkumar/mobile_robot/build/simulations' returned '0': AMENT_PREFIX_PATH=/home/naveenkumar/mobile_robot/install/worlds:/home/naveenkumar/mobile_robot/install/robot_description:${AMENT_PREFIX_PATH} CMAKE_PREFIX_PATH=/home/naveenkumar/mobile_robot/install/robot_description:${CMAKE_PREFIX_PATH} PYTHONPATH=/home/naveenkumar/mobile_robot/build/simulations/prefix_override:/usr/lib/python3/dist-packages/colcon_core/task/python/colcon_distutils_commands:/home/naveenkumar/mobile_robot/install/simulations/lib/python3.10/site-packages:/home/naveenkumar/mobile_robot/install/worlds/lib/python3.10/site-packages:${PYTHONPATH} /usr/bin/python3 -W ignore:setup.py install is deprecated setup.py develop --uninstall --editable --build-directory /home/naveenkumar/mobile_robot/build/simulations/build
[1.300s] Invoking command in '/home/naveenkumar/mobile_robot/src/simulations': AMENT_PREFIX_PATH=/home/naveenkumar/mobile_robot/install/worlds:/home/naveenkumar/mobile_robot/install/robot_description:${AMENT_PREFIX_PATH} CMAKE_PREFIX_PATH=/home/naveenkumar/mobile_robot/install/robot_description:${CMAKE_PREFIX_PATH} PYTHONPATH=/home/naveenkumar/mobile_robot/build/simulations/prefix_override:/usr/lib/python3/dist-packages/colcon_core/task/python/colcon_distutils_commands:/home/naveenkumar/mobile_robot/install/simulations/lib/python3.10/site-packages:/home/naveenkumar/mobile_robot/install/worlds/lib/python3.10/site-packages:${PYTHONPATH} /usr/bin/python3 -W ignore:setup.py install is deprecated setup.py egg_info --egg-base ../../build/simulations build --build-base /home/naveenkumar/mobile_robot/build/simulations/build install --record /home/naveenkumar/mobile_robot/build/simulations/install.log --single-version-externally-managed install_data --force
[1.591s] running egg_info
[1.591s] writing ../../build/simulations/simulations.egg-info/PKG-INFO
[1.592s] writing dependency_links to ../../build/simulations/simulations.egg-info/dependency_links.txt
[1.592s] writing entry points to ../../build/simulations/simulations.egg-info/entry_points.txt
[1.592s] writing requirements to ../../build/simulations/simulations.egg-info/requires.txt
[1.592s] writing top-level names to ../../build/simulations/simulations.egg-info/top_level.txt
[1.594s] reading manifest file '../../build/simulations/simulations.egg-info/SOURCES.txt'
[1.595s] writing manifest file '../../build/simulations/simulations.egg-info/SOURCES.txt'
[1.595s] running build
[1.595s] running build_py
[1.596s] running install
[1.596s] running install_lib
[1.597s] creating /home/naveenkumar/mobile_robot/install/simulations/lib/python3.10/site-packages/simulations
[1.597s] copying /home/naveenkumar/mobile_robot/build/simulations/build/lib/simulations/__init__.py -> /home/naveenkumar/mobile_robot/install/simulations/lib/python3.10/site-packages/simulations
[1.598s] byte-compiling /home/naveenkumar/mobile_robot/install/simulations/lib/python3.10/site-packages/simulations/__init__.py to __init__.cpython-310.pyc
[1.598s] running install_data
[1.598s] copying resource/simulations -> /home/naveenkumar/mobile_robot/install/simulations/share/ament_index/resource_index/packages
[1.599s] copying package.xml -> /home/naveenkumar/mobile_robot/install/simulations/share/simulations
[1.599s] copying launch/display.launch.py -> /home/naveenkumar/mobile_robot/install/simulations/share/simulations/launch
[1.599s] copying launch/warehouse.launch.py -> /home/naveenkumar/mobile_robot/install/simulations/share/simulations/launch
[1.599s] copying launch/house.launch.py -> /home/naveenkumar/mobile_robot/install/simulations/share/simulations/launch
[1.599s] copying launch/gazebo.launch.py -> /home/naveenkumar/mobile_robot/install/simulations/share/simulations/launch
[1.599s] running install_egg_info
[1.601s] Copying ../../build/simulations/simulations.egg-info to /home/naveenkumar/mobile_robot/install/simulations/lib/python3.10/site-packages/simulations-0.0.0-py3.10.egg-info
[1.602s] running install_scripts
[1.624s] writing list of installed files to '/home/naveenkumar/mobile_robot/build/simulations/install.log'
[1.652s] Invoked command in '/home/naveenkumar/mobile_robot/src/simulations' returned '0': AMENT_PREFIX_PATH=/home/naveenkumar/mobile_robot/install/worlds:/home/naveenkumar/mobile_robot/install/robot_description:${AMENT_PREFIX_PATH} CMAKE_PREFIX_PATH=/home/naveenkumar/mobile_robot/install/robot_description:${CMAKE_PREFIX_PATH} PYTHONPATH=/home/naveenkumar/mobile_robot/build/simulations/prefix_override:/usr/lib/python3/dist-packages/colcon_core/task/python/colcon_distutils_commands:/home/naveenkumar/mobile_robot/install/simulations/lib/python3.10/site-packages:/home/naveenkumar/mobile_robot/install/worlds/lib/python3.10/site-packages:${PYTHONPATH} /usr/bin/python3 -W ignore:setup.py install is deprecated setup.py egg_info --egg-base ../../build/simulations build --build-base /home/naveenkumar/mobile_robot/build/simulations/build install --record /home/naveenkumar/mobile_robot/build/simulations/install.log --single-version-externally-managed install_data --force
