[0.481s] DEBUG:colcon:Command line arguments: ['/usr/bin/colcon', 'build']
[0.481s] DEBUG:colcon:Parsed command line arguments: Namespace(log_base=None, log_level=None, verb_name='build', build_base='build', install_base='install', merge_install=False, symlink_install=False, test_result_base=None, continue_on_error=False, executor='parallel', parallel_workers=8, event_handlers=None, ignore_user_meta=False, metas=['./colcon.meta'], base_paths=['.'], packages_ignore=None, packages_ignore_regex=None, paths=None, packages_up_to=None, packages_up_to_regex=None, packages_above=None, packages_above_and_dependencies=None, packages_above_depth=None, packages_select_by_dep=None, packages_skip_by_dep=None, packages_skip_up_to=None, packages_select_build_failed=False, packages_skip_build_finished=False, packages_select_test_failures=False, packages_skip_test_passed=False, packages_select=None, packages_skip=None, packages_select_regex=None, packages_skip_regex=None, packages_start=None, packages_end=None, allow_overriding=[], cmake_args=None, cmake_target=None, cmake_target_skip_unavailable=False, cmake_clean_cache=False, cmake_clean_first=False, cmake_force_configure=False, ament_cmake_args=None, catkin_cmake_args=None, catkin_skip_building_tests=False, mixin_files=None, mixin=None, verb_parser=<colcon_mixin.mixin.mixin_argument.MixinArgumentDecorator object at 0x76474c460460>, verb_extension=<colcon_core.verb.build.BuildVerb object at 0x76474c5dda20>, main=<bound method BuildVerb.main of <colcon_core.verb.build.BuildVerb object at 0x76474c5dda20>>, mixin_verb=('build',))
[0.887s] Level 1:colcon.colcon_core.package_discovery:discover_packages(colcon_meta) check parameters
[0.887s] Level 1:colcon.colcon_core.package_discovery:discover_packages(recursive) check parameters
[0.887s] Level 1:colcon.colcon_core.package_discovery:discover_packages(ignore) check parameters
[0.887s] Level 1:colcon.colcon_core.package_discovery:discover_packages(path) check parameters
[0.887s] Level 1:colcon.colcon_core.package_discovery:discover_packages(colcon_meta) discover
[0.887s] Level 1:colcon.colcon_core.package_discovery:discover_packages(recursive) discover
[0.887s] INFO:colcon.colcon_core.package_discovery:Crawling recursively for packages in '/home/naveenkumar/mobile_robot'
[0.887s] Level 1:colcon.colcon_core.package_identification:_identify(.) by extensions ['ignore', 'ignore_ament_install']
[0.888s] Level 1:colcon.colcon_core.package_identification:_identify(.) by extension 'ignore'
[0.888s] Level 1:colcon.colcon_core.package_identification:_identify(.) by extension 'ignore_ament_install'
[0.888s] Level 1:colcon.colcon_core.package_identification:_identify(.) by extensions ['colcon_pkg']
[0.888s] Level 1:colcon.colcon_core.package_identification:_identify(.) by extension 'colcon_pkg'
[0.888s] Level 1:colcon.colcon_core.package_identification:_identify(.) by extensions ['colcon_meta']
[0.888s] Level 1:colcon.colcon_core.package_identification:_identify(.) by extension 'colcon_meta'
[0.888s] Level 1:colcon.colcon_core.package_identification:_identify(.) by extensions ['ros']
[0.888s] Level 1:colcon.colcon_core.package_identification:_identify(.) by extension 'ros'
[0.904s] Level 1:colcon.colcon_core.package_identification:_identify(.) by extensions ['cmake', 'python']
[0.904s] Level 1:colcon.colcon_core.package_identification:_identify(.) by extension 'cmake'
[0.904s] Level 1:colcon.colcon_core.package_identification:_identify(.) by extension 'python'
[0.904s] Level 1:colcon.colcon_core.package_identification:_identify(.) by extensions ['python_setup_py']
[0.904s] Level 1:colcon.colcon_core.package_identification:_identify(.) by extension 'python_setup_py'
[0.904s] Level 1:colcon.colcon_core.package_identification:_identify(build) by extensions ['ignore', 'ignore_ament_install']
[0.904s] Level 1:colcon.colcon_core.package_identification:_identify(build) by extension 'ignore'
[0.905s] Level 1:colcon.colcon_core.package_identification:_identify(build) ignored
[0.905s] Level 1:colcon.colcon_core.package_identification:_identify(install) by extensions ['ignore', 'ignore_ament_install']
[0.905s] Level 1:colcon.colcon_core.package_identification:_identify(install) by extension 'ignore'
[0.905s] Level 1:colcon.colcon_core.package_identification:_identify(install) ignored
[0.905s] Level 1:colcon.colcon_core.package_identification:_identify(log) by extensions ['ignore', 'ignore_ament_install']
[0.905s] Level 1:colcon.colcon_core.package_identification:_identify(log) by extension 'ignore'
[0.905s] Level 1:colcon.colcon_core.package_identification:_identify(log) ignored
[0.905s] Level 1:colcon.colcon_core.package_identification:_identify(src) by extensions ['ignore', 'ignore_ament_install']
[0.905s] Level 1:colcon.colcon_core.package_identification:_identify(src) by extension 'ignore'
[0.905s] Level 1:colcon.colcon_core.package_identification:_identify(src) by extension 'ignore_ament_install'
[0.905s] Level 1:colcon.colcon_core.package_identification:_identify(src) by extensions ['colcon_pkg']
[0.905s] Level 1:colcon.colcon_core.package_identification:_identify(src) by extension 'colcon_pkg'
[0.905s] Level 1:colcon.colcon_core.package_identification:_identify(src) by extensions ['colcon_meta']
[0.905s] Level 1:colcon.colcon_core.package_identification:_identify(src) by extension 'colcon_meta'
[0.905s] Level 1:colcon.colcon_core.package_identification:_identify(src) by extensions ['ros']
[0.906s] Level 1:colcon.colcon_core.package_identification:_identify(src) by extension 'ros'
[0.906s] Level 1:colcon.colcon_core.package_identification:_identify(src) by extensions ['cmake', 'python']
[0.906s] Level 1:colcon.colcon_core.package_identification:_identify(src) by extension 'cmake'
[0.906s] Level 1:colcon.colcon_core.package_identification:_identify(src) by extension 'python'
[0.906s] Level 1:colcon.colcon_core.package_identification:_identify(src) by extensions ['python_setup_py']
[0.906s] Level 1:colcon.colcon_core.package_identification:_identify(src) by extension 'python_setup_py'
[0.906s] Level 1:colcon.colcon_core.package_identification:_identify(src/build) by extensions ['ignore', 'ignore_ament_install']
[0.906s] Level 1:colcon.colcon_core.package_identification:_identify(src/build) by extension 'ignore'
[0.906s] Level 1:colcon.colcon_core.package_identification:_identify(src/build) ignored
[0.906s] Level 1:colcon.colcon_core.package_identification:_identify(src/install) by extensions ['ignore', 'ignore_ament_install']
[0.906s] Level 1:colcon.colcon_core.package_identification:_identify(src/install) by extension 'ignore'
[0.906s] Level 1:colcon.colcon_core.package_identification:_identify(src/install) ignored
[0.906s] Level 1:colcon.colcon_core.package_identification:_identify(src/log) by extensions ['ignore', 'ignore_ament_install']
[0.906s] Level 1:colcon.colcon_core.package_identification:_identify(src/log) by extension 'ignore'
[0.906s] Level 1:colcon.colcon_core.package_identification:_identify(src/log) ignored
[0.906s] Level 1:colcon.colcon_core.package_identification:_identify(src/robot_control) by extensions ['ignore', 'ignore_ament_install']
[0.906s] Level 1:colcon.colcon_core.package_identification:_identify(src/robot_control) by extension 'ignore'
[0.907s] Level 1:colcon.colcon_core.package_identification:_identify(src/robot_control) by extension 'ignore_ament_install'
[0.907s] Level 1:colcon.colcon_core.package_identification:_identify(src/robot_control) by extensions ['colcon_pkg']
[0.907s] Level 1:colcon.colcon_core.package_identification:_identify(src/robot_control) by extension 'colcon_pkg'
[0.907s] Level 1:colcon.colcon_core.package_identification:_identify(src/robot_control) by extensions ['colcon_meta']
[0.907s] Level 1:colcon.colcon_core.package_identification:_identify(src/robot_control) by extension 'colcon_meta'
[0.907s] Level 1:colcon.colcon_core.package_identification:_identify(src/robot_control) by extensions ['ros']
[0.907s] Level 1:colcon.colcon_core.package_identification:_identify(src/robot_control) by extension 'ros'
[0.912s] DEBUG:colcon.colcon_core.package_identification:Package 'src/robot_control' with type 'ros.ament_python' and name 'robot_control'
[0.912s] Level 1:colcon.colcon_core.package_identification:_identify(src/robot_description) by extensions ['ignore', 'ignore_ament_install']
[0.912s] Level 1:colcon.colcon_core.package_identification:_identify(src/robot_description) by extension 'ignore'
[0.912s] Level 1:colcon.colcon_core.package_identification:_identify(src/robot_description) by extension 'ignore_ament_install'
[0.912s] Level 1:colcon.colcon_core.package_identification:_identify(src/robot_description) by extensions ['colcon_pkg']
[0.912s] Level 1:colcon.colcon_core.package_identification:_identify(src/robot_description) by extension 'colcon_pkg'
[0.912s] Level 1:colcon.colcon_core.package_identification:_identify(src/robot_description) by extensions ['colcon_meta']
[0.912s] Level 1:colcon.colcon_core.package_identification:_identify(src/robot_description) by extension 'colcon_meta'
[0.912s] Level 1:colcon.colcon_core.package_identification:_identify(src/robot_description) by extensions ['ros']
[0.912s] Level 1:colcon.colcon_core.package_identification:_identify(src/robot_description) by extension 'ros'
[0.913s] DEBUG:colcon.colcon_core.package_identification:Package 'src/robot_description' with type 'ros.ament_cmake' and name 'robot_description'
[0.913s] Level 1:colcon.colcon_core.package_identification:_identify(src/simulations) by extensions ['ignore', 'ignore_ament_install']
[0.913s] Level 1:colcon.colcon_core.package_identification:_identify(src/simulations) by extension 'ignore'
[0.913s] Level 1:colcon.colcon_core.package_identification:_identify(src/simulations) by extension 'ignore_ament_install'
[0.913s] Level 1:colcon.colcon_core.package_identification:_identify(src/simulations) by extensions ['colcon_pkg']
[0.913s] Level 1:colcon.colcon_core.package_identification:_identify(src/simulations) by extension 'colcon_pkg'
[0.914s] Level 1:colcon.colcon_core.package_identification:_identify(src/simulations) by extensions ['colcon_meta']
[0.914s] Level 1:colcon.colcon_core.package_identification:_identify(src/simulations) by extension 'colcon_meta'
[0.914s] Level 1:colcon.colcon_core.package_identification:_identify(src/simulations) by extensions ['ros']
[0.914s] Level 1:colcon.colcon_core.package_identification:_identify(src/simulations) by extension 'ros'
[0.915s] DEBUG:colcon.colcon_core.package_identification:Package 'src/simulations' with type 'ros.ament_python' and name 'simulations'
[0.915s] Level 1:colcon.colcon_core.package_identification:_identify(src/worlds) by extensions ['ignore', 'ignore_ament_install']
[0.915s] Level 1:colcon.colcon_core.package_identification:_identify(src/worlds) by extension 'ignore'
[0.915s] Level 1:colcon.colcon_core.package_identification:_identify(src/worlds) by extension 'ignore_ament_install'
[0.915s] Level 1:colcon.colcon_core.package_identification:_identify(src/worlds) by extensions ['colcon_pkg']
[0.915s] Level 1:colcon.colcon_core.package_identification:_identify(src/worlds) by extension 'colcon_pkg'
[0.915s] Level 1:colcon.colcon_core.package_identification:_identify(src/worlds) by extensions ['colcon_meta']
[0.915s] Level 1:colcon.colcon_core.package_identification:_identify(src/worlds) by extension 'colcon_meta'
[0.915s] Level 1:colcon.colcon_core.package_identification:_identify(src/worlds) by extensions ['ros']
[0.915s] Level 1:colcon.colcon_core.package_identification:_identify(src/worlds) by extension 'ros'
[0.916s] DEBUG:colcon.colcon_core.package_identification:Package 'src/worlds' with type 'ros.ament_python' and name 'worlds'
[0.916s] Level 1:colcon.colcon_core.package_discovery:discover_packages(recursive) using defaults
[0.916s] Level 1:colcon.colcon_core.package_discovery:discover_packages(ignore) discover
[0.916s] Level 1:colcon.colcon_core.package_discovery:discover_packages(ignore) using defaults
[0.916s] Level 1:colcon.colcon_core.package_discovery:discover_packages(path) discover
[0.916s] Level 1:colcon.colcon_core.package_discovery:discover_packages(path) using defaults
[0.952s] Level 1:colcon.colcon_core.package_discovery:discover_packages(prefix_path) check parameters
[0.952s] Level 1:colcon.colcon_core.package_discovery:discover_packages(prefix_path) discover
[0.957s] DEBUG:colcon.colcon_installed_package_information.package_discovery:Found 4 installed packages in /home/naveenkumar/AMR/install
[0.958s] DEBUG:colcon.colcon_installed_package_information.package_discovery:Found 23 installed packages in /home/naveenkumar/thesis/install
[0.960s] DEBUG:colcon.colcon_installed_package_information.package_discovery:Found 418 installed packages in /opt/ros/humble
[0.961s] Level 1:colcon.colcon_core.package_discovery:discover_packages(prefix_path) using defaults
[1.037s] Level 5:colcon.colcon_core.verb:set package 'robot_control' build argument 'cmake_args' from command line to 'None'
[1.037s] Level 5:colcon.colcon_core.verb:set package 'robot_control' build argument 'cmake_target' from command line to 'None'
[1.038s] Level 5:colcon.colcon_core.verb:set package 'robot_control' build argument 'cmake_target_skip_unavailable' from command line to 'False'
[1.038s] Level 5:colcon.colcon_core.verb:set package 'robot_control' build argument 'cmake_clean_cache' from command line to 'False'
[1.038s] Level 5:colcon.colcon_core.verb:set package 'robot_control' build argument 'cmake_clean_first' from command line to 'False'
[1.038s] Level 5:colcon.colcon_core.verb:set package 'robot_control' build argument 'cmake_force_configure' from command line to 'False'
[1.038s] Level 5:colcon.colcon_core.verb:set package 'robot_control' build argument 'ament_cmake_args' from command line to 'None'
[1.038s] Level 5:colcon.colcon_core.verb:set package 'robot_control' build argument 'catkin_cmake_args' from command line to 'None'
[1.038s] Level 5:colcon.colcon_core.verb:set package 'robot_control' build argument 'catkin_skip_building_tests' from command line to 'False'
[1.038s] DEBUG:colcon.colcon_core.verb:Building package 'robot_control' with the following arguments: {'ament_cmake_args': None, 'build_base': '/home/naveenkumar/mobile_robot/build/robot_control', 'catkin_cmake_args': None, 'catkin_skip_building_tests': False, 'cmake_args': None, 'cmake_clean_cache': False, 'cmake_clean_first': False, 'cmake_force_configure': False, 'cmake_target': None, 'cmake_target_skip_unavailable': False, 'install_base': '/home/naveenkumar/mobile_robot/install/robot_control', 'merge_install': False, 'path': '/home/naveenkumar/mobile_robot/src/robot_control', 'symlink_install': False, 'test_result_base': None}
[1.038s] Level 5:colcon.colcon_core.verb:set package 'robot_description' build argument 'cmake_args' from command line to 'None'
[1.038s] Level 5:colcon.colcon_core.verb:set package 'robot_description' build argument 'cmake_target' from command line to 'None'
[1.038s] Level 5:colcon.colcon_core.verb:set package 'robot_description' build argument 'cmake_target_skip_unavailable' from command line to 'False'
[1.038s] Level 5:colcon.colcon_core.verb:set package 'robot_description' build argument 'cmake_clean_cache' from command line to 'False'
[1.038s] Level 5:colcon.colcon_core.verb:set package 'robot_description' build argument 'cmake_clean_first' from command line to 'False'
[1.038s] Level 5:colcon.colcon_core.verb:set package 'robot_description' build argument 'cmake_force_configure' from command line to 'False'
[1.038s] Level 5:colcon.colcon_core.verb:set package 'robot_description' build argument 'ament_cmake_args' from command line to 'None'
[1.038s] Level 5:colcon.colcon_core.verb:set package 'robot_description' build argument 'catkin_cmake_args' from command line to 'None'
[1.038s] Level 5:colcon.colcon_core.verb:set package 'robot_description' build argument 'catkin_skip_building_tests' from command line to 'False'
[1.038s] DEBUG:colcon.colcon_core.verb:Building package 'robot_description' with the following arguments: {'ament_cmake_args': None, 'build_base': '/home/naveenkumar/mobile_robot/build/robot_description', 'catkin_cmake_args': None, 'catkin_skip_building_tests': False, 'cmake_args': None, 'cmake_clean_cache': False, 'cmake_clean_first': False, 'cmake_force_configure': False, 'cmake_target': None, 'cmake_target_skip_unavailable': False, 'install_base': '/home/naveenkumar/mobile_robot/install/robot_description', 'merge_install': False, 'path': '/home/naveenkumar/mobile_robot/src/robot_description', 'symlink_install': False, 'test_result_base': None}
[1.039s] Level 5:colcon.colcon_core.verb:set package 'worlds' build argument 'cmake_args' from command line to 'None'
[1.039s] Level 5:colcon.colcon_core.verb:set package 'worlds' build argument 'cmake_target' from command line to 'None'
[1.039s] Level 5:colcon.colcon_core.verb:set package 'worlds' build argument 'cmake_target_skip_unavailable' from command line to 'False'
[1.039s] Level 5:colcon.colcon_core.verb:set package 'worlds' build argument 'cmake_clean_cache' from command line to 'False'
[1.039s] Level 5:colcon.colcon_core.verb:set package 'worlds' build argument 'cmake_clean_first' from command line to 'False'
[1.039s] Level 5:colcon.colcon_core.verb:set package 'worlds' build argument 'cmake_force_configure' from command line to 'False'
[1.039s] Level 5:colcon.colcon_core.verb:set package 'worlds' build argument 'ament_cmake_args' from command line to 'None'
[1.039s] Level 5:colcon.colcon_core.verb:set package 'worlds' build argument 'catkin_cmake_args' from command line to 'None'
[1.039s] Level 5:colcon.colcon_core.verb:set package 'worlds' build argument 'catkin_skip_building_tests' from command line to 'False'
[1.039s] DEBUG:colcon.colcon_core.verb:Building package 'worlds' with the following arguments: {'ament_cmake_args': None, 'build_base': '/home/naveenkumar/mobile_robot/build/worlds', 'catkin_cmake_args': None, 'catkin_skip_building_tests': False, 'cmake_args': None, 'cmake_clean_cache': False, 'cmake_clean_first': False, 'cmake_force_configure': False, 'cmake_target': None, 'cmake_target_skip_unavailable': False, 'install_base': '/home/naveenkumar/mobile_robot/install/worlds', 'merge_install': False, 'path': '/home/naveenkumar/mobile_robot/src/worlds', 'symlink_install': False, 'test_result_base': None}
[1.039s] Level 5:colcon.colcon_core.verb:set package 'simulations' build argument 'cmake_args' from command line to 'None'
[1.039s] Level 5:colcon.colcon_core.verb:set package 'simulations' build argument 'cmake_target' from command line to 'None'
[1.039s] Level 5:colcon.colcon_core.verb:set package 'simulations' build argument 'cmake_target_skip_unavailable' from command line to 'False'
[1.039s] Level 5:colcon.colcon_core.verb:set package 'simulations' build argument 'cmake_clean_cache' from command line to 'False'
[1.039s] Level 5:colcon.colcon_core.verb:set package 'simulations' build argument 'cmake_clean_first' from command line to 'False'
[1.039s] Level 5:colcon.colcon_core.verb:set package 'simulations' build argument 'cmake_force_configure' from command line to 'False'
[1.039s] Level 5:colcon.colcon_core.verb:set package 'simulations' build argument 'ament_cmake_args' from command line to 'None'
[1.039s] Level 5:colcon.colcon_core.verb:set package 'simulations' build argument 'catkin_cmake_args' from command line to 'None'
[1.039s] Level 5:colcon.colcon_core.verb:set package 'simulations' build argument 'catkin_skip_building_tests' from command line to 'False'
[1.039s] DEBUG:colcon.colcon_core.verb:Building package 'simulations' with the following arguments: {'ament_cmake_args': None, 'build_base': '/home/naveenkumar/mobile_robot/build/simulations', 'catkin_cmake_args': None, 'catkin_skip_building_tests': False, 'cmake_args': None, 'cmake_clean_cache': False, 'cmake_clean_first': False, 'cmake_force_configure': False, 'cmake_target': None, 'cmake_target_skip_unavailable': False, 'install_base': '/home/naveenkumar/mobile_robot/install/simulations', 'merge_install': False, 'path': '/home/naveenkumar/mobile_robot/src/simulations', 'symlink_install': False, 'test_result_base': None}
[1.039s] INFO:colcon.colcon_core.executor:Executing jobs using 'parallel' executor
[1.040s] DEBUG:colcon.colcon_parallel_executor.executor.parallel:run_until_complete
[1.041s] INFO:colcon.colcon_ros.task.ament_cmake.build:Building ROS package in '/home/naveenkumar/mobile_robot/src/robot_description' with build type 'ament_cmake'
[1.041s] INFO:colcon.colcon_cmake.task.cmake.build:Building CMake package in '/home/naveenkumar/mobile_robot/src/robot_description'
[1.047s] INFO:colcon.colcon_core.plugin_system:Skipping extension 'colcon_core.shell.bat': Not used on non-Windows systems
[1.048s] INFO:colcon.colcon_core.shell:Skip shell extension 'powershell' for command environment: Not usable outside of PowerShell
[1.048s] DEBUG:colcon.colcon_core.shell:Skip shell extension 'dsv' for command environment
[1.054s] INFO:colcon.colcon_ros.task.ament_python.build:Building ROS package in '/home/naveenkumar/mobile_robot/src/worlds' with build type 'ament_python'
[1.054s] Level 1:colcon.colcon_core.shell:create_environment_hook('worlds', 'ament_prefix_path')
[1.055s] INFO:colcon.colcon_core.shell:Creating environment hook '/home/naveenkumar/mobile_robot/install/worlds/share/worlds/hook/ament_prefix_path.ps1'
[1.056s] INFO:colcon.colcon_core.shell:Creating environment descriptor '/home/naveenkumar/mobile_robot/install/worlds/share/worlds/hook/ament_prefix_path.dsv'
[1.057s] INFO:colcon.colcon_core.shell:Creating environment hook '/home/naveenkumar/mobile_robot/install/worlds/share/worlds/hook/ament_prefix_path.sh'
[1.058s] INFO:colcon.colcon_core.shell:Skip shell extension 'powershell' for command environment: Not usable outside of PowerShell
[1.058s] DEBUG:colcon.colcon_core.shell:Skip shell extension 'dsv' for command environment
[1.064s] INFO:colcon.colcon_ros.task.ament_python.build:Building ROS package in '/home/naveenkumar/mobile_robot/src/robot_control' with build type 'ament_python'
[1.064s] Level 1:colcon.colcon_core.shell:create_environment_hook('robot_control', 'ament_prefix_path')
[1.064s] INFO:colcon.colcon_core.shell:Creating environment hook '/home/naveenkumar/mobile_robot/install/robot_control/share/robot_control/hook/ament_prefix_path.ps1'
[1.065s] INFO:colcon.colcon_core.shell:Creating environment descriptor '/home/naveenkumar/mobile_robot/install/robot_control/share/robot_control/hook/ament_prefix_path.dsv'
[1.065s] INFO:colcon.colcon_core.shell:Creating environment hook '/home/naveenkumar/mobile_robot/install/robot_control/share/robot_control/hook/ament_prefix_path.sh'
[1.066s] INFO:colcon.colcon_core.shell:Skip shell extension 'powershell' for command environment: Not usable outside of PowerShell
[1.066s] DEBUG:colcon.colcon_core.shell:Skip shell extension 'dsv' for command environment
[1.077s] DEBUG:colcon.colcon_core.event_handler.log_command:Invoking command in '/home/naveenkumar/mobile_robot/build/robot_description': CMAKE_PREFIX_PATH=${CMAKE_PREFIX_PATH}:/home/naveenkumar/AMR/install/telenex_robot_description:/home/naveenkumar/AMR/install/naveen_pkg:/home/naveenkumar/AMR/install/my_package:/home/naveenkumar/thesis/install/turtlebot3_teleop:/home/naveenkumar/thesis/install/turtlebot3_example:/opt/ros/humble /usr/bin/cmake --build /home/naveenkumar/mobile_robot/build/robot_description -- -j8 -l8
[1.400s] INFO:colcon.colcon_core.task.python.build:Building Python package in '/home/naveenkumar/mobile_robot/src/worlds'
[1.400s] INFO:colcon.colcon_core.shell:Skip shell extension 'powershell' for command environment: Not usable outside of PowerShell
[1.400s] DEBUG:colcon.colcon_core.shell:Skip shell extension 'dsv' for command environment
[1.705s] INFO:colcon.colcon_core.task.python.build:Building Python package in '/home/naveenkumar/mobile_robot/src/robot_control'
[1.705s] INFO:colcon.colcon_core.shell:Skip shell extension 'powershell' for command environment: Not usable outside of PowerShell
[1.705s] DEBUG:colcon.colcon_core.shell:Skip shell extension 'dsv' for command environment
[1.711s] DEBUG:colcon.colcon_core.event_handler.log_command:Invoked command in '/home/naveenkumar/mobile_robot/build/robot_description' returned '0': CMAKE_PREFIX_PATH=${CMAKE_PREFIX_PATH}:/home/naveenkumar/AMR/install/telenex_robot_description:/home/naveenkumar/AMR/install/naveen_pkg:/home/naveenkumar/AMR/install/my_package:/home/naveenkumar/thesis/install/turtlebot3_teleop:/home/naveenkumar/thesis/install/turtlebot3_example:/opt/ros/humble /usr/bin/cmake --build /home/naveenkumar/mobile_robot/build/robot_description -- -j8 -l8
[1.756s] DEBUG:colcon.colcon_core.event_handler.log_command:Invoking command in '/home/naveenkumar/mobile_robot/build/robot_description': CMAKE_PREFIX_PATH=${CMAKE_PREFIX_PATH}:/home/naveenkumar/AMR/install/telenex_robot_description:/home/naveenkumar/AMR/install/naveen_pkg:/home/naveenkumar/AMR/install/my_package:/home/naveenkumar/thesis/install/turtlebot3_teleop:/home/naveenkumar/thesis/install/turtlebot3_example:/opt/ros/humble /usr/bin/cmake --install /home/naveenkumar/mobile_robot/build/robot_description
[1.791s] Level 1:colcon.colcon_core.environment:create_environment_scripts_only(robot_description)
[1.792s] DEBUG:colcon.colcon_core.event_handler.log_command:Invoked command in '/home/naveenkumar/mobile_robot/build/robot_description' returned '0': CMAKE_PREFIX_PATH=${CMAKE_PREFIX_PATH}:/home/naveenkumar/AMR/install/telenex_robot_description:/home/naveenkumar/AMR/install/naveen_pkg:/home/naveenkumar/AMR/install/my_package:/home/naveenkumar/thesis/install/turtlebot3_teleop:/home/naveenkumar/thesis/install/turtlebot3_example:/opt/ros/humble /usr/bin/cmake --install /home/naveenkumar/mobile_robot/build/robot_description
[1.801s] Level 1:colcon.colcon_core.environment:checking '/home/naveenkumar/mobile_robot/install/robot_description' for CMake module files
[1.802s] Level 1:colcon.colcon_core.environment:checking '/home/naveenkumar/mobile_robot/install/robot_description' for CMake config files
[1.802s] Level 1:colcon.colcon_core.shell:create_environment_hook('robot_description', 'cmake_prefix_path')
[1.802s] INFO:colcon.colcon_core.shell:Creating environment hook '/home/naveenkumar/mobile_robot/install/robot_description/share/robot_description/hook/cmake_prefix_path.ps1'
[1.803s] INFO:colcon.colcon_core.shell:Creating environment descriptor '/home/naveenkumar/mobile_robot/install/robot_description/share/robot_description/hook/cmake_prefix_path.dsv'
[1.804s] INFO:colcon.colcon_core.shell:Creating environment hook '/home/naveenkumar/mobile_robot/install/robot_description/share/robot_description/hook/cmake_prefix_path.sh'
[1.805s] Level 1:colcon.colcon_core.environment:checking '/home/naveenkumar/mobile_robot/install/robot_description/bin'
[1.805s] Level 1:colcon.colcon_core.environment:checking '/home/naveenkumar/mobile_robot/install/robot_description/lib/pkgconfig/robot_description.pc'
[1.805s] Level 1:colcon.colcon_core.environment:checking '/home/naveenkumar/mobile_robot/install/robot_description/lib/python3.10/site-packages'
[1.806s] Level 1:colcon.colcon_core.environment:checking '/home/naveenkumar/mobile_robot/install/robot_description/bin'
[1.806s] INFO:colcon.colcon_core.shell:Creating package script '/home/naveenkumar/mobile_robot/install/robot_description/share/robot_description/package.ps1'
[1.808s] INFO:colcon.colcon_core.shell:Creating package descriptor '/home/naveenkumar/mobile_robot/install/robot_description/share/robot_description/package.dsv'
[1.809s] INFO:colcon.colcon_core.shell:Creating package script '/home/naveenkumar/mobile_robot/install/robot_description/share/robot_description/package.sh'
[1.811s] INFO:colcon.colcon_core.shell:Creating package script '/home/naveenkumar/mobile_robot/install/robot_description/share/robot_description/package.bash'
[1.812s] INFO:colcon.colcon_core.shell:Creating package script '/home/naveenkumar/mobile_robot/install/robot_description/share/robot_description/package.zsh'
[1.814s] Level 1:colcon.colcon_core.environment:create_file_with_runtime_dependencies(/home/naveenkumar/mobile_robot/install/robot_description/share/colcon-core/packages/robot_description)
[1.844s] Level 1:colcon.colcon_core.environment:create_environment_scripts_only(robot_description)
[1.845s] Level 1:colcon.colcon_core.environment:checking '/home/naveenkumar/mobile_robot/install/robot_description' for CMake module files
[1.845s] Level 1:colcon.colcon_core.environment:checking '/home/naveenkumar/mobile_robot/install/robot_description' for CMake config files
[1.846s] Level 1:colcon.colcon_core.shell:create_environment_hook('robot_description', 'cmake_prefix_path')
[1.846s] INFO:colcon.colcon_core.shell:Creating environment hook '/home/naveenkumar/mobile_robot/install/robot_description/share/robot_description/hook/cmake_prefix_path.ps1'
[1.847s] INFO:colcon.colcon_core.shell:Creating environment descriptor '/home/naveenkumar/mobile_robot/install/robot_description/share/robot_description/hook/cmake_prefix_path.dsv'
[1.847s] INFO:colcon.colcon_core.shell:Creating environment hook '/home/naveenkumar/mobile_robot/install/robot_description/share/robot_description/hook/cmake_prefix_path.sh'
[1.848s] Level 1:colcon.colcon_core.environment:checking '/home/naveenkumar/mobile_robot/install/robot_description/bin'
[1.848s] Level 1:colcon.colcon_core.environment:checking '/home/naveenkumar/mobile_robot/install/robot_description/lib/pkgconfig/robot_description.pc'
[1.848s] Level 1:colcon.colcon_core.environment:checking '/home/naveenkumar/mobile_robot/install/robot_description/lib/python3.10/site-packages'
[1.849s] Level 1:colcon.colcon_core.environment:checking '/home/naveenkumar/mobile_robot/install/robot_description/bin'
[1.849s] INFO:colcon.colcon_core.shell:Creating package script '/home/naveenkumar/mobile_robot/install/robot_description/share/robot_description/package.ps1'
[1.850s] INFO:colcon.colcon_core.shell:Creating package descriptor '/home/naveenkumar/mobile_robot/install/robot_description/share/robot_description/package.dsv'
[1.851s] INFO:colcon.colcon_core.shell:Creating package script '/home/naveenkumar/mobile_robot/install/robot_description/share/robot_description/package.sh'
[1.851s] INFO:colcon.colcon_core.shell:Creating package script '/home/naveenkumar/mobile_robot/install/robot_description/share/robot_description/package.bash'
[1.852s] INFO:colcon.colcon_core.shell:Creating package script '/home/naveenkumar/mobile_robot/install/robot_description/share/robot_description/package.zsh'
[1.853s] Level 1:colcon.colcon_core.environment:create_file_with_runtime_dependencies(/home/naveenkumar/mobile_robot/install/robot_description/share/colcon-core/packages/robot_description)
[2.526s] DEBUG:colcon.colcon_core.event_handler.log_command:Invoking command in '/home/naveenkumar/mobile_robot/src/robot_control': PYTHONPATH=/home/naveenkumar/mobile_robot/build/robot_control/prefix_override:/usr/lib/python3/dist-packages/colcon_core/task/python/colcon_distutils_commands:/home/naveenkumar/mobile_robot/install/robot_control/lib/python3.10/site-packages:${PYTHONPATH} /usr/bin/python3 -W ignore:setup.py install is deprecated setup.py egg_info --egg-base ../../build/robot_control build --build-base /home/naveenkumar/mobile_robot/build/robot_control/build install --record /home/naveenkumar/mobile_robot/build/robot_control/install.log --single-version-externally-managed install_data
[2.528s] DEBUG:colcon.colcon_core.event_handler.log_command:Invoking command in '/home/naveenkumar/mobile_robot/src/worlds': PYTHONPATH=/home/naveenkumar/mobile_robot/build/worlds/prefix_override:/usr/lib/python3/dist-packages/colcon_core/task/python/colcon_distutils_commands:/home/naveenkumar/mobile_robot/install/worlds/lib/python3.10/site-packages:${PYTHONPATH} /usr/bin/python3 -W ignore:setup.py install is deprecated setup.py egg_info --egg-base ../../build/worlds build --build-base /home/naveenkumar/mobile_robot/build/worlds/build install --record /home/naveenkumar/mobile_robot/build/worlds/install.log --single-version-externally-managed install_data
[2.928s] Level 1:colcon.colcon_core.environment:checking '/home/naveenkumar/mobile_robot/install/robot_control' for CMake module files
[2.929s] DEBUG:colcon.colcon_core.event_handler.log_command:Invoked command in '/home/naveenkumar/mobile_robot/src/robot_control' returned '0': PYTHONPATH=/home/naveenkumar/mobile_robot/build/robot_control/prefix_override:/usr/lib/python3/dist-packages/colcon_core/task/python/colcon_distutils_commands:/home/naveenkumar/mobile_robot/install/robot_control/lib/python3.10/site-packages:${PYTHONPATH} /usr/bin/python3 -W ignore:setup.py install is deprecated setup.py egg_info --egg-base ../../build/robot_control build --build-base /home/naveenkumar/mobile_robot/build/robot_control/build install --record /home/naveenkumar/mobile_robot/build/robot_control/install.log --single-version-externally-managed install_data
[2.930s] Level 1:colcon.colcon_core.environment:checking '/home/naveenkumar/mobile_robot/install/robot_control' for CMake config files
[2.931s] Level 1:colcon.colcon_core.environment:checking '/home/naveenkumar/mobile_robot/install/robot_control/lib'
[2.931s] Level 1:colcon.colcon_core.environment:checking '/home/naveenkumar/mobile_robot/install/robot_control/bin'
[2.931s] Level 1:colcon.colcon_core.environment:checking '/home/naveenkumar/mobile_robot/install/robot_control/lib/pkgconfig/robot_control.pc'
[2.932s] Level 1:colcon.colcon_core.environment:checking '/home/naveenkumar/mobile_robot/install/robot_control/lib/python3.10/site-packages'
[2.932s] Level 1:colcon.colcon_core.shell:create_environment_hook('robot_control', 'pythonpath')
[2.932s] INFO:colcon.colcon_core.shell:Creating environment hook '/home/naveenkumar/mobile_robot/install/robot_control/share/robot_control/hook/pythonpath.ps1'
[2.933s] INFO:colcon.colcon_core.shell:Creating environment descriptor '/home/naveenkumar/mobile_robot/install/robot_control/share/robot_control/hook/pythonpath.dsv'
[2.934s] INFO:colcon.colcon_core.shell:Creating environment hook '/home/naveenkumar/mobile_robot/install/robot_control/share/robot_control/hook/pythonpath.sh'
[2.934s] Level 1:colcon.colcon_core.environment:checking '/home/naveenkumar/mobile_robot/install/robot_control/bin'
[2.935s] Level 1:colcon.colcon_core.environment:create_environment_scripts_only(robot_control)
[2.935s] INFO:colcon.colcon_core.shell:Creating package script '/home/naveenkumar/mobile_robot/install/robot_control/share/robot_control/package.ps1'
[2.936s] INFO:colcon.colcon_core.shell:Creating package descriptor '/home/naveenkumar/mobile_robot/install/robot_control/share/robot_control/package.dsv'
[2.937s] INFO:colcon.colcon_core.shell:Creating package script '/home/naveenkumar/mobile_robot/install/robot_control/share/robot_control/package.sh'
[2.937s] INFO:colcon.colcon_core.shell:Creating package script '/home/naveenkumar/mobile_robot/install/robot_control/share/robot_control/package.bash'
[2.938s] INFO:colcon.colcon_core.shell:Creating package script '/home/naveenkumar/mobile_robot/install/robot_control/share/robot_control/package.zsh'
[2.938s] Level 1:colcon.colcon_core.environment:create_file_with_runtime_dependencies(/home/naveenkumar/mobile_robot/install/robot_control/share/colcon-core/packages/robot_control)
[2.941s] Level 1:colcon.colcon_core.environment:checking '/home/naveenkumar/mobile_robot/install/worlds' for CMake module files
[2.942s] DEBUG:colcon.colcon_core.event_handler.log_command:Invoked command in '/home/naveenkumar/mobile_robot/src/worlds' returned '0': PYTHONPATH=/home/naveenkumar/mobile_robot/build/worlds/prefix_override:/usr/lib/python3/dist-packages/colcon_core/task/python/colcon_distutils_commands:/home/naveenkumar/mobile_robot/install/worlds/lib/python3.10/site-packages:${PYTHONPATH} /usr/bin/python3 -W ignore:setup.py install is deprecated setup.py egg_info --egg-base ../../build/worlds build --build-base /home/naveenkumar/mobile_robot/build/worlds/build install --record /home/naveenkumar/mobile_robot/build/worlds/install.log --single-version-externally-managed install_data
[2.942s] Level 1:colcon.colcon_core.environment:checking '/home/naveenkumar/mobile_robot/install/worlds' for CMake config files
[2.943s] Level 1:colcon.colcon_core.environment:checking '/home/naveenkumar/mobile_robot/install/worlds/lib'
[2.943s] Level 1:colcon.colcon_core.environment:checking '/home/naveenkumar/mobile_robot/install/worlds/bin'
[2.943s] Level 1:colcon.colcon_core.environment:checking '/home/naveenkumar/mobile_robot/install/worlds/lib/pkgconfig/worlds.pc'
[2.944s] Level 1:colcon.colcon_core.environment:checking '/home/naveenkumar/mobile_robot/install/worlds/lib/python3.10/site-packages'
[2.944s] Level 1:colcon.colcon_core.shell:create_environment_hook('worlds', 'pythonpath')
[2.944s] INFO:colcon.colcon_core.shell:Creating environment hook '/home/naveenkumar/mobile_robot/install/worlds/share/worlds/hook/pythonpath.ps1'
[2.945s] INFO:colcon.colcon_core.shell:Creating environment descriptor '/home/naveenkumar/mobile_robot/install/worlds/share/worlds/hook/pythonpath.dsv'
[2.946s] INFO:colcon.colcon_core.shell:Creating environment hook '/home/naveenkumar/mobile_robot/install/worlds/share/worlds/hook/pythonpath.sh'
[2.947s] Level 1:colcon.colcon_core.environment:checking '/home/naveenkumar/mobile_robot/install/worlds/bin'
[2.947s] Level 1:colcon.colcon_core.environment:create_environment_scripts_only(worlds)
[2.947s] INFO:colcon.colcon_core.shell:Creating package script '/home/naveenkumar/mobile_robot/install/worlds/share/worlds/package.ps1'
[2.948s] INFO:colcon.colcon_core.shell:Creating package descriptor '/home/naveenkumar/mobile_robot/install/worlds/share/worlds/package.dsv'
[2.948s] INFO:colcon.colcon_core.shell:Creating package script '/home/naveenkumar/mobile_robot/install/worlds/share/worlds/package.sh'
[2.949s] INFO:colcon.colcon_core.shell:Creating package script '/home/naveenkumar/mobile_robot/install/worlds/share/worlds/package.bash'
[2.950s] INFO:colcon.colcon_core.shell:Creating package script '/home/naveenkumar/mobile_robot/install/worlds/share/worlds/package.zsh'
[2.950s] Level 1:colcon.colcon_core.environment:create_file_with_runtime_dependencies(/home/naveenkumar/mobile_robot/install/worlds/share/colcon-core/packages/worlds)
[2.951s] INFO:colcon.colcon_ros.task.ament_python.build:Building ROS package in '/home/naveenkumar/mobile_robot/src/simulations' with build type 'ament_python'
[2.951s] Level 1:colcon.colcon_core.shell:create_environment_hook('simulations', 'ament_prefix_path')
[2.951s] INFO:colcon.colcon_core.shell:Creating environment hook '/home/naveenkumar/mobile_robot/install/simulations/share/simulations/hook/ament_prefix_path.ps1'
[2.953s] INFO:colcon.colcon_core.shell:Creating environment descriptor '/home/naveenkumar/mobile_robot/install/simulations/share/simulations/hook/ament_prefix_path.dsv'
[2.953s] INFO:colcon.colcon_core.shell:Creating environment hook '/home/naveenkumar/mobile_robot/install/simulations/share/simulations/hook/ament_prefix_path.sh'
[2.955s] INFO:colcon.colcon_core.shell:Skip shell extension 'powershell' for command environment: Not usable outside of PowerShell
[2.955s] DEBUG:colcon.colcon_core.shell:Skip shell extension 'dsv' for command environment
[3.282s] INFO:colcon.colcon_core.task.python.build:Building Python package in '/home/naveenkumar/mobile_robot/src/simulations'
[3.282s] INFO:colcon.colcon_core.shell:Skip shell extension 'powershell' for command environment: Not usable outside of PowerShell
[3.282s] DEBUG:colcon.colcon_core.shell:Skip shell extension 'dsv' for command environment
[3.718s] DEBUG:colcon.colcon_core.event_handler.log_command:Invoking command in '/home/naveenkumar/mobile_robot/src/simulations': AMENT_PREFIX_PATH=/home/naveenkumar/mobile_robot/install/worlds:/home/naveenkumar/mobile_robot/install/robot_description:${AMENT_PREFIX_PATH} CMAKE_PREFIX_PATH=/home/naveenkumar/mobile_robot/install/robot_description:${CMAKE_PREFIX_PATH} PYTHONPATH=/home/naveenkumar/mobile_robot/build/simulations/prefix_override:/usr/lib/python3/dist-packages/colcon_core/task/python/colcon_distutils_commands:/home/naveenkumar/mobile_robot/install/simulations/lib/python3.10/site-packages:/home/naveenkumar/mobile_robot/install/worlds/lib/python3.10/site-packages:${PYTHONPATH} /usr/bin/python3 -W ignore:setup.py install is deprecated setup.py egg_info --egg-base ../../build/simulations build --build-base /home/naveenkumar/mobile_robot/build/simulations/build install --record /home/naveenkumar/mobile_robot/build/simulations/install.log --single-version-externally-managed install_data
[4.052s] Level 1:colcon.colcon_core.environment:checking '/home/naveenkumar/mobile_robot/install/simulations' for CMake module files
[4.053s] DEBUG:colcon.colcon_core.event_handler.log_command:Invoked command in '/home/naveenkumar/mobile_robot/src/simulations' returned '0': AMENT_PREFIX_PATH=/home/naveenkumar/mobile_robot/install/worlds:/home/naveenkumar/mobile_robot/install/robot_description:${AMENT_PREFIX_PATH} CMAKE_PREFIX_PATH=/home/naveenkumar/mobile_robot/install/robot_description:${CMAKE_PREFIX_PATH} PYTHONPATH=/home/naveenkumar/mobile_robot/build/simulations/prefix_override:/usr/lib/python3/dist-packages/colcon_core/task/python/colcon_distutils_commands:/home/naveenkumar/mobile_robot/install/simulations/lib/python3.10/site-packages:/home/naveenkumar/mobile_robot/install/worlds/lib/python3.10/site-packages:${PYTHONPATH} /usr/bin/python3 -W ignore:setup.py install is deprecated setup.py egg_info --egg-base ../../build/simulations build --build-base /home/naveenkumar/mobile_robot/build/simulations/build install --record /home/naveenkumar/mobile_robot/build/simulations/install.log --single-version-externally-managed install_data
[4.053s] Level 1:colcon.colcon_core.environment:checking '/home/naveenkumar/mobile_robot/install/simulations' for CMake config files
[4.053s] Level 1:colcon.colcon_core.environment:checking '/home/naveenkumar/mobile_robot/install/simulations/lib'
[4.054s] Level 1:colcon.colcon_core.environment:checking '/home/naveenkumar/mobile_robot/install/simulations/bin'
[4.054s] Level 1:colcon.colcon_core.environment:checking '/home/naveenkumar/mobile_robot/install/simulations/lib/pkgconfig/simulations.pc'
[4.054s] Level 1:colcon.colcon_core.environment:checking '/home/naveenkumar/mobile_robot/install/simulations/lib/python3.10/site-packages'
[4.054s] Level 1:colcon.colcon_core.shell:create_environment_hook('simulations', 'pythonpath')
[4.054s] INFO:colcon.colcon_core.shell:Creating environment hook '/home/naveenkumar/mobile_robot/install/simulations/share/simulations/hook/pythonpath.ps1'
[4.055s] INFO:colcon.colcon_core.shell:Creating environment descriptor '/home/naveenkumar/mobile_robot/install/simulations/share/simulations/hook/pythonpath.dsv'
[4.055s] INFO:colcon.colcon_core.shell:Creating environment hook '/home/naveenkumar/mobile_robot/install/simulations/share/simulations/hook/pythonpath.sh'
[4.055s] Level 1:colcon.colcon_core.environment:checking '/home/naveenkumar/mobile_robot/install/simulations/bin'
[4.055s] Level 1:colcon.colcon_core.environment:create_environment_scripts_only(simulations)
[4.056s] INFO:colcon.colcon_core.shell:Creating package script '/home/naveenkumar/mobile_robot/install/simulations/share/simulations/package.ps1'
[4.056s] INFO:colcon.colcon_core.shell:Creating package descriptor '/home/naveenkumar/mobile_robot/install/simulations/share/simulations/package.dsv'
[4.057s] INFO:colcon.colcon_core.shell:Creating package script '/home/naveenkumar/mobile_robot/install/simulations/share/simulations/package.sh'
[4.057s] INFO:colcon.colcon_core.shell:Creating package script '/home/naveenkumar/mobile_robot/install/simulations/share/simulations/package.bash'
[4.057s] INFO:colcon.colcon_core.shell:Creating package script '/home/naveenkumar/mobile_robot/install/simulations/share/simulations/package.zsh'
[4.057s] Level 1:colcon.colcon_core.environment:create_file_with_runtime_dependencies(/home/naveenkumar/mobile_robot/install/simulations/share/colcon-core/packages/simulations)
[4.058s] DEBUG:colcon.colcon_parallel_executor.executor.parallel:closing loop
[4.058s] DEBUG:colcon.colcon_parallel_executor.executor.parallel:loop closed
[4.058s] DEBUG:colcon.colcon_parallel_executor.executor.parallel:run_until_complete finished with '0'
[4.058s] DEBUG:colcon.colcon_core.event_reactor:joining thread
[4.066s] INFO:colcon.colcon_core.plugin_system:Skipping extension 'colcon_notification.desktop_notification.terminal_notifier': Not used on non-Darwin systems
[4.066s] INFO:colcon.colcon_core.plugin_system:Skipping extension 'colcon_notification.desktop_notification.win32': Not used on non-Windows systems
[4.066s] INFO:colcon.colcon_notification.desktop_notification:Sending desktop notification using 'notify2'
[4.090s] DEBUG:colcon.colcon_core.event_reactor:joined thread
[4.091s] INFO:colcon.colcon_core.shell:Creating prefix script '/home/naveenkumar/mobile_robot/install/local_setup.ps1'
[4.092s] INFO:colcon.colcon_core.shell:Creating prefix util module '/home/naveenkumar/mobile_robot/install/_local_setup_util_ps1.py'
[4.094s] INFO:colcon.colcon_core.shell:Creating prefix chain script '/home/naveenkumar/mobile_robot/install/setup.ps1'
[4.096s] INFO:colcon.colcon_core.shell:Creating prefix script '/home/naveenkumar/mobile_robot/install/local_setup.sh'
[4.097s] INFO:colcon.colcon_core.shell:Creating prefix util module '/home/naveenkumar/mobile_robot/install/_local_setup_util_sh.py'
[4.098s] INFO:colcon.colcon_core.shell:Creating prefix chain script '/home/naveenkumar/mobile_robot/install/setup.sh'
[4.101s] INFO:colcon.colcon_core.shell:Creating prefix script '/home/naveenkumar/mobile_robot/install/local_setup.bash'
[4.102s] INFO:colcon.colcon_core.shell:Creating prefix chain script '/home/naveenkumar/mobile_robot/install/setup.bash'
[4.104s] INFO:colcon.colcon_core.shell:Creating prefix script '/home/naveenkumar/mobile_robot/install/local_setup.zsh'
[4.105s] INFO:colcon.colcon_core.shell:Creating prefix chain script '/home/naveenkumar/mobile_robot/install/setup.zsh'
