[1.428s] Invoking command in '/home/naveenkumar/mobile_robot/build/worlds': PYTHONPATH=/home/naveenkumar/mobile_robot/build/worlds/prefix_override:/usr/lib/python3/dist-packages/colcon_core/task/python/colcon_distutils_commands:/home/naveenkumar/mobile_robot/install/worlds/lib/python3.10/site-packages:${PYTHONPATH} /usr/bin/python3 -W ignore:setup.py install is deprecated setup.py develop --uninstall --editable --build-directory /home/naveenkumar/mobile_robot/build/worlds/build
[1.813s] running develop
[2.052s] Removing /home/naveenkumar/mobile_robot/install/worlds/lib/python3.10/site-packages/worlds.egg-link (link to .)
[2.094s] Invoked command in '/home/naveenkumar/mobile_robot/build/worlds' returned '0': PYTHONPATH=/home/naveenkumar/mobile_robot/build/worlds/prefix_override:/usr/lib/python3/dist-packages/colcon_core/task/python/colcon_distutils_commands:/home/naveenkumar/mobile_robot/install/worlds/lib/python3.10/site-packages:${PYTHONPATH} /usr/bin/python3 -W ignore:setup.py install is deprecated setup.py develop --uninstall --editable --build-directory /home/naveenkumar/mobile_robot/build/worlds/build
[2.096s] Invoking command in '/home/naveenkumar/mobile_robot/src/worlds': PYTHONPATH=/home/naveenkumar/mobile_robot/build/worlds/prefix_override:/usr/lib/python3/dist-packages/colcon_core/task/python/colcon_distutils_commands:/home/naveenkumar/mobile_robot/install/worlds/lib/python3.10/site-packages:${PYTHONPATH} /usr/bin/python3 -W ignore:setup.py install is deprecated setup.py egg_info --egg-base ../../build/worlds build --build-base /home/naveenkumar/mobile_robot/build/worlds/build install --record /home/naveenkumar/mobile_robot/build/worlds/install.log --single-version-externally-managed install_data --force
[2.428s] running egg_info
[2.428s] writing ../../build/worlds/worlds.egg-info/PKG-INFO
[2.428s] writing dependency_links to ../../build/worlds/worlds.egg-info/dependency_links.txt
[2.428s] writing entry points to ../../build/worlds/worlds.egg-info/entry_points.txt
[2.429s] writing requirements to ../../build/worlds/worlds.egg-info/requires.txt
[2.429s] writing top-level names to ../../build/worlds/worlds.egg-info/top_level.txt
[2.430s] reading manifest file '../../build/worlds/worlds.egg-info/SOURCES.txt'
[2.432s] writing manifest file '../../build/worlds/worlds.egg-info/SOURCES.txt'
[2.432s] running build
[2.432s] running build_py
[2.432s] running install
[2.433s] running install_lib
[2.434s] creating /home/naveenkumar/mobile_robot/install/worlds/lib/python3.10/site-packages/worlds
[2.434s] copying /home/naveenkumar/mobile_robot/build/worlds/build/lib/worlds/__init__.py -> /home/naveenkumar/mobile_robot/install/worlds/lib/python3.10/site-packages/worlds
[2.434s] byte-compiling /home/naveenkumar/mobile_robot/install/worlds/lib/python3.10/site-packages/worlds/__init__.py to __init__.cpython-310.pyc
[2.435s] running install_data
[2.435s] copying resource/worlds -> /home/naveenkumar/mobile_robot/install/worlds/share/ament_index/resource_index/packages
[2.436s] copying package.xml -> /home/naveenkumar/mobile_robot/install/worlds/share/worlds
[2.436s] running install_egg_info
[2.438s] Copying ../../build/worlds/worlds.egg-info to /home/naveenkumar/mobile_robot/install/worlds/lib/python3.10/site-packages/worlds-0.0.0-py3.10.egg-info
[2.439s] running install_scripts
[2.463s] writing list of installed files to '/home/naveenkumar/mobile_robot/build/worlds/install.log'
[2.493s] Invoked command in '/home/naveenkumar/mobile_robot/src/worlds' returned '0': PYTHONPATH=/home/naveenkumar/mobile_robot/build/worlds/prefix_override:/usr/lib/python3/dist-packages/colcon_core/task/python/colcon_distutils_commands:/home/naveenkumar/mobile_robot/install/worlds/lib/python3.10/site-packages:${PYTHONPATH} /usr/bin/python3 -W ignore:setup.py install is deprecated setup.py egg_info --egg-base ../../build/worlds build --build-base /home/naveenkumar/mobile_robot/build/worlds/build install --record /home/naveenkumar/mobile_robot/build/worlds/install.log --single-version-externally-managed install_data --force
