[0.409s] Invoking command in '/home/naveenkumar/mobile_robot/build/robot_description': CMAKE_PREFIX_PATH=${CMAKE_PREFIX_PATH}:/home/naveenkumar/mobile_robot/install/simulations:/home/naveenkumar/mobile_robot/install/worlds:/home/naveenkumar/AMR/install/telenex_robot_description:/home/naveenkumar/AMR/install/naveen_pkg:/home/naveenkumar/AMR/install/my_package:/home/naveenkumar/thesis/install/turtlebot3_teleop:/home/naveenkumar/thesis/install/turtlebot3_example:/opt/ros/humble /usr/bin/cmake --build /home/naveenkumar/mobile_robot/build/robot_description -- -j8 -l8
[5.989s] Invoked command in '/home/naveenkumar/mobile_robot/build/robot_description' returned '0': CMAKE_PREFIX_PATH=${CMAKE_PREFIX_PATH}:/home/naveenkumar/mobile_robot/install/simulations:/home/naveenkumar/mobile_robot/install/worlds:/home/naveenkumar/AMR/install/telenex_robot_description:/home/naveenkumar/AMR/install/naveen_pkg:/home/naveenkumar/AMR/install/my_package:/home/naveenkumar/thesis/install/turtlebot3_teleop:/home/naveenkumar/thesis/install/turtlebot3_example:/opt/ros/humble /usr/bin/cmake --build /home/naveenkumar/mobile_robot/build/robot_description -- -j8 -l8
[6.536s] Invoking command in '/home/naveenkumar/mobile_robot/build/robot_description': CMAKE_PREFIX_PATH=${CMAKE_PREFIX_PATH}:/home/naveenkumar/mobile_robot/install/simulations:/home/naveenkumar/mobile_robot/install/worlds:/home/naveenkumar/AMR/install/telenex_robot_description:/home/naveenkumar/AMR/install/naveen_pkg:/home/naveenkumar/AMR/install/my_package:/home/naveenkumar/thesis/install/turtlebot3_teleop:/home/naveenkumar/thesis/install/turtlebot3_example:/opt/ros/humble /usr/bin/cmake --install /home/naveenkumar/mobile_robot/build/robot_description
[6.640s] -- Install configuration: ""
[6.648s] -- Up-to-date: /home/naveenkumar/mobile_robot/install/robot_description/share/robot_description/urdf
[6.657s] -- Up-to-date: /home/naveenkumar/mobile_robot/install/robot_description/share/robot_description/urdf/robot_base.urdf
[6.672s] -- Up-to-date: /home/naveenkumar/mobile_robot/install/robot_description/share/robot_description/urdf/inertial_macros.xacro
[6.690s] -- Up-to-date: /home/naveenkumar/mobile_robot/install/robot_description/share/robot_description/urdf/gazebo_control.xacro
[6.691s] -- Up-to-date: /home/naveenkumar/mobile_robot/install/robot_description/share/robot_description/urdf/lidar.xacro
[6.692s] -- Up-to-date: /home/naveenkumar/mobile_robot/install/robot_description/share/robot_description/urdf/camera.xacro
[6.718s] -- Up-to-date: /home/naveenkumar/mobile_robot/install/robot_description/share/ament_index/resource_index/package_run_dependencies/robot_description
[6.729s] -- Up-to-date: /home/naveenkumar/mobile_robot/install/robot_description/share/ament_index/resource_index/parent_prefix_path/robot_description
[6.729s] -- Up-to-date: /home/naveenkumar/mobile_robot/install/robot_description/share/robot_description/environment/ament_prefix_path.sh
[6.730s] -- Up-to-date: /home/naveenkumar/mobile_robot/install/robot_description/share/robot_description/environment/ament_prefix_path.dsv
[6.733s] -- Up-to-date: /home/naveenkumar/mobile_robot/install/robot_description/share/robot_description/environment/path.sh
[6.734s] -- Up-to-date: /home/naveenkumar/mobile_robot/install/robot_description/share/robot_description/environment/path.dsv
[6.734s] -- Up-to-date: /home/naveenkumar/mobile_robot/install/robot_description/share/robot_description/local_setup.bash
[6.734s] -- Up-to-date: /home/naveenkumar/mobile_robot/install/robot_description/share/robot_description/local_setup.sh
[6.734s] -- Up-to-date: /home/naveenkumar/mobile_robot/install/robot_description/share/robot_description/local_setup.zsh
[6.734s] -- Up-to-date: /home/naveenkumar/mobile_robot/install/robot_description/share/robot_description/local_setup.dsv
[6.735s] -- Installing: /home/naveenkumar/mobile_robot/install/robot_description/share/robot_description/package.dsv
[6.735s] -- Up-to-date: /home/naveenkumar/mobile_robot/install/robot_description/share/ament_index/resource_index/packages/robot_description
[6.735s] -- Up-to-date: /home/naveenkumar/mobile_robot/install/robot_description/share/robot_description/cmake/robot_descriptionConfig.cmake
[6.749s] -- Up-to-date: /home/naveenkumar/mobile_robot/install/robot_description/share/robot_description/cmake/robot_descriptionConfig-version.cmake
[6.754s] -- Up-to-date: /home/naveenkumar/mobile_robot/install/robot_description/share/robot_description/package.xml
[6.770s] Invoked command in '/home/naveenkumar/mobile_robot/build/robot_description' returned '0': CMAKE_PREFIX_PATH=${CMAKE_PREFIX_PATH}:/home/naveenkumar/mobile_robot/install/simulations:/home/naveenkumar/mobile_robot/install/worlds:/home/naveenkumar/AMR/install/telenex_robot_description:/home/naveenkumar/AMR/install/naveen_pkg:/home/naveenkumar/AMR/install/my_package:/home/naveenkumar/thesis/install/turtlebot3_teleop:/home/naveenkumar/thesis/install/turtlebot3_example:/opt/ros/humble /usr/bin/cmake --install /home/naveenkumar/mobile_robot/build/robot_description
