[1.539s] Invoking command in '/home/naveenkumar/mobile_robot/src/robot_control': PYTHONPATH=/home/naveenkumar/mobile_robot/build/robot_control/prefix_override:/usr/lib/python3/dist-packages/colcon_core/task/python/colcon_distutils_commands:/home/naveenkumar/mobile_robot/install/robot_control/lib/python3.10/site-packages:${PYTHONPATH} /usr/bin/python3 -W ignore:setup.py install is deprecated setup.py egg_info --egg-base ../../build/robot_control build --build-base /home/naveenkumar/mobile_robot/build/robot_control/build install --record /home/naveenkumar/mobile_robot/build/robot_control/install.log --single-version-externally-managed install_data
[1.959s] running egg_info
[1.960s] writing ../../build/robot_control/robot_control.egg-info/PKG-INFO
[1.960s] writing dependency_links to ../../build/robot_control/robot_control.egg-info/dependency_links.txt
[1.961s] writing entry points to ../../build/robot_control/robot_control.egg-info/entry_points.txt
[1.961s] writing requirements to ../../build/robot_control/robot_control.egg-info/requires.txt
[1.961s] writing top-level names to ../../build/robot_control/robot_control.egg-info/top_level.txt
[1.966s] reading manifest file '../../build/robot_control/robot_control.egg-info/SOURCES.txt'
[1.969s] writing manifest file '../../build/robot_control/robot_control.egg-info/SOURCES.txt'
[1.969s] running build
[1.970s] running build_py
[1.970s] copying robot_control/circle.py -> /home/naveenkumar/mobile_robot/build/robot_control/build/lib/robot_control
[1.970s] copying robot_control/wallfollowing.py -> /home/naveenkumar/mobile_robot/build/robot_control/build/lib/robot_control
[1.971s] running install
[1.971s] running install_lib
[1.973s] copying /home/naveenkumar/mobile_robot/build/robot_control/build/lib/robot_control/circle.py -> /home/naveenkumar/mobile_robot/install/robot_control/lib/python3.10/site-packages/robot_control
[1.973s] copying /home/naveenkumar/mobile_robot/build/robot_control/build/lib/robot_control/wallfollowing.py -> /home/naveenkumar/mobile_robot/install/robot_control/lib/python3.10/site-packages/robot_control
[1.974s] byte-compiling /home/naveenkumar/mobile_robot/install/robot_control/lib/python3.10/site-packages/robot_control/circle.py to circle.cpython-310.pyc
[1.975s] byte-compiling /home/naveenkumar/mobile_robot/install/robot_control/lib/python3.10/site-packages/robot_control/wallfollowing.py to wallfollowing.cpython-310.pyc
[1.976s] running install_data
[1.976s] running install_egg_info
[1.978s] removing '/home/naveenkumar/mobile_robot/install/robot_control/lib/python3.10/site-packages/robot_control-0.0.0-py3.10.egg-info' (and everything under it)
[1.979s] Copying ../../build/robot_control/robot_control.egg-info to /home/naveenkumar/mobile_robot/install/robot_control/lib/python3.10/site-packages/robot_control-0.0.0-py3.10.egg-info
[1.981s] running install_scripts
[2.009s] Installing circle script to /home/naveenkumar/mobile_robot/install/robot_control/lib/robot_control
[2.010s] writing list of installed files to '/home/naveenkumar/mobile_robot/build/robot_control/install.log'
[2.102s] Invoked command in '/home/naveenkumar/mobile_robot/src/robot_control' returned '0': PYTHONPATH=/home/naveenkumar/mobile_robot/build/robot_control/prefix_override:/usr/lib/python3/dist-packages/colcon_core/task/python/colcon_distutils_commands:/home/naveenkumar/mobile_robot/install/robot_control/lib/python3.10/site-packages:${PYTHONPATH} /usr/bin/python3 -W ignore:setup.py install is deprecated setup.py egg_info --egg-base ../../build/robot_control build --build-base /home/naveenkumar/mobile_robot/build/robot_control/build install --record /home/naveenkumar/mobile_robot/build/robot_control/install.log --single-version-externally-managed install_data
