[0.254s] DEBUG:colcon:Command line arguments: ['/usr/bin/colcon', 'list', '-p', '--base-paths', '/home/naveenkumar/mobile_robot']
[0.255s] DEBUG:colcon:Parsed command line arguments: Namespace(log_base=None, log_level=None, verb_name='list', build_base='build', ignore_user_meta=False, metas=['./colcon.meta'], base_paths=['/home/naveenkumar/mobile_robot'], packages_ignore=None, packages_ignore_regex=None, paths=None, packages_up_to=None, packages_up_to_regex=None, packages_above=None, packages_above_and_dependencies=None, packages_above_depth=None, packages_select_by_dep=None, packages_skip_by_dep=None, packages_skip_up_to=None, packages_select_build_failed=False, packages_skip_build_finished=False, packages_select_test_failures=False, packages_skip_test_passed=False, packages_select=None, packages_skip=None, packages_select_regex=None, packages_skip_regex=None, packages_start=None, packages_end=None, allow_overriding=[], topological_order=False, names_only=False, paths_only=True, topological_graph=False, topological_graph_dot=False, topological_graph_density=False, topological_graph_legend=False, topological_graph_dot_cluster=False, topological_graph_dot_include_skipped=False, mixin_files=None, mixin=None, verb_parser=<colcon_mixin.mixin.mixin_argument.MixinArgumentDecorator object at 0x75addb359420>, verb_extension=<colcon_package_information.verb.list.ListVerb object at 0x75addb489f00>, main=<bound method ListVerb.main of <colcon_package_information.verb.list.ListVerb object at 0x75addb489f00>>, mixin_verb=('list',))
[0.765s] Level 1:colcon.colcon_core.package_discovery:discover_packages(colcon_meta) check parameters
[0.765s] Level 1:colcon.colcon_core.package_discovery:discover_packages(recursive) check parameters
[0.766s] Level 1:colcon.colcon_core.package_discovery:discover_packages(ignore) check parameters
[0.766s] Level 1:colcon.colcon_core.package_discovery:discover_packages(path) check parameters
[0.766s] Level 1:colcon.colcon_core.package_discovery:discover_packages(recursive) discover
[0.766s] INFO:colcon.colcon_core.package_discovery:Crawling recursively for packages in '/home/naveenkumar/mobile_robot'
[0.767s] Level 1:colcon.colcon_core.package_identification:_identify(/home/naveenkumar/mobile_robot) by extensions ['ignore', 'ignore_ament_install']
[0.767s] Level 1:colcon.colcon_core.package_identification:_identify(/home/naveenkumar/mobile_robot) by extension 'ignore'
[0.768s] Level 1:colcon.colcon_core.package_identification:_identify(/home/naveenkumar/mobile_robot) by extension 'ignore_ament_install'
[0.769s] Level 1:colcon.colcon_core.package_identification:_identify(/home/naveenkumar/mobile_robot) by extensions ['colcon_pkg']
[0.769s] Level 1:colcon.colcon_core.package_identification:_identify(/home/naveenkumar/mobile_robot) by extension 'colcon_pkg'
[0.769s] Level 1:colcon.colcon_core.package_identification:_identify(/home/naveenkumar/mobile_robot) by extensions ['colcon_meta']
[0.770s] Level 1:colcon.colcon_core.package_identification:_identify(/home/naveenkumar/mobile_robot) by extension 'colcon_meta'
[0.770s] Level 1:colcon.colcon_core.package_identification:_identify(/home/naveenkumar/mobile_robot) by extensions ['ros']
[0.770s] Level 1:colcon.colcon_core.package_identification:_identify(/home/naveenkumar/mobile_robot) by extension 'ros'
[0.816s] Level 1:colcon.colcon_core.package_identification:_identify(/home/naveenkumar/mobile_robot) by extensions ['cmake', 'python']
[0.817s] Level 1:colcon.colcon_core.package_identification:_identify(/home/naveenkumar/mobile_robot) by extension 'cmake'
[0.817s] Level 1:colcon.colcon_core.package_identification:_identify(/home/naveenkumar/mobile_robot) by extension 'python'
[0.817s] Level 1:colcon.colcon_core.package_identification:_identify(/home/naveenkumar/mobile_robot) by extensions ['python_setup_py']
[0.817s] Level 1:colcon.colcon_core.package_identification:_identify(/home/naveenkumar/mobile_robot) by extension 'python_setup_py'
[0.818s] Level 1:colcon.colcon_core.package_identification:_identify(/home/naveenkumar/mobile_robot/build) by extensions ['ignore', 'ignore_ament_install']
[0.818s] Level 1:colcon.colcon_core.package_identification:_identify(/home/naveenkumar/mobile_robot/build) by extension 'ignore'
[0.818s] Level 1:colcon.colcon_core.package_identification:_identify(/home/naveenkumar/mobile_robot/build) ignored
[0.819s] Level 1:colcon.colcon_core.package_identification:_identify(/home/naveenkumar/mobile_robot/install) by extensions ['ignore', 'ignore_ament_install']
[0.819s] Level 1:colcon.colcon_core.package_identification:_identify(/home/naveenkumar/mobile_robot/install) by extension 'ignore'
[0.828s] Level 1:colcon.colcon_core.package_identification:_identify(/home/naveenkumar/mobile_robot/install) ignored
[0.830s] Level 1:colcon.colcon_core.package_identification:_identify(/home/naveenkumar/mobile_robot/log) by extensions ['ignore', 'ignore_ament_install']
[0.830s] Level 1:colcon.colcon_core.package_identification:_identify(/home/naveenkumar/mobile_robot/log) by extension 'ignore'
[0.830s] Level 1:colcon.colcon_core.package_identification:_identify(/home/naveenkumar/mobile_robot/log) ignored
[0.831s] Level 1:colcon.colcon_core.package_identification:_identify(/home/naveenkumar/mobile_robot/src) by extensions ['ignore', 'ignore_ament_install']
[0.831s] Level 1:colcon.colcon_core.package_identification:_identify(/home/naveenkumar/mobile_robot/src) by extension 'ignore'
[0.831s] Level 1:colcon.colcon_core.package_identification:_identify(/home/naveenkumar/mobile_robot/src) by extension 'ignore_ament_install'
[0.831s] Level 1:colcon.colcon_core.package_identification:_identify(/home/naveenkumar/mobile_robot/src) by extensions ['colcon_pkg']
[0.831s] Level 1:colcon.colcon_core.package_identification:_identify(/home/naveenkumar/mobile_robot/src) by extension 'colcon_pkg'
[0.832s] Level 1:colcon.colcon_core.package_identification:_identify(/home/naveenkumar/mobile_robot/src) by extensions ['colcon_meta']
[0.832s] Level 1:colcon.colcon_core.package_identification:_identify(/home/naveenkumar/mobile_robot/src) by extension 'colcon_meta'
[0.832s] Level 1:colcon.colcon_core.package_identification:_identify(/home/naveenkumar/mobile_robot/src) by extensions ['ros']
[0.832s] Level 1:colcon.colcon_core.package_identification:_identify(/home/naveenkumar/mobile_robot/src) by extension 'ros'
[0.832s] Level 1:colcon.colcon_core.package_identification:_identify(/home/naveenkumar/mobile_robot/src) by extensions ['cmake', 'python']
[0.833s] Level 1:colcon.colcon_core.package_identification:_identify(/home/naveenkumar/mobile_robot/src) by extension 'cmake'
[0.833s] Level 1:colcon.colcon_core.package_identification:_identify(/home/naveenkumar/mobile_robot/src) by extension 'python'
[0.833s] Level 1:colcon.colcon_core.package_identification:_identify(/home/naveenkumar/mobile_robot/src) by extensions ['python_setup_py']
[0.833s] Level 1:colcon.colcon_core.package_identification:_identify(/home/naveenkumar/mobile_robot/src) by extension 'python_setup_py'
[0.833s] Level 1:colcon.colcon_core.package_identification:_identify(/home/naveenkumar/mobile_robot/src/robot_description) by extensions ['ignore', 'ignore_ament_install']
[0.834s] Level 1:colcon.colcon_core.package_identification:_identify(/home/naveenkumar/mobile_robot/src/robot_description) by extension 'ignore'
[0.834s] Level 1:colcon.colcon_core.package_identification:_identify(/home/naveenkumar/mobile_robot/src/robot_description) by extension 'ignore_ament_install'
[0.834s] Level 1:colcon.colcon_core.package_identification:_identify(/home/naveenkumar/mobile_robot/src/robot_description) by extensions ['colcon_pkg']
[0.834s] Level 1:colcon.colcon_core.package_identification:_identify(/home/naveenkumar/mobile_robot/src/robot_description) by extension 'colcon_pkg'
[0.834s] Level 1:colcon.colcon_core.package_identification:_identify(/home/naveenkumar/mobile_robot/src/robot_description) by extensions ['colcon_meta']
[0.834s] Level 1:colcon.colcon_core.package_identification:_identify(/home/naveenkumar/mobile_robot/src/robot_description) by extension 'colcon_meta'
[0.835s] Level 1:colcon.colcon_core.package_identification:_identify(/home/naveenkumar/mobile_robot/src/robot_description) by extensions ['ros']
[0.835s] Level 1:colcon.colcon_core.package_identification:_identify(/home/naveenkumar/mobile_robot/src/robot_description) by extension 'ros'
[0.841s] DEBUG:colcon.colcon_core.package_identification:Package '/home/naveenkumar/mobile_robot/src/robot_description' with type 'ros.ament_cmake' and name 'robot_description'
[0.842s] Level 1:colcon.colcon_core.package_identification:_identify(/home/naveenkumar/mobile_robot/src/simulations) by extensions ['ignore', 'ignore_ament_install']
[0.842s] Level 1:colcon.colcon_core.package_identification:_identify(/home/naveenkumar/mobile_robot/src/simulations) by extension 'ignore'
[0.842s] Level 1:colcon.colcon_core.package_identification:_identify(/home/naveenkumar/mobile_robot/src/simulations) by extension 'ignore_ament_install'
[0.843s] Level 1:colcon.colcon_core.package_identification:_identify(/home/naveenkumar/mobile_robot/src/simulations) by extensions ['colcon_pkg']
[0.843s] Level 1:colcon.colcon_core.package_identification:_identify(/home/naveenkumar/mobile_robot/src/simulations) by extension 'colcon_pkg'
[0.843s] Level 1:colcon.colcon_core.package_identification:_identify(/home/naveenkumar/mobile_robot/src/simulations) by extensions ['colcon_meta']
[0.843s] Level 1:colcon.colcon_core.package_identification:_identify(/home/naveenkumar/mobile_robot/src/simulations) by extension 'colcon_meta'
[0.843s] Level 1:colcon.colcon_core.package_identification:_identify(/home/naveenkumar/mobile_robot/src/simulations) by extensions ['ros']
[0.843s] Level 1:colcon.colcon_core.package_identification:_identify(/home/naveenkumar/mobile_robot/src/simulations) by extension 'ros'
[0.846s] DEBUG:colcon.colcon_core.package_identification:Package '/home/naveenkumar/mobile_robot/src/simulations' with type 'ros.ament_python' and name 'simulations'
[0.846s] Level 1:colcon.colcon_core.package_identification:_identify(/home/naveenkumar/mobile_robot/src/worlds) by extensions ['ignore', 'ignore_ament_install']
[0.846s] Level 1:colcon.colcon_core.package_identification:_identify(/home/naveenkumar/mobile_robot/src/worlds) by extension 'ignore'
[0.846s] Level 1:colcon.colcon_core.package_identification:_identify(/home/naveenkumar/mobile_robot/src/worlds) by extension 'ignore_ament_install'
[0.847s] Level 1:colcon.colcon_core.package_identification:_identify(/home/naveenkumar/mobile_robot/src/worlds) by extensions ['colcon_pkg']
[0.847s] Level 1:colcon.colcon_core.package_identification:_identify(/home/naveenkumar/mobile_robot/src/worlds) by extension 'colcon_pkg'
[0.847s] Level 1:colcon.colcon_core.package_identification:_identify(/home/naveenkumar/mobile_robot/src/worlds) by extensions ['colcon_meta']
[0.847s] Level 1:colcon.colcon_core.package_identification:_identify(/home/naveenkumar/mobile_robot/src/worlds) by extension 'colcon_meta'
[0.847s] Level 1:colcon.colcon_core.package_identification:_identify(/home/naveenkumar/mobile_robot/src/worlds) by extensions ['ros']
[0.847s] Level 1:colcon.colcon_core.package_identification:_identify(/home/naveenkumar/mobile_robot/src/worlds) by extension 'ros'
[0.848s] DEBUG:colcon.colcon_core.package_identification:Package '/home/naveenkumar/mobile_robot/src/worlds' with type 'ros.ament_python' and name 'worlds'
[0.849s] Level 1:colcon.colcon_core.package_discovery:discover_packages(recursive) using defaults
