[3.038s] Invoking command in '/home/naveenkumar/mobile_robot/src/robot_control': PYTHONPATH=/home/naveenkumar/mobile_robot/build/robot_control/prefix_override:/usr/lib/python3/dist-packages/colcon_core/task/python/colcon_distutils_commands:/home/naveenkumar/mobile_robot/install/robot_control/lib/python3.10/site-packages:${PYTHONPATH} /usr/bin/python3 -W ignore:setup.py install is deprecated setup.py egg_info --egg-base ../../build/robot_control build --build-base /home/naveenkumar/mobile_robot/build/robot_control/build install --record /home/naveenkumar/mobile_robot/build/robot_control/install.log --single-version-externally-managed install_data
[3.981s] running egg_info
[3.981s] writing ../../build/robot_control/robot_control.egg-info/PKG-INFO
[3.982s] writing dependency_links to ../../build/robot_control/robot_control.egg-info/dependency_links.txt
[3.982s] writing entry points to ../../build/robot_control/robot_control.egg-info/entry_points.txt
[3.982s] writing requirements to ../../build/robot_control/robot_control.egg-info/requires.txt
[3.982s] writing top-level names to ../../build/robot_control/robot_control.egg-info/top_level.txt
[3.985s] reading manifest file '../../build/robot_control/robot_control.egg-info/SOURCES.txt'
[3.993s] writing manifest file '../../build/robot_control/robot_control.egg-info/SOURCES.txt'
[3.993s] running build
[3.993s] running build_py
[3.994s] running install
[3.994s] running install_lib
[3.996s] running install_data
[3.997s] running install_egg_info
[3.999s] removing '/home/naveenkumar/mobile_robot/install/robot_control/lib/python3.10/site-packages/robot_control-0.0.0-py3.10.egg-info' (and everything under it)
[3.999s] Copying ../../build/robot_control/robot_control.egg-info to /home/naveenkumar/mobile_robot/install/robot_control/lib/python3.10/site-packages/robot_control-0.0.0-py3.10.egg-info
[4.001s] running install_scripts
[4.064s] Installing circle script to /home/naveenkumar/mobile_robot/install/robot_control/lib/robot_control
[4.064s] writing list of installed files to '/home/naveenkumar/mobile_robot/build/robot_control/install.log'
[4.222s] Invoked command in '/home/naveenkumar/mobile_robot/src/robot_control' returned '0': PYTHONPATH=/home/naveenkumar/mobile_robot/build/robot_control/prefix_override:/usr/lib/python3/dist-packages/colcon_core/task/python/colcon_distutils_commands:/home/naveenkumar/mobile_robot/install/robot_control/lib/python3.10/site-packages:${PYTHONPATH} /usr/bin/python3 -W ignore:setup.py install is deprecated setup.py egg_info --egg-base ../../build/robot_control build --build-base /home/naveenkumar/mobile_robot/build/robot_control/build install --record /home/naveenkumar/mobile_robot/build/robot_control/install.log --single-version-externally-managed install_data
