[0.497s] Invoking command in '/home/naveenkumar/mobile_robot/build/robot_description': CMAKE_PREFIX_PATH=${CMAKE_PREFIX_PATH}:/home/naveenkumar/AMR/install/telenex_robot_description:/home/naveenkumar/AMR/install/naveen_pkg:/home/naveenkumar/AMR/install/my_package:/home/naveenkumar/thesis/install/turtlebot3_teleop:/home/naveenkumar/thesis/install/turtlebot3_example:/opt/ros/humble /usr/bin/cmake --build /home/naveenkumar/mobile_robot/build/robot_description -- -j8 -l8
[6.851s] Invoked command in '/home/naveenkumar/mobile_robot/build/robot_description' returned '0': CMAKE_PREFIX_PATH=${CMAKE_PREFIX_PATH}:/home/naveenkumar/AMR/install/telenex_robot_description:/home/naveenkumar/AMR/install/naveen_pkg:/home/naveenkumar/AMR/install/my_package:/home/naveenkumar/thesis/install/turtlebot3_teleop:/home/naveenkumar/thesis/install/turtlebot3_example:/opt/ros/humble /usr/bin/cmake --build /home/naveenkumar/mobile_robot/build/robot_description -- -j8 -l8
[7.599s] Invoking command in '/home/naveenkumar/mobile_robot/build/robot_description': CMAKE_PREFIX_PATH=${CMAKE_PREFIX_PATH}:/home/naveenkumar/AMR/install/telenex_robot_description:/home/naveenkumar/AMR/install/naveen_pkg:/home/naveenkumar/AMR/install/my_package:/home/naveenkumar/thesis/install/turtlebot3_teleop:/home/naveenkumar/thesis/install/turtlebot3_example:/opt/ros/humble /usr/bin/cmake --install /home/naveenkumar/mobile_robot/build/robot_description
[7.788s] -- Install configuration: ""
[7.789s] -- Up-to-date: /home/naveenkumar/mobile_robot/install/robot_description/share/robot_description/urdf
[7.790s] -- Up-to-date: /home/naveenkumar/mobile_robot/install/robot_description/share/robot_description/urdf/robot_base.urdf
[7.790s] -- Up-to-date: /home/naveenkumar/mobile_robot/install/robot_description/share/robot_description/urdf/inertial_macros.xacro
[7.790s] -- Up-to-date: /home/naveenkumar/mobile_robot/install/robot_description/share/robot_description/urdf/gazebo_control.xacro
[7.790s] -- Up-to-date: /home/naveenkumar/mobile_robot/install/robot_description/share/robot_description/urdf/lidar.xacro
[7.791s] -- Up-to-date: /home/naveenkumar/mobile_robot/install/robot_description/share/robot_description/urdf/camera.xacro
[7.792s] -- Up-to-date: /home/naveenkumar/mobile_robot/install/robot_description/share/ament_index/resource_index/package_run_dependencies/robot_description
[7.796s] -- Up-to-date: /home/naveenkumar/mobile_robot/install/robot_description/share/ament_index/resource_index/parent_prefix_path/robot_description
[7.797s] -- Up-to-date: /home/naveenkumar/mobile_robot/install/robot_description/share/robot_description/environment/ament_prefix_path.sh
[7.799s] -- Up-to-date: /home/naveenkumar/mobile_robot/install/robot_description/share/robot_description/environment/ament_prefix_path.dsv
[7.807s] -- Up-to-date: /home/naveenkumar/mobile_robot/install/robot_description/share/robot_description/environment/path.sh
[7.808s] -- Up-to-date: /home/naveenkumar/mobile_robot/install/robot_description/share/robot_description/environment/path.dsv
[7.843s] -- Up-to-date: /home/naveenkumar/mobile_robot/install/robot_description/share/robot_description/local_setup.bash
[7.886s] -- Up-to-date: /home/naveenkumar/mobile_robot/install/robot_description/share/robot_description/local_setup.sh
[7.889s] -- Up-to-date: /home/naveenkumar/mobile_robot/install/robot_description/share/robot_description/local_setup.zsh
[7.898s] -- Up-to-date: /home/naveenkumar/mobile_robot/install/robot_description/share/robot_description/local_setup.dsv
[7.899s] -- Installing: /home/naveenkumar/mobile_robot/install/robot_description/share/robot_description/package.dsv
[7.934s] -- Up-to-date: /home/naveenkumar/mobile_robot/install/robot_description/share/ament_index/resource_index/packages/robot_description
[7.935s] -- Up-to-date: /home/naveenkumar/mobile_robot/install/robot_description/share/robot_description/cmake/robot_descriptionConfig.cmake
[7.935s] -- Up-to-date: /home/naveenkumar/mobile_robot/install/robot_description/share/robot_description/cmake/robot_descriptionConfig-version.cmake
[7.936s] -- Up-to-date: /home/naveenkumar/mobile_robot/install/robot_description/share/robot_description/package.xml
[7.967s] Invoked command in '/home/naveenkumar/mobile_robot/build/robot_description' returned '0': CMAKE_PREFIX_PATH=${CMAKE_PREFIX_PATH}:/home/naveenkumar/AMR/install/telenex_robot_description:/home/naveenkumar/AMR/install/naveen_pkg:/home/naveenkumar/AMR/install/my_package:/home/naveenkumar/thesis/install/turtlebot3_teleop:/home/naveenkumar/thesis/install/turtlebot3_example:/opt/ros/humble /usr/bin/cmake --install /home/naveenkumar/mobile_robot/build/robot_description
