[0.030s] Invoking command in '/home/naveenkumar/mobile_robot/build/robot_description': CMAKE_PREFIX_PATH=${CMAKE_PREFIX_PATH}:/home/naveenkumar/AMR/install/telenex_robot_description:/home/naveenkumar/AMR/install/naveen_pkg:/home/naveenkumar/AMR/install/my_package:/home/naveenkumar/thesis/install/turtlebot3_teleop:/home/naveenkumar/thesis/install/turtlebot3_example:/opt/ros/humble /usr/bin/cmake /home/naveenkumar/mobile_robot/src/robot_description -DAMENT_CMAKE_SYMLINK_INSTALL=1 -DCMAKE_INSTALL_PREFIX=/home/naveenkumar/mobile_robot/install/robot_description
[0.359s] -- Found ament_cmake: 1.3.10 (/opt/ros/humble/share/ament_cmake/cmake)
[0.360s] -- Override CMake install command with custom implementation using symlinks instead of copying resources
[0.360s] -- Found ament_lint_auto: 0.12.11 (/opt/ros/humble/share/ament_lint_auto/cmake)
[0.360s] -- Added test 'copyright' to check source files copyright and LICENSE
[0.360s] -- Added test 'lint_cmake' to check CMake code style
[0.360s] -- Added test 'xmllint' to check XML markup files
[0.360s] -- Configuring done
[0.360s] -- Generating done
[0.361s] -- Build files have been written to: /home/naveenkumar/mobile_robot/build/robot_description
[0.361s] Invoked command in '/home/naveenkumar/mobile_robot/build/robot_description' returned '0': CMAKE_PREFIX_PATH=${CMAKE_PREFIX_PATH}:/home/naveenkumar/AMR/install/telenex_robot_description:/home/naveenkumar/AMR/install/naveen_pkg:/home/naveenkumar/AMR/install/my_package:/home/naveenkumar/thesis/install/turtlebot3_teleop:/home/naveenkumar/thesis/install/turtlebot3_example:/opt/ros/humble /usr/bin/cmake /home/naveenkumar/mobile_robot/src/robot_description -DAMENT_CMAKE_SYMLINK_INSTALL=1 -DCMAKE_INSTALL_PREFIX=/home/naveenkumar/mobile_robot/install/robot_description
[0.363s] Invoking command in '/home/naveenkumar/mobile_robot/build/robot_description': CMAKE_PREFIX_PATH=${CMAKE_PREFIX_PATH}:/home/naveenkumar/AMR/install/telenex_robot_description:/home/naveenkumar/AMR/install/naveen_pkg:/home/naveenkumar/AMR/install/my_package:/home/naveenkumar/thesis/install/turtlebot3_teleop:/home/naveenkumar/thesis/install/turtlebot3_example:/opt/ros/humble /usr/bin/cmake --build /home/naveenkumar/mobile_robot/build/robot_description -- -j8 -l8
[0.673s] Invoked command in '/home/naveenkumar/mobile_robot/build/robot_description' returned '0': CMAKE_PREFIX_PATH=${CMAKE_PREFIX_PATH}:/home/naveenkumar/AMR/install/telenex_robot_description:/home/naveenkumar/AMR/install/naveen_pkg:/home/naveenkumar/AMR/install/my_package:/home/naveenkumar/thesis/install/turtlebot3_teleop:/home/naveenkumar/thesis/install/turtlebot3_example:/opt/ros/humble /usr/bin/cmake --build /home/naveenkumar/mobile_robot/build/robot_description -- -j8 -l8
[0.709s] Invoking command in '/home/naveenkumar/mobile_robot/build/robot_description': CMAKE_PREFIX_PATH=${CMAKE_PREFIX_PATH}:/home/naveenkumar/AMR/install/telenex_robot_description:/home/naveenkumar/AMR/install/naveen_pkg:/home/naveenkumar/AMR/install/my_package:/home/naveenkumar/thesis/install/turtlebot3_teleop:/home/naveenkumar/thesis/install/turtlebot3_example:/opt/ros/humble /usr/bin/cmake --install /home/naveenkumar/mobile_robot/build/robot_description
[0.717s] -- Install configuration: ""
[0.718s] -- Execute custom install script
[0.719s] -- Up-to-date symlink: /home/naveenkumar/mobile_robot/install/robot_description/share/robot_description/urdf/camera.xacro
[0.719s] -- Up-to-date symlink: /home/naveenkumar/mobile_robot/install/robot_description/share/robot_description/urdf/gazebo_control.xacro
[0.719s] -- Up-to-date symlink: /home/naveenkumar/mobile_robot/install/robot_description/share/robot_description/urdf/inertial_macros.xacro
[0.720s] -- Up-to-date symlink: /home/naveenkumar/mobile_robot/install/robot_description/share/robot_description/urdf/lidar.xacro
[0.720s] -- Up-to-date symlink: /home/naveenkumar/mobile_robot/install/robot_description/share/robot_description/urdf/robot_base.urdf
[0.721s] -- Up-to-date symlink: /home/naveenkumar/mobile_robot/install/robot_description/share/ament_index/resource_index/package_run_dependencies/robot_description
[0.722s] -- Up-to-date symlink: /home/naveenkumar/mobile_robot/install/robot_description/share/ament_index/resource_index/parent_prefix_path/robot_description
[0.722s] -- Up-to-date symlink: /home/naveenkumar/mobile_robot/install/robot_description/share/robot_description/environment/ament_prefix_path.sh
[0.723s] -- Up-to-date symlink: /home/naveenkumar/mobile_robot/install/robot_description/share/robot_description/environment/ament_prefix_path.dsv
[0.723s] -- Up-to-date symlink: /home/naveenkumar/mobile_robot/install/robot_description/share/robot_description/environment/path.sh
[0.723s] -- Up-to-date symlink: /home/naveenkumar/mobile_robot/install/robot_description/share/robot_description/environment/path.dsv
[0.723s] -- Up-to-date symlink: /home/naveenkumar/mobile_robot/install/robot_description/share/robot_description/local_setup.bash
[0.724s] -- Up-to-date symlink: /home/naveenkumar/mobile_robot/install/robot_description/share/robot_description/local_setup.sh
[0.724s] -- Up-to-date symlink: /home/naveenkumar/mobile_robot/install/robot_description/share/robot_description/local_setup.zsh
[0.724s] -- Up-to-date symlink: /home/naveenkumar/mobile_robot/install/robot_description/share/robot_description/local_setup.dsv
[0.724s] -- Symlinking: /home/naveenkumar/mobile_robot/install/robot_description/share/robot_description/package.dsv
[0.736s] -- Up-to-date symlink: /home/naveenkumar/mobile_robot/install/robot_description/share/ament_index/resource_index/packages/robot_description
[0.736s] -- Up-to-date symlink: /home/naveenkumar/mobile_robot/install/robot_description/share/robot_description/cmake/robot_descriptionConfig.cmake
[0.737s] -- Up-to-date symlink: /home/naveenkumar/mobile_robot/install/robot_description/share/robot_description/cmake/robot_descriptionConfig-version.cmake
[0.737s] -- Up-to-date symlink: /home/naveenkumar/mobile_robot/install/robot_description/share/robot_description/package.xml
[0.739s] Invoked command in '/home/naveenkumar/mobile_robot/build/robot_description' returned '0': CMAKE_PREFIX_PATH=${CMAKE_PREFIX_PATH}:/home/naveenkumar/AMR/install/telenex_robot_description:/home/naveenkumar/AMR/install/naveen_pkg:/home/naveenkumar/AMR/install/my_package:/home/naveenkumar/thesis/install/turtlebot3_teleop:/home/naveenkumar/thesis/install/turtlebot3_example:/opt/ros/humble /usr/bin/cmake --install /home/naveenkumar/mobile_robot/build/robot_description
