[14.318s] Invoking command in '/home/naveenkumar/mobile_robot/src/worlds': PYTHONPATH=/home/naveenkumar/mobile_robot/build/worlds/prefix_override:/usr/lib/python3/dist-packages/colcon_core/task/python/colcon_distutils_commands:/home/naveenkumar/mobile_robot/install/worlds/lib/python3.10/site-packages:${PYTHONPATH} /usr/bin/python3 -W ignore:setup.py install is deprecated setup.py egg_info --egg-base ../../build/worlds build --build-base /home/naveenkumar/mobile_robot/build/worlds/build install --record /home/naveenkumar/mobile_robot/build/worlds/install.log --single-version-externally-managed install_data
[19.826s] running egg_info
[19.828s] writing ../../build/worlds/worlds.egg-info/PKG-INFO
[19.833s] writing dependency_links to ../../build/worlds/worlds.egg-info/dependency_links.txt
[19.849s] writing entry points to ../../build/worlds/worlds.egg-info/entry_points.txt
[19.858s] writing requirements to ../../build/worlds/worlds.egg-info/requires.txt
[19.859s] writing top-level names to ../../build/worlds/worlds.egg-info/top_level.txt
[19.869s] reading manifest file '../../build/worlds/worlds.egg-info/SOURCES.txt'
[19.891s] writing manifest file '../../build/worlds/worlds.egg-info/SOURCES.txt'
[19.897s] running build
[19.898s] running build_py
[19.901s] running install
[19.902s] running install_lib
[19.924s] running install_data
[19.925s] running install_egg_info
[19.945s] removing '/home/naveenkumar/mobile_robot/install/worlds/lib/python3.10/site-packages/worlds-0.0.0-py3.10.egg-info' (and everything under it)
[19.945s] Copying ../../build/worlds/worlds.egg-info to /home/naveenkumar/mobile_robot/install/worlds/lib/python3.10/site-packages/worlds-0.0.0-py3.10.egg-info
[19.948s] running install_scripts
[20.215s] writing list of installed files to '/home/naveenkumar/mobile_robot/build/worlds/install.log'
[20.790s] Invoked command in '/home/naveenkumar/mobile_robot/src/worlds' returned '0': PYTHONPATH=/home/naveenkumar/mobile_robot/build/worlds/prefix_override:/usr/lib/python3/dist-packages/colcon_core/task/python/colcon_distutils_commands:/home/naveenkumar/mobile_robot/install/worlds/lib/python3.10/site-packages:${PYTHONPATH} /usr/bin/python3 -W ignore:setup.py install is deprecated setup.py egg_info --egg-base ../../build/worlds build --build-base /home/naveenkumar/mobile_robot/build/worlds/build install --record /home/naveenkumar/mobile_robot/build/worlds/install.log --single-version-externally-managed install_data
