[1.170s] Invoking command in '/home/naveenkumar/mobile_robot/src/robot_control': PYTHONPATH=/home/naveenkumar/mobile_robot/build/robot_control/prefix_override:/usr/lib/python3/dist-packages/colcon_core/task/python/colcon_distutils_commands:/home/naveenkumar/mobile_robot/install/robot_control/lib/python3.10/site-packages:${PYTHONPATH} /usr/bin/python3 -W ignore:setup.py install is deprecated setup.py egg_info --egg-base ../../build/robot_control build --build-base /home/naveenkumar/mobile_robot/build/robot_control/build install --record /home/naveenkumar/mobile_robot/build/robot_control/install.log --single-version-externally-managed install_data
[1.469s] running egg_info
[1.469s] writing ../../build/robot_control/robot_control.egg-info/PKG-INFO
[1.470s] writing dependency_links to ../../build/robot_control/robot_control.egg-info/dependency_links.txt
[1.470s] writing entry points to ../../build/robot_control/robot_control.egg-info/entry_points.txt
[1.470s] writing requirements to ../../build/robot_control/robot_control.egg-info/requires.txt
[1.470s] writing top-level names to ../../build/robot_control/robot_control.egg-info/top_level.txt
[1.473s] reading manifest file '../../build/robot_control/robot_control.egg-info/SOURCES.txt'
[1.474s] writing manifest file '../../build/robot_control/robot_control.egg-info/SOURCES.txt'
[1.474s] running build
[1.474s] running build_py
[1.474s] copying robot_control/__init__.py -> /home/naveenkumar/mobile_robot/build/robot_control/build/lib/robot_control
[1.474s] running install
[1.475s] running install_lib
[1.476s] copying /home/naveenkumar/mobile_robot/build/robot_control/build/lib/robot_control/__init__.py -> /home/naveenkumar/mobile_robot/install/robot_control/lib/python3.10/site-packages/robot_control
[1.476s] byte-compiling /home/naveenkumar/mobile_robot/install/robot_control/lib/python3.10/site-packages/robot_control/__init__.py to __init__.cpython-310.pyc
[1.477s] running install_data
[1.477s] copying resource/robot_control -> /home/naveenkumar/mobile_robot/install/robot_control/share/ament_index/resource_index/packages
[1.477s] copying package.xml -> /home/naveenkumar/mobile_robot/install/robot_control/share/robot_control
[1.477s] running install_egg_info
[1.479s] removing '/home/naveenkumar/mobile_robot/install/robot_control/lib/python3.10/site-packages/robot_control-0.0.0-py3.10.egg-info' (and everything under it)
[1.479s] Copying ../../build/robot_control/robot_control.egg-info to /home/naveenkumar/mobile_robot/install/robot_control/lib/python3.10/site-packages/robot_control-0.0.0-py3.10.egg-info
[1.480s] running install_scripts
[1.502s] writing list of installed files to '/home/naveenkumar/mobile_robot/build/robot_control/install.log'
[1.557s] Invoked command in '/home/naveenkumar/mobile_robot/src/robot_control' returned '0': PYTHONPATH=/home/naveenkumar/mobile_robot/build/robot_control/prefix_override:/usr/lib/python3/dist-packages/colcon_core/task/python/colcon_distutils_commands:/home/naveenkumar/mobile_robot/install/robot_control/lib/python3.10/site-packages:${PYTHONPATH} /usr/bin/python3 -W ignore:setup.py install is deprecated setup.py egg_info --egg-base ../../build/robot_control build --build-base /home/naveenkumar/mobile_robot/build/robot_control/build install --record /home/naveenkumar/mobile_robot/build/robot_control/install.log --single-version-externally-managed install_data
