[2.196s] Invoking command in '/home/naveenkumar/mobile_robot/src/robot_control': PYTHONPATH=/home/naveenkumar/mobile_robot/build/robot_control/prefix_override:/usr/lib/python3/dist-packages/colcon_core/task/python/colcon_distutils_commands:/home/naveenkumar/mobile_robot/install/robot_control/lib/python3.10/site-packages:${PYTHONPATH} /usr/bin/python3 -W ignore:setup.py install is deprecated setup.py egg_info --egg-base ../../build/robot_control build --build-base /home/naveenkumar/mobile_robot/build/robot_control/build install --record /home/naveenkumar/mobile_robot/build/robot_control/install.log --single-version-externally-managed install_data
[2.693s] running egg_info
[2.694s] writing ../../build/robot_control/robot_control.egg-info/PKG-INFO
[2.695s] writing dependency_links to ../../build/robot_control/robot_control.egg-info/dependency_links.txt
[2.695s] writing entry points to ../../build/robot_control/robot_control.egg-info/entry_points.txt
[2.695s] writing requirements to ../../build/robot_control/robot_control.egg-info/requires.txt
[2.695s] writing top-level names to ../../build/robot_control/robot_control.egg-info/top_level.txt
[2.697s] reading manifest file '../../build/robot_control/robot_control.egg-info/SOURCES.txt'
[2.699s] writing manifest file '../../build/robot_control/robot_control.egg-info/SOURCES.txt'
[2.700s] running build
[2.700s] running build_py
[2.701s] running install
[2.702s] running install_lib
[2.706s] running install_data
[2.707s] running install_egg_info
[2.710s] removing '/home/naveenkumar/mobile_robot/install/robot_control/lib/python3.10/site-packages/robot_control-0.0.0-py3.10.egg-info' (and everything under it)
[2.711s] Copying ../../build/robot_control/robot_control.egg-info to /home/naveenkumar/mobile_robot/install/robot_control/lib/python3.10/site-packages/robot_control-0.0.0-py3.10.egg-info
[2.713s] running install_scripts
[2.753s] writing list of installed files to '/home/naveenkumar/mobile_robot/build/robot_control/install.log'
[2.854s] Invoked command in '/home/naveenkumar/mobile_robot/src/robot_control' returned '0': PYTHONPATH=/home/naveenkumar/mobile_robot/build/robot_control/prefix_override:/usr/lib/python3/dist-packages/colcon_core/task/python/colcon_distutils_commands:/home/naveenkumar/mobile_robot/install/robot_control/lib/python3.10/site-packages:${PYTHONPATH} /usr/bin/python3 -W ignore:setup.py install is deprecated setup.py egg_info --egg-base ../../build/robot_control build --build-base /home/naveenkumar/mobile_robot/build/robot_control/build install --record /home/naveenkumar/mobile_robot/build/robot_control/install.log --single-version-externally-managed install_data
