[0.078s] Invoking command in '/home/naveenkumar/mobile_robot/build/robot_description': CMAKE_PREFIX_PATH=${CMAKE_PREFIX_PATH}:/home/naveenkumar/AMR/install/telenex_robot_description:/home/naveenkumar/AMR/install/naveen_pkg:/home/naveenkumar/AMR/install/my_package:/home/naveenkumar/thesis/install/turtlebot3_teleop:/home/naveenkumar/thesis/install/turtlebot3_example:/opt/ros/humble /usr/bin/cmake --build /home/naveenkumar/mobile_robot/build/robot_description -- -j8 -l8
[1.682s] Invoked command in '/home/naveenkumar/mobile_robot/build/robot_description' returned '0': CMAKE_PREFIX_PATH=${CMAKE_PREFIX_PATH}:/home/naveenkumar/AMR/install/telenex_robot_description:/home/naveenkumar/AMR/install/naveen_pkg:/home/naveenkumar/AMR/install/my_package:/home/naveenkumar/thesis/install/turtlebot3_teleop:/home/naveenkumar/thesis/install/turtlebot3_example:/opt/ros/humble /usr/bin/cmake --build /home/naveenkumar/mobile_robot/build/robot_description -- -j8 -l8
[1.793s] Invoking command in '/home/naveenkumar/mobile_robot/build/robot_description': CMAKE_PREFIX_PATH=${CMAKE_PREFIX_PATH}:/home/naveenkumar/AMR/install/telenex_robot_description:/home/naveenkumar/AMR/install/naveen_pkg:/home/naveenkumar/AMR/install/my_package:/home/naveenkumar/thesis/install/turtlebot3_teleop:/home/naveenkumar/thesis/install/turtlebot3_example:/opt/ros/humble /usr/bin/cmake --install /home/naveenkumar/mobile_robot/build/robot_description
[1.821s] -- Install configuration: ""
[1.823s] -- Execute custom install script
[1.823s] -- Up-to-date symlink: /home/naveenkumar/mobile_robot/install/robot_description/share/robot_description/urdf/camera.xacro
[1.824s] -- Up-to-date symlink: /home/naveenkumar/mobile_robot/install/robot_description/share/robot_description/urdf/gazebo_control.xacro
[1.824s] -- Up-to-date symlink: /home/naveenkumar/mobile_robot/install/robot_description/share/robot_description/urdf/inertial_macros.xacro
[1.824s] -- Up-to-date symlink: /home/naveenkumar/mobile_robot/install/robot_description/share/robot_description/urdf/lidar.xacro
[1.825s] -- Up-to-date symlink: /home/naveenkumar/mobile_robot/install/robot_description/share/robot_description/urdf/robot_base.urdf
[1.825s] -- Up-to-date symlink: /home/naveenkumar/mobile_robot/install/robot_description/share/ament_index/resource_index/package_run_dependencies/robot_description
[1.825s] -- Up-to-date symlink: /home/naveenkumar/mobile_robot/install/robot_description/share/ament_index/resource_index/parent_prefix_path/robot_description
[1.825s] -- Up-to-date symlink: /home/naveenkumar/mobile_robot/install/robot_description/share/robot_description/environment/ament_prefix_path.sh
[1.825s] -- Up-to-date symlink: /home/naveenkumar/mobile_robot/install/robot_description/share/robot_description/environment/ament_prefix_path.dsv
[1.826s] -- Up-to-date symlink: /home/naveenkumar/mobile_robot/install/robot_description/share/robot_description/environment/path.sh
[1.826s] -- Up-to-date symlink: /home/naveenkumar/mobile_robot/install/robot_description/share/robot_description/environment/path.dsv
[1.826s] -- Up-to-date symlink: /home/naveenkumar/mobile_robot/install/robot_description/share/robot_description/local_setup.bash
[1.827s] -- Up-to-date symlink: /home/naveenkumar/mobile_robot/install/robot_description/share/robot_description/local_setup.sh
[1.827s] -- Up-to-date symlink: /home/naveenkumar/mobile_robot/install/robot_description/share/robot_description/local_setup.zsh
[1.827s] -- Up-to-date symlink: /home/naveenkumar/mobile_robot/install/robot_description/share/robot_description/local_setup.dsv
[1.828s] -- Symlinking: /home/naveenkumar/mobile_robot/install/robot_description/share/robot_description/package.dsv
[1.869s] -- Up-to-date symlink: /home/naveenkumar/mobile_robot/install/robot_description/share/ament_index/resource_index/packages/robot_description
[1.869s] -- Up-to-date symlink: /home/naveenkumar/mobile_robot/install/robot_description/share/robot_description/cmake/robot_descriptionConfig.cmake
[1.870s] -- Up-to-date symlink: /home/naveenkumar/mobile_robot/install/robot_description/share/robot_description/cmake/robot_descriptionConfig-version.cmake
[1.871s] -- Up-to-date symlink: /home/naveenkumar/mobile_robot/install/robot_description/share/robot_description/package.xml
[1.875s] Invoked command in '/home/naveenkumar/mobile_robot/build/robot_description' returned '0': CMAKE_PREFIX_PATH=${CMAKE_PREFIX_PATH}:/home/naveenkumar/AMR/install/telenex_robot_description:/home/naveenkumar/AMR/install/naveen_pkg:/home/naveenkumar/AMR/install/my_package:/home/naveenkumar/thesis/install/turtlebot3_teleop:/home/naveenkumar/thesis/install/turtlebot3_example:/opt/ros/humble /usr/bin/cmake --install /home/naveenkumar/mobile_robot/build/robot_description
