[2.948s] Invoking command in '/home/naveenkumar/mobile_robot/src/robot_control': PYTHONPATH=/home/naveenkumar/mobile_robot/build/robot_control/prefix_override:/usr/lib/python3/dist-packages/colcon_core/task/python/colcon_distutils_commands:/home/naveenkumar/mobile_robot/install/robot_control/lib/python3.10/site-packages:${PYTHONPATH} /usr/bin/python3 -W ignore:setup.py install is deprecated setup.py egg_info --egg-base ../../build/robot_control build --build-base /home/naveenkumar/mobile_robot/build/robot_control/build install --record /home/naveenkumar/mobile_robot/build/robot_control/install.log --single-version-externally-managed install_data
[3.699s] running egg_info
[3.708s] writing ../../build/robot_control/robot_control.egg-info/PKG-INFO
[3.710s] writing dependency_links to ../../build/robot_control/robot_control.egg-info/dependency_links.txt
[3.710s] writing entry points to ../../build/robot_control/robot_control.egg-info/entry_points.txt
[3.711s] writing requirements to ../../build/robot_control/robot_control.egg-info/requires.txt
[3.711s] writing top-level names to ../../build/robot_control/robot_control.egg-info/top_level.txt
[3.714s] reading manifest file '../../build/robot_control/robot_control.egg-info/SOURCES.txt'
[3.722s] writing manifest file '../../build/robot_control/robot_control.egg-info/SOURCES.txt'
[3.722s] running build
[3.723s] running build_py
[3.724s] running install
[3.725s] running install_lib
[3.728s] running install_data
[3.729s] running install_egg_info
[3.739s] removing '/home/naveenkumar/mobile_robot/install/robot_control/lib/python3.10/site-packages/robot_control-0.0.0-py3.10.egg-info' (and everything under it)
[3.740s] Copying ../../build/robot_control/robot_control.egg-info to /home/naveenkumar/mobile_robot/install/robot_control/lib/python3.10/site-packages/robot_control-0.0.0-py3.10.egg-info
[3.742s] running install_scripts
[3.795s] Installing circle script to /home/naveenkumar/mobile_robot/install/robot_control/lib/robot_control
[3.798s] writing list of installed files to '/home/naveenkumar/mobile_robot/build/robot_control/install.log'
[3.921s] Invoked command in '/home/naveenkumar/mobile_robot/src/robot_control' returned '0': PYTHONPATH=/home/naveenkumar/mobile_robot/build/robot_control/prefix_override:/usr/lib/python3/dist-packages/colcon_core/task/python/colcon_distutils_commands:/home/naveenkumar/mobile_robot/install/robot_control/lib/python3.10/site-packages:${PYTHONPATH} /usr/bin/python3 -W ignore:setup.py install is deprecated setup.py egg_info --egg-base ../../build/robot_control build --build-base /home/naveenkumar/mobile_robot/build/robot_control/build install --record /home/naveenkumar/mobile_robot/build/robot_control/install.log --single-version-externally-managed install_data
