[2.623s] Invoking command in '/home/naveenkumar/mobile_robot/src/worlds': PYTHONPATH=/home/naveenkumar/mobile_robot/build/worlds/prefix_override:/usr/lib/python3/dist-packages/colcon_core/task/python/colcon_distutils_commands:/home/naveenkumar/mobile_robot/install/worlds/lib/python3.10/site-packages:${PYTHONPATH} /usr/bin/python3 -W ignore:setup.py install is deprecated setup.py egg_info --egg-base ../../build/worlds build --build-base /home/naveenkumar/mobile_robot/build/worlds/build install --record /home/naveenkumar/mobile_robot/build/worlds/install.log --single-version-externally-managed install_data
[3.420s] running egg_info
[3.421s] writing ../../build/worlds/worlds.egg-info/PKG-INFO
[3.421s] writing dependency_links to ../../build/worlds/worlds.egg-info/dependency_links.txt
[3.421s] writing entry points to ../../build/worlds/worlds.egg-info/entry_points.txt
[3.422s] writing requirements to ../../build/worlds/worlds.egg-info/requires.txt
[3.422s] writing top-level names to ../../build/worlds/worlds.egg-info/top_level.txt
[3.424s] reading manifest file '../../build/worlds/worlds.egg-info/SOURCES.txt'
[3.425s] writing manifest file '../../build/worlds/worlds.egg-info/SOURCES.txt'
[3.426s] running build
[3.426s] running build_py
[3.426s] running install
[3.429s] running install_lib
[3.435s] running install_data
[3.435s] running install_egg_info
[3.437s] removing '/home/naveenkumar/mobile_robot/install/worlds/lib/python3.10/site-packages/worlds-0.0.0-py3.10.egg-info' (and everything under it)
[3.438s] Copying ../../build/worlds/worlds.egg-info to /home/naveenkumar/mobile_robot/install/worlds/lib/python3.10/site-packages/worlds-0.0.0-py3.10.egg-info
[3.439s] running install_scripts
[3.490s] writing list of installed files to '/home/naveenkumar/mobile_robot/build/worlds/install.log'
[3.579s] Invoked command in '/home/naveenkumar/mobile_robot/src/worlds' returned '0': PYTHONPATH=/home/naveenkumar/mobile_robot/build/worlds/prefix_override:/usr/lib/python3/dist-packages/colcon_core/task/python/colcon_distutils_commands:/home/naveenkumar/mobile_robot/install/worlds/lib/python3.10/site-packages:${PYTHONPATH} /usr/bin/python3 -W ignore:setup.py install is deprecated setup.py egg_info --egg-base ../../build/worlds build --build-base /home/naveenkumar/mobile_robot/build/worlds/build install --record /home/naveenkumar/mobile_robot/build/worlds/install.log --single-version-externally-managed install_data
