running develop
Removing /home/naveenkumar/mobile_robot/install/robot_control/lib/python3.10/site-packages/robot-control.egg-link (link to .)
running egg_info
writing ../../build/robot_control/robot_control.egg-info/PKG-INFO
writing dependency_links to ../../build/robot_control/robot_control.egg-info/dependency_links.txt
writing entry points to ../../build/robot_control/robot_control.egg-info/entry_points.txt
writing requirements to ../../build/robot_control/robot_control.egg-info/requires.txt
writing top-level names to ../../build/robot_control/robot_control.egg-info/top_level.txt
reading manifest file '../../build/robot_control/robot_control.egg-info/SOURCES.txt'
writing manifest file '../../build/robot_control/robot_control.egg-info/SOURCES.txt'
running build
running build_py
copying robot_control/circle_motion.py -> /home/naveenkumar/mobile_robot/build/robot_control/build/lib/robot_control
running install
running install_lib
creating /home/naveenkumar/mobile_robot/install/robot_control/lib/python3.10/site-packages/robot_control
copying /home/naveenkumar/mobile_robot/build/robot_control/build/lib/robot_control/__init__.py -> /home/naveenkumar/mobile_robot/install/robot_control/lib/python3.10/site-packages/robot_control
copying /home/naveenkumar/mobile_robot/build/robot_control/build/lib/robot_control/circle.py -> /home/naveenkumar/mobile_robot/install/robot_control/lib/python3.10/site-packages/robot_control
copying /home/naveenkumar/mobile_robot/build/robot_control/build/lib/robot_control/wallfollowing.py -> /home/naveenkumar/mobile_robot/install/robot_control/lib/python3.10/site-packages/robot_control
copying /home/naveenkumar/mobile_robot/build/robot_control/build/lib/robot_control/circle_motion.py -> /home/naveenkumar/mobile_robot/install/robot_control/lib/python3.10/site-packages/robot_control
byte-compiling /home/naveenkumar/mobile_robot/install/robot_control/lib/python3.10/site-packages/robot_control/__init__.py to __init__.cpython-310.pyc
byte-compiling /home/naveenkumar/mobile_robot/install/robot_control/lib/python3.10/site-packages/robot_control/circle.py to circle.cpython-310.pyc
byte-compiling /home/naveenkumar/mobile_robot/install/robot_control/lib/python3.10/site-packages/robot_control/wallfollowing.py to wallfollowing.cpython-310.pyc
byte-compiling /home/naveenkumar/mobile_robot/install/robot_control/lib/python3.10/site-packages/robot_control/circle_motion.py to circle_motion.cpython-310.pyc
running install_data
copying resource/robot_control -> /home/naveenkumar/mobile_robot/install/robot_control/share/ament_index/resource_index/packages
copying package.xml -> /home/naveenkumar/mobile_robot/install/robot_control/share/robot_control
running install_egg_info
Copying ../../build/robot_control/robot_control.egg-info to /home/naveenkumar/mobile_robot/install/robot_control/lib/python3.10/site-packages/robot_control-0.0.0-py3.10.egg-info
running install_scripts
Installing circle script to /home/naveenkumar/mobile_robot/install/robot_control/lib/robot_control
writing list of installed files to '/home/naveenkumar/mobile_robot/build/robot_control/install.log'
