[1.132s] Invoking command in '/home/naveenkumar/mobile_robot/build/robot_control': PYTHONPATH=/home/naveenkumar/mobile_robot/build/robot_control/prefix_override:/usr/lib/python3/dist-packages/colcon_core/task/python/colcon_distutils_commands:/home/naveenkumar/mobile_robot/install/robot_control/lib/python3.10/site-packages:${PYTHONPATH} /usr/bin/python3 -W ignore:setup.py install is deprecated setup.py develop --uninstall --editable --build-directory /home/naveenkumar/mobile_robot/build/robot_control/build
[1.448s] running develop
[1.656s] Removing /home/naveenkumar/mobile_robot/install/robot_control/lib/python3.10/site-packages/robot-control.egg-link (link to .)
[1.709s] Invoked command in '/home/naveenkumar/mobile_robot/build/robot_control' returned '0': PYTHONPATH=/home/naveenkumar/mobile_robot/build/robot_control/prefix_override:/usr/lib/python3/dist-packages/colcon_core/task/python/colcon_distutils_commands:/home/naveenkumar/mobile_robot/install/robot_control/lib/python3.10/site-packages:${PYTHONPATH} /usr/bin/python3 -W ignore:setup.py install is deprecated setup.py develop --uninstall --editable --build-directory /home/naveenkumar/mobile_robot/build/robot_control/build
[1.711s] Invoking command in '/home/naveenkumar/mobile_robot/src/robot_control': PYTHONPATH=/home/naveenkumar/mobile_robot/build/robot_control/prefix_override:/usr/lib/python3/dist-packages/colcon_core/task/python/colcon_distutils_commands:/home/naveenkumar/mobile_robot/install/robot_control/lib/python3.10/site-packages:${PYTHONPATH} /usr/bin/python3 -W ignore:setup.py install is deprecated setup.py egg_info --egg-base ../../build/robot_control build --build-base /home/naveenkumar/mobile_robot/build/robot_control/build install --record /home/naveenkumar/mobile_robot/build/robot_control/install.log --single-version-externally-managed install_data --force
[2.005s] running egg_info
[2.006s] writing ../../build/robot_control/robot_control.egg-info/PKG-INFO
[2.006s] writing dependency_links to ../../build/robot_control/robot_control.egg-info/dependency_links.txt
[2.006s] writing entry points to ../../build/robot_control/robot_control.egg-info/entry_points.txt
[2.006s] writing requirements to ../../build/robot_control/robot_control.egg-info/requires.txt
[2.006s] writing top-level names to ../../build/robot_control/robot_control.egg-info/top_level.txt
[2.008s] reading manifest file '../../build/robot_control/robot_control.egg-info/SOURCES.txt'
[2.009s] writing manifest file '../../build/robot_control/robot_control.egg-info/SOURCES.txt'
[2.009s] running build
[2.010s] running build_py
[2.010s] copying robot_control/circle_motion.py -> /home/naveenkumar/mobile_robot/build/robot_control/build/lib/robot_control
[2.011s] running install
[2.011s] running install_lib
[2.012s] creating /home/naveenkumar/mobile_robot/install/robot_control/lib/python3.10/site-packages/robot_control
[2.012s] copying /home/naveenkumar/mobile_robot/build/robot_control/build/lib/robot_control/__init__.py -> /home/naveenkumar/mobile_robot/install/robot_control/lib/python3.10/site-packages/robot_control
[2.012s] copying /home/naveenkumar/mobile_robot/build/robot_control/build/lib/robot_control/circle.py -> /home/naveenkumar/mobile_robot/install/robot_control/lib/python3.10/site-packages/robot_control
[2.012s] copying /home/naveenkumar/mobile_robot/build/robot_control/build/lib/robot_control/wallfollowing.py -> /home/naveenkumar/mobile_robot/install/robot_control/lib/python3.10/site-packages/robot_control
[2.012s] copying /home/naveenkumar/mobile_robot/build/robot_control/build/lib/robot_control/circle_motion.py -> /home/naveenkumar/mobile_robot/install/robot_control/lib/python3.10/site-packages/robot_control
[2.013s] byte-compiling /home/naveenkumar/mobile_robot/install/robot_control/lib/python3.10/site-packages/robot_control/__init__.py to __init__.cpython-310.pyc
[2.014s] byte-compiling /home/naveenkumar/mobile_robot/install/robot_control/lib/python3.10/site-packages/robot_control/circle.py to circle.cpython-310.pyc
[2.014s] byte-compiling /home/naveenkumar/mobile_robot/install/robot_control/lib/python3.10/site-packages/robot_control/wallfollowing.py to wallfollowing.cpython-310.pyc
[2.015s] byte-compiling /home/naveenkumar/mobile_robot/install/robot_control/lib/python3.10/site-packages/robot_control/circle_motion.py to circle_motion.cpython-310.pyc
[2.016s] running install_data
[2.016s] copying resource/robot_control -> /home/naveenkumar/mobile_robot/install/robot_control/share/ament_index/resource_index/packages
[2.016s] copying package.xml -> /home/naveenkumar/mobile_robot/install/robot_control/share/robot_control
[2.016s] running install_egg_info
[2.018s] Copying ../../build/robot_control/robot_control.egg-info to /home/naveenkumar/mobile_robot/install/robot_control/lib/python3.10/site-packages/robot_control-0.0.0-py3.10.egg-info
[2.019s] running install_scripts
[2.040s] Installing circle script to /home/naveenkumar/mobile_robot/install/robot_control/lib/robot_control
[2.040s] writing list of installed files to '/home/naveenkumar/mobile_robot/build/robot_control/install.log'
[2.106s] Invoked command in '/home/naveenkumar/mobile_robot/src/robot_control' returned '0': PYTHONPATH=/home/naveenkumar/mobile_robot/build/robot_control/prefix_override:/usr/lib/python3/dist-packages/colcon_core/task/python/colcon_distutils_commands:/home/naveenkumar/mobile_robot/install/robot_control/lib/python3.10/site-packages:${PYTHONPATH} /usr/bin/python3 -W ignore:setup.py install is deprecated setup.py egg_info --egg-base ../../build/robot_control build --build-base /home/naveenkumar/mobile_robot/build/robot_control/build install --record /home/naveenkumar/mobile_robot/build/robot_control/install.log --single-version-externally-managed install_data --force
