[0.044s] Invoking command in '/home/naveenkumar/mobile_robot/build/robot_description': CMAKE_PREFIX_PATH=${CMAKE_PREFIX_PATH}:/home/naveenkumar/AMR/install/telenex_robot_description:/home/naveenkumar/AMR/install/naveen_pkg:/home/naveenkumar/AMR/install/my_package:/home/naveenkumar/thesis/install/turtlebot3_teleop:/home/naveenkumar/thesis/install/turtlebot3_example:/opt/ros/humble /usr/bin/cmake --build /home/naveenkumar/mobile_robot/build/robot_description -- -j8 -l8
[0.926s] Invoked command in '/home/naveenkumar/mobile_robot/build/robot_description' returned '0': CMAKE_PREFIX_PATH=${CMAKE_PREFIX_PATH}:/home/naveenkumar/AMR/install/telenex_robot_description:/home/naveenkumar/AMR/install/naveen_pkg:/home/naveenkumar/AMR/install/my_package:/home/naveenkumar/thesis/install/turtlebot3_teleop:/home/naveenkumar/thesis/install/turtlebot3_example:/opt/ros/humble /usr/bin/cmake --build /home/naveenkumar/mobile_robot/build/robot_description -- -j8 -l8
[0.981s] Invoking command in '/home/naveenkumar/mobile_robot/build/robot_description': CMAKE_PREFIX_PATH=${CMAKE_PREFIX_PATH}:/home/naveenkumar/AMR/install/telenex_robot_description:/home/naveenkumar/AMR/install/naveen_pkg:/home/naveenkumar/AMR/install/my_package:/home/naveenkumar/thesis/install/turtlebot3_teleop:/home/naveenkumar/thesis/install/turtlebot3_example:/opt/ros/humble /usr/bin/cmake --install /home/naveenkumar/mobile_robot/build/robot_description
[0.997s] -- Install configuration: ""
[0.997s] -- Execute custom install script
[0.998s] -- Up-to-date symlink: /home/naveenkumar/mobile_robot/install/robot_description/share/robot_description/urdf/camera.xacro
[0.998s] -- Up-to-date symlink: /home/naveenkumar/mobile_robot/install/robot_description/share/robot_description/urdf/gazebo_control.xacro
[0.998s] -- Up-to-date symlink: /home/naveenkumar/mobile_robot/install/robot_description/share/robot_description/urdf/inertial_macros.xacro
[0.998s] -- Up-to-date symlink: /home/naveenkumar/mobile_robot/install/robot_description/share/robot_description/urdf/lidar.xacro
[0.998s] -- Up-to-date symlink: /home/naveenkumar/mobile_robot/install/robot_description/share/robot_description/urdf/robot_base.urdf
[0.999s] -- Up-to-date symlink: /home/naveenkumar/mobile_robot/install/robot_description/share/ament_index/resource_index/package_run_dependencies/robot_description
[0.999s] -- Up-to-date symlink: /home/naveenkumar/mobile_robot/install/robot_description/share/ament_index/resource_index/parent_prefix_path/robot_description
[1.000s] -- Up-to-date symlink: /home/naveenkumar/mobile_robot/install/robot_description/share/robot_description/environment/ament_prefix_path.sh
[1.000s] -- Up-to-date symlink: /home/naveenkumar/mobile_robot/install/robot_description/share/robot_description/environment/ament_prefix_path.dsv
[1.001s] -- Up-to-date symlink: /home/naveenkumar/mobile_robot/install/robot_description/share/robot_description/environment/path.sh
[1.001s] -- Up-to-date symlink: /home/naveenkumar/mobile_robot/install/robot_description/share/robot_description/environment/path.dsv
[1.001s] -- Up-to-date symlink: /home/naveenkumar/mobile_robot/install/robot_description/share/robot_description/local_setup.bash
[1.002s] -- Up-to-date symlink: /home/naveenkumar/mobile_robot/install/robot_description/share/robot_description/local_setup.sh
[1.002s] -- Up-to-date symlink: /home/naveenkumar/mobile_robot/install/robot_description/share/robot_description/local_setup.zsh
[1.002s] -- Up-to-date symlink: /home/naveenkumar/mobile_robot/install/robot_description/share/robot_description/local_setup.dsv
[1.003s] -- Symlinking: /home/naveenkumar/mobile_robot/install/robot_description/share/robot_description/package.dsv
[1.019s] -- Up-to-date symlink: /home/naveenkumar/mobile_robot/install/robot_description/share/ament_index/resource_index/packages/robot_description
[1.020s] -- Up-to-date symlink: /home/naveenkumar/mobile_robot/install/robot_description/share/robot_description/cmake/robot_descriptionConfig.cmake
[1.020s] -- Up-to-date symlink: /home/naveenkumar/mobile_robot/install/robot_description/share/robot_description/cmake/robot_descriptionConfig-version.cmake
[1.021s] -- Up-to-date symlink: /home/naveenkumar/mobile_robot/install/robot_description/share/robot_description/package.xml
[1.025s] Invoked command in '/home/naveenkumar/mobile_robot/build/robot_description' returned '0': CMAKE_PREFIX_PATH=${CMAKE_PREFIX_PATH}:/home/naveenkumar/AMR/install/telenex_robot_description:/home/naveenkumar/AMR/install/naveen_pkg:/home/naveenkumar/AMR/install/my_package:/home/naveenkumar/thesis/install/turtlebot3_teleop:/home/naveenkumar/thesis/install/turtlebot3_example:/opt/ros/humble /usr/bin/cmake --install /home/naveenkumar/mobile_robot/build/robot_description
