[1.132s] Invoking command in '/home/naveenkumar/mobile_robot/src/robot_control': PYTHONPATH=/home/naveenkumar/mobile_robot/build/robot_control/prefix_override:/usr/lib/python3/dist-packages/colcon_core/task/python/colcon_distutils_commands:/home/naveenkumar/mobile_robot/install/robot_control/lib/python3.10/site-packages:${PYTHONPATH} /usr/bin/python3 -W ignore:setup.py install is deprecated setup.py egg_info --egg-base ../../build/robot_control build --build-base /home/naveenkumar/mobile_robot/build/robot_control/build install --record /home/naveenkumar/mobile_robot/build/robot_control/install.log --single-version-externally-managed install_data
[1.455s] running egg_info
[1.455s] writing ../../build/robot_control/robot_control.egg-info/PKG-INFO
[1.456s] writing dependency_links to ../../build/robot_control/robot_control.egg-info/dependency_links.txt
[1.456s] writing entry points to ../../build/robot_control/robot_control.egg-info/entry_points.txt
[1.456s] writing requirements to ../../build/robot_control/robot_control.egg-info/requires.txt
[1.456s] writing top-level names to ../../build/robot_control/robot_control.egg-info/top_level.txt
[1.458s] reading manifest file '../../build/robot_control/robot_control.egg-info/SOURCES.txt'
[1.459s] writing manifest file '../../build/robot_control/robot_control.egg-info/SOURCES.txt'
[1.459s] running build
[1.459s] running build_py
[1.459s] running install
[1.460s] running install_lib
[1.461s] running install_data
[1.462s] running install_egg_info
[1.463s] removing '/home/naveenkumar/mobile_robot/install/robot_control/lib/python3.10/site-packages/robot_control-0.0.0-py3.10.egg-info' (and everything under it)
[1.464s] Copying ../../build/robot_control/robot_control.egg-info to /home/naveenkumar/mobile_robot/install/robot_control/lib/python3.10/site-packages/robot_control-0.0.0-py3.10.egg-info
[1.465s] running install_scripts
[1.486s] Installing circle script to /home/naveenkumar/mobile_robot/install/robot_control/lib/robot_control
[1.486s] writing list of installed files to '/home/naveenkumar/mobile_robot/build/robot_control/install.log'
[1.527s] Invoked command in '/home/naveenkumar/mobile_robot/src/robot_control' returned '0': PYTHONPATH=/home/naveenkumar/mobile_robot/build/robot_control/prefix_override:/usr/lib/python3/dist-packages/colcon_core/task/python/colcon_distutils_commands:/home/naveenkumar/mobile_robot/install/robot_control/lib/python3.10/site-packages:${PYTHONPATH} /usr/bin/python3 -W ignore:setup.py install is deprecated setup.py egg_info --egg-base ../../build/robot_control build --build-base /home/naveenkumar/mobile_robot/build/robot_control/build install --record /home/naveenkumar/mobile_robot/build/robot_control/install.log --single-version-externally-managed install_data
