[1.364s] Invoking command in '/home/naveenkumar/mobile_robot/src/robot_control': PYTHONPATH=/home/naveenkumar/mobile_robot/build/robot_control/prefix_override:/usr/lib/python3/dist-packages/colcon_core/task/python/colcon_distutils_commands:/home/naveenkumar/mobile_robot/install/robot_control/lib/python3.10/site-packages:${PYTHONPATH} /usr/bin/python3 -W ignore:setup.py install is deprecated setup.py egg_info --egg-base ../../build/robot_control build --build-base /home/naveenkumar/mobile_robot/build/robot_control/build install --record /home/naveenkumar/mobile_robot/build/robot_control/install.log --single-version-externally-managed install_data
[1.688s] running egg_info
[1.689s] writing ../../build/robot_control/robot_control.egg-info/PKG-INFO
[1.694s] writing dependency_links to ../../build/robot_control/robot_control.egg-info/dependency_links.txt
[1.695s] writing entry points to ../../build/robot_control/robot_control.egg-info/entry_points.txt
[1.696s] writing requirements to ../../build/robot_control/robot_control.egg-info/requires.txt
[1.696s] writing top-level names to ../../build/robot_control/robot_control.egg-info/top_level.txt
[1.700s] reading manifest file '../../build/robot_control/robot_control.egg-info/SOURCES.txt'
[1.703s] writing manifest file '../../build/robot_control/robot_control.egg-info/SOURCES.txt'
[1.703s] running build
[1.704s] running build_py
[1.705s] running install
[1.706s] running install_lib
[1.709s] running install_data
[1.710s] running install_egg_info
[1.713s] removing '/home/naveenkumar/mobile_robot/install/robot_control/lib/python3.10/site-packages/robot_control-0.0.0-py3.10.egg-info' (and everything under it)
[1.713s] Copying ../../build/robot_control/robot_control.egg-info to /home/naveenkumar/mobile_robot/install/robot_control/lib/python3.10/site-packages/robot_control-0.0.0-py3.10.egg-info
[1.715s] running install_scripts
[1.737s] Installing circle script to /home/naveenkumar/mobile_robot/install/robot_control/lib/robot_control
[1.738s] writing list of installed files to '/home/naveenkumar/mobile_robot/build/robot_control/install.log'
[1.795s] Invoked command in '/home/naveenkumar/mobile_robot/src/robot_control' returned '0': PYTHONPATH=/home/naveenkumar/mobile_robot/build/robot_control/prefix_override:/usr/lib/python3/dist-packages/colcon_core/task/python/colcon_distutils_commands:/home/naveenkumar/mobile_robot/install/robot_control/lib/python3.10/site-packages:${PYTHONPATH} /usr/bin/python3 -W ignore:setup.py install is deprecated setup.py egg_info --egg-base ../../build/robot_control build --build-base /home/naveenkumar/mobile_robot/build/robot_control/build install --record /home/naveenkumar/mobile_robot/build/robot_control/install.log --single-version-externally-managed install_data
