-- Install configuration: ""
-- Execute custom install script
-- Up-to-date symlink: /home/naveenkumar/mobile_robot/install/robot_description/share/robot_description/urdf/camera.xacro
-- Up-to-date symlink: /home/naveenkumar/mobile_robot/install/robot_description/share/robot_description/urdf/gazebo_control.xacro
-- Up-to-date symlink: /home/naveenkumar/mobile_robot/install/robot_description/share/robot_description/urdf/inertial_macros.xacro
-- Up-to-date symlink: /home/naveenkumar/mobile_robot/install/robot_description/share/robot_description/urdf/lidar.xacro
-- Up-to-date symlink: /home/naveenkumar/mobile_robot/install/robot_description/share/robot_description/urdf/robot_base.urdf
-- Up-to-date symlink: /home/naveenkumar/mobile_robot/install/robot_description/share/ament_index/resource_index/package_run_dependencies/robot_description
-- Up-to-date symlink: /home/naveenkumar/mobile_robot/install/robot_description/share/ament_index/resource_index/parent_prefix_path/robot_description
-- Up-to-date symlink: /home/naveenkumar/mobile_robot/install/robot_description/share/robot_description/environment/ament_prefix_path.sh
-- Up-to-date symlink: /home/naveenkumar/mobile_robot/install/robot_description/share/robot_description/environment/ament_prefix_path.dsv
-- Up-to-date symlink: /home/naveenkumar/mobile_robot/install/robot_description/share/robot_description/environment/path.sh
-- Up-to-date symlink: /home/naveenkumar/mobile_robot/install/robot_description/share/robot_description/environment/path.dsv
-- Up-to-date symlink: /home/naveenkumar/mobile_robot/install/robot_description/share/robot_description/local_setup.bash
-- Up-to-date symlink: /home/naveenkumar/mobile_robot/install/robot_description/share/robot_description/local_setup.sh
-- Up-to-date symlink: /home/naveenkumar/mobile_robot/install/robot_description/share/robot_description/local_setup.zsh
-- Up-to-date symlink: /home/naveenkumar/mobile_robot/install/robot_description/share/robot_description/local_setup.dsv
-- Symlinking: /home/naveenkumar/mobile_robot/install/robot_description/share/robot_description/package.dsv
-- Up-to-date symlink: /home/naveenkumar/mobile_robot/install/robot_description/share/ament_index/resource_index/packages/robot_description
-- Up-to-date symlink: /home/naveenkumar/mobile_robot/install/robot_description/share/robot_description/cmake/robot_descriptionConfig.cmake
-- Up-to-date symlink: /home/naveenkumar/mobile_robot/install/robot_description/share/robot_description/cmake/robot_descriptionConfig-version.cmake
-- Up-to-date symlink: /home/naveenkumar/mobile_robot/install/robot_description/share/robot_description/package.xml
