[0.156s] DEBUG:colcon:Command line arguments: ['/usr/bin/colcon', 'build']
[0.156s] DEBUG:colcon:Parsed command line arguments: Namespace(log_base=None, log_level=None, verb_name='build', build_base='build', install_base='install', merge_install=False, symlink_install=False, test_result_base=None, continue_on_error=False, executor='parallel', parallel_workers=8, event_handlers=None, ignore_user_meta=False, metas=['./colcon.meta'], base_paths=['.'], packages_ignore=None, packages_ignore_regex=None, paths=None, packages_up_to=None, packages_up_to_regex=None, packages_above=None, packages_above_and_dependencies=None, packages_above_depth=None, packages_select_by_dep=None, packages_skip_by_dep=None, packages_skip_up_to=None, packages_select_build_failed=False, packages_skip_build_finished=False, packages_select_test_failures=False, packages_skip_test_passed=False, packages_select=None, packages_skip=None, packages_select_regex=None, packages_skip_regex=None, packages_start=None, packages_end=None, allow_overriding=[], cmake_args=None, cmake_target=None, cmake_target_skip_unavailable=False, cmake_clean_cache=False, cmake_clean_first=False, cmake_force_configure=False, ament_cmake_args=None, catkin_cmake_args=None, catkin_skip_building_tests=False, mixin_files=None, mixin=None, verb_parser=<colcon_mixin.mixin.mixin_argument.MixinArgumentDecorator object at 0x766166d5c3a0>, verb_extension=<colcon_core.verb.build.BuildVerb object at 0x766166ecd990>, main=<bound method BuildVerb.main of <colcon_core.verb.build.BuildVerb object at 0x766166ecd990>>, mixin_verb=('build',))
[0.408s] Level 1:colcon.colcon_core.package_discovery:discover_packages(colcon_meta) check parameters
[0.409s] Level 1:colcon.colcon_core.package_discovery:discover_packages(recursive) check parameters
[0.409s] Level 1:colcon.colcon_core.package_discovery:discover_packages(ignore) check parameters
[0.409s] Level 1:colcon.colcon_core.package_discovery:discover_packages(path) check parameters
[0.409s] Level 1:colcon.colcon_core.package_discovery:discover_packages(colcon_meta) discover
[0.409s] Level 1:colcon.colcon_core.package_discovery:discover_packages(recursive) discover
[0.409s] INFO:colcon.colcon_core.package_discovery:Crawling recursively for packages in '/home/naveenkumar/mobile_robot'
[0.409s] Level 1:colcon.colcon_core.package_identification:_identify(.) by extensions ['ignore', 'ignore_ament_install']
[0.409s] Level 1:colcon.colcon_core.package_identification:_identify(.) by extension 'ignore'
[0.409s] Level 1:colcon.colcon_core.package_identification:_identify(.) by extension 'ignore_ament_install'
[0.409s] Level 1:colcon.colcon_core.package_identification:_identify(.) by extensions ['colcon_pkg']
[0.409s] Level 1:colcon.colcon_core.package_identification:_identify(.) by extension 'colcon_pkg'
[0.409s] Level 1:colcon.colcon_core.package_identification:_identify(.) by extensions ['colcon_meta']
[0.409s] Level 1:colcon.colcon_core.package_identification:_identify(.) by extension 'colcon_meta'
[0.409s] Level 1:colcon.colcon_core.package_identification:_identify(.) by extensions ['ros']
[0.409s] Level 1:colcon.colcon_core.package_identification:_identify(.) by extension 'ros'
[0.424s] Level 1:colcon.colcon_core.package_identification:_identify(.) by extensions ['cmake', 'python']
[0.424s] Level 1:colcon.colcon_core.package_identification:_identify(.) by extension 'cmake'
[0.425s] Level 1:colcon.colcon_core.package_identification:_identify(.) by extension 'python'
[0.425s] Level 1:colcon.colcon_core.package_identification:_identify(.) by extensions ['python_setup_py']
[0.425s] Level 1:colcon.colcon_core.package_identification:_identify(.) by extension 'python_setup_py'
[0.425s] Level 1:colcon.colcon_core.package_identification:_identify(build) by extensions ['ignore', 'ignore_ament_install']
[0.425s] Level 1:colcon.colcon_core.package_identification:_identify(build) by extension 'ignore'
[0.425s] Level 1:colcon.colcon_core.package_identification:_identify(build) ignored
[0.425s] Level 1:colcon.colcon_core.package_identification:_identify(install) by extensions ['ignore', 'ignore_ament_install']
[0.425s] Level 1:colcon.colcon_core.package_identification:_identify(install) by extension 'ignore'
[0.425s] Level 1:colcon.colcon_core.package_identification:_identify(install) ignored
[0.425s] Level 1:colcon.colcon_core.package_identification:_identify(log) by extensions ['ignore', 'ignore_ament_install']
[0.425s] Level 1:colcon.colcon_core.package_identification:_identify(log) by extension 'ignore'
[0.425s] Level 1:colcon.colcon_core.package_identification:_identify(log) ignored
[0.425s] Level 1:colcon.colcon_core.package_identification:_identify(src) by extensions ['ignore', 'ignore_ament_install']
[0.426s] Level 1:colcon.colcon_core.package_identification:_identify(src) by extension 'ignore'
[0.426s] Level 1:colcon.colcon_core.package_identification:_identify(src) by extension 'ignore_ament_install'
[0.426s] Level 1:colcon.colcon_core.package_identification:_identify(src) by extensions ['colcon_pkg']
[0.426s] Level 1:colcon.colcon_core.package_identification:_identify(src) by extension 'colcon_pkg'
[0.426s] Level 1:colcon.colcon_core.package_identification:_identify(src) by extensions ['colcon_meta']
[0.426s] Level 1:colcon.colcon_core.package_identification:_identify(src) by extension 'colcon_meta'
[0.426s] Level 1:colcon.colcon_core.package_identification:_identify(src) by extensions ['ros']
[0.426s] Level 1:colcon.colcon_core.package_identification:_identify(src) by extension 'ros'
[0.426s] Level 1:colcon.colcon_core.package_identification:_identify(src) by extensions ['cmake', 'python']
[0.426s] Level 1:colcon.colcon_core.package_identification:_identify(src) by extension 'cmake'
[0.426s] Level 1:colcon.colcon_core.package_identification:_identify(src) by extension 'python'
[0.426s] Level 1:colcon.colcon_core.package_identification:_identify(src) by extensions ['python_setup_py']
[0.426s] Level 1:colcon.colcon_core.package_identification:_identify(src) by extension 'python_setup_py'
[0.426s] Level 1:colcon.colcon_core.package_identification:_identify(src/robot_description) by extensions ['ignore', 'ignore_ament_install']
[0.426s] Level 1:colcon.colcon_core.package_identification:_identify(src/robot_description) by extension 'ignore'
[0.426s] Level 1:colcon.colcon_core.package_identification:_identify(src/robot_description) by extension 'ignore_ament_install'
[0.426s] Level 1:colcon.colcon_core.package_identification:_identify(src/robot_description) by extensions ['colcon_pkg']
[0.426s] Level 1:colcon.colcon_core.package_identification:_identify(src/robot_description) by extension 'colcon_pkg'
[0.426s] Level 1:colcon.colcon_core.package_identification:_identify(src/robot_description) by extensions ['colcon_meta']
[0.426s] Level 1:colcon.colcon_core.package_identification:_identify(src/robot_description) by extension 'colcon_meta'
[0.427s] Level 1:colcon.colcon_core.package_identification:_identify(src/robot_description) by extensions ['ros']
[0.427s] Level 1:colcon.colcon_core.package_identification:_identify(src/robot_description) by extension 'ros'
[0.429s] DEBUG:colcon.colcon_core.package_identification:Package 'src/robot_description' with type 'ros.ament_cmake' and name 'robot_description'
[0.430s] Level 1:colcon.colcon_core.package_identification:_identify(src/simulations) by extensions ['ignore', 'ignore_ament_install']
[0.430s] Level 1:colcon.colcon_core.package_identification:_identify(src/simulations) by extension 'ignore'
[0.430s] Level 1:colcon.colcon_core.package_identification:_identify(src/simulations) by extension 'ignore_ament_install'
[0.430s] Level 1:colcon.colcon_core.package_identification:_identify(src/simulations) by extensions ['colcon_pkg']
[0.430s] Level 1:colcon.colcon_core.package_identification:_identify(src/simulations) by extension 'colcon_pkg'
[0.430s] Level 1:colcon.colcon_core.package_identification:_identify(src/simulations) by extensions ['colcon_meta']
[0.430s] Level 1:colcon.colcon_core.package_identification:_identify(src/simulations) by extension 'colcon_meta'
[0.430s] Level 1:colcon.colcon_core.package_identification:_identify(src/simulations) by extensions ['ros']
[0.430s] Level 1:colcon.colcon_core.package_identification:_identify(src/simulations) by extension 'ros'
[0.431s] DEBUG:colcon.colcon_core.package_identification:Package 'src/simulations' with type 'ros.ament_python' and name 'simulations'
[0.431s] Level 1:colcon.colcon_core.package_identification:_identify(src/worlds) by extensions ['ignore', 'ignore_ament_install']
[0.431s] Level 1:colcon.colcon_core.package_identification:_identify(src/worlds) by extension 'ignore'
[0.431s] Level 1:colcon.colcon_core.package_identification:_identify(src/worlds) by extension 'ignore_ament_install'
[0.431s] Level 1:colcon.colcon_core.package_identification:_identify(src/worlds) by extensions ['colcon_pkg']
[0.431s] Level 1:colcon.colcon_core.package_identification:_identify(src/worlds) by extension 'colcon_pkg'
[0.431s] Level 1:colcon.colcon_core.package_identification:_identify(src/worlds) by extensions ['colcon_meta']
[0.431s] Level 1:colcon.colcon_core.package_identification:_identify(src/worlds) by extension 'colcon_meta'
[0.431s] Level 1:colcon.colcon_core.package_identification:_identify(src/worlds) by extensions ['ros']
[0.431s] Level 1:colcon.colcon_core.package_identification:_identify(src/worlds) by extension 'ros'
[0.432s] DEBUG:colcon.colcon_core.package_identification:Package 'src/worlds' with type 'ros.ament_python' and name 'worlds'
[0.432s] Level 1:colcon.colcon_core.package_discovery:discover_packages(recursive) using defaults
[0.432s] Level 1:colcon.colcon_core.package_discovery:discover_packages(ignore) discover
[0.432s] Level 1:colcon.colcon_core.package_discovery:discover_packages(ignore) using defaults
[0.432s] Level 1:colcon.colcon_core.package_discovery:discover_packages(path) discover
[0.432s] Level 1:colcon.colcon_core.package_discovery:discover_packages(path) using defaults
[0.458s] Level 1:colcon.colcon_core.package_discovery:discover_packages(prefix_path) check parameters
[0.458s] Level 1:colcon.colcon_core.package_discovery:discover_packages(prefix_path) discover
[0.460s] DEBUG:colcon.colcon_installed_package_information.package_discovery:Found 4 installed packages in /home/naveenkumar/AMR/install
[0.462s] DEBUG:colcon.colcon_installed_package_information.package_discovery:Found 23 installed packages in /home/naveenkumar/thesis/install
[0.464s] DEBUG:colcon.colcon_installed_package_information.package_discovery:Found 418 installed packages in /opt/ros/humble
[0.468s] Level 1:colcon.colcon_core.package_discovery:discover_packages(prefix_path) using defaults
[0.550s] Level 5:colcon.colcon_core.verb:set package 'robot_description' build argument 'cmake_args' from command line to 'None'
[0.550s] Level 5:colcon.colcon_core.verb:set package 'robot_description' build argument 'cmake_target' from command line to 'None'
[0.552s] Level 5:colcon.colcon_core.verb:set package 'robot_description' build argument 'cmake_target_skip_unavailable' from command line to 'False'
[0.552s] Level 5:colcon.colcon_core.verb:set package 'robot_description' build argument 'cmake_clean_cache' from command line to 'False'
[0.552s] Level 5:colcon.colcon_core.verb:set package 'robot_description' build argument 'cmake_clean_first' from command line to 'False'
[0.552s] Level 5:colcon.colcon_core.verb:set package 'robot_description' build argument 'cmake_force_configure' from command line to 'False'
[0.552s] Level 5:colcon.colcon_core.verb:set package 'robot_description' build argument 'ament_cmake_args' from command line to 'None'
[0.552s] Level 5:colcon.colcon_core.verb:set package 'robot_description' build argument 'catkin_cmake_args' from command line to 'None'
[0.552s] Level 5:colcon.colcon_core.verb:set package 'robot_description' build argument 'catkin_skip_building_tests' from command line to 'False'
[0.552s] DEBUG:colcon.colcon_core.verb:Building package 'robot_description' with the following arguments: {'ament_cmake_args': None, 'build_base': '/home/naveenkumar/mobile_robot/build/robot_description', 'catkin_cmake_args': None, 'catkin_skip_building_tests': False, 'cmake_args': None, 'cmake_clean_cache': False, 'cmake_clean_first': False, 'cmake_force_configure': False, 'cmake_target': None, 'cmake_target_skip_unavailable': False, 'install_base': '/home/naveenkumar/mobile_robot/install/robot_description', 'merge_install': False, 'path': '/home/naveenkumar/mobile_robot/src/robot_description', 'symlink_install': False, 'test_result_base': None}
[0.553s] Level 5:colcon.colcon_core.verb:set package 'worlds' build argument 'cmake_args' from command line to 'None'
[0.553s] Level 5:colcon.colcon_core.verb:set package 'worlds' build argument 'cmake_target' from command line to 'None'
[0.553s] Level 5:colcon.colcon_core.verb:set package 'worlds' build argument 'cmake_target_skip_unavailable' from command line to 'False'
[0.553s] Level 5:colcon.colcon_core.verb:set package 'worlds' build argument 'cmake_clean_cache' from command line to 'False'
[0.553s] Level 5:colcon.colcon_core.verb:set package 'worlds' build argument 'cmake_clean_first' from command line to 'False'
[0.553s] Level 5:colcon.colcon_core.verb:set package 'worlds' build argument 'cmake_force_configure' from command line to 'False'
[0.553s] Level 5:colcon.colcon_core.verb:set package 'worlds' build argument 'ament_cmake_args' from command line to 'None'
[0.553s] Level 5:colcon.colcon_core.verb:set package 'worlds' build argument 'catkin_cmake_args' from command line to 'None'
[0.553s] Level 5:colcon.colcon_core.verb:set package 'worlds' build argument 'catkin_skip_building_tests' from command line to 'False'
[0.553s] DEBUG:colcon.colcon_core.verb:Building package 'worlds' with the following arguments: {'ament_cmake_args': None, 'build_base': '/home/naveenkumar/mobile_robot/build/worlds', 'catkin_cmake_args': None, 'catkin_skip_building_tests': False, 'cmake_args': None, 'cmake_clean_cache': False, 'cmake_clean_first': False, 'cmake_force_configure': False, 'cmake_target': None, 'cmake_target_skip_unavailable': False, 'install_base': '/home/naveenkumar/mobile_robot/install/worlds', 'merge_install': False, 'path': '/home/naveenkumar/mobile_robot/src/worlds', 'symlink_install': False, 'test_result_base': None}
[0.554s] Level 5:colcon.colcon_core.verb:set package 'simulations' build argument 'cmake_args' from command line to 'None'
[0.554s] Level 5:colcon.colcon_core.verb:set package 'simulations' build argument 'cmake_target' from command line to 'None'
[0.554s] Level 5:colcon.colcon_core.verb:set package 'simulations' build argument 'cmake_target_skip_unavailable' from command line to 'False'
[0.554s] Level 5:colcon.colcon_core.verb:set package 'simulations' build argument 'cmake_clean_cache' from command line to 'False'
[0.554s] Level 5:colcon.colcon_core.verb:set package 'simulations' build argument 'cmake_clean_first' from command line to 'False'
[0.554s] Level 5:colcon.colcon_core.verb:set package 'simulations' build argument 'cmake_force_configure' from command line to 'False'
[0.554s] Level 5:colcon.colcon_core.verb:set package 'simulations' build argument 'ament_cmake_args' from command line to 'None'
[0.554s] Level 5:colcon.colcon_core.verb:set package 'simulations' build argument 'catkin_cmake_args' from command line to 'None'
[0.554s] Level 5:colcon.colcon_core.verb:set package 'simulations' build argument 'catkin_skip_building_tests' from command line to 'False'
[0.554s] DEBUG:colcon.colcon_core.verb:Building package 'simulations' with the following arguments: {'ament_cmake_args': None, 'build_base': '/home/naveenkumar/mobile_robot/build/simulations', 'catkin_cmake_args': None, 'catkin_skip_building_tests': False, 'cmake_args': None, 'cmake_clean_cache': False, 'cmake_clean_first': False, 'cmake_force_configure': False, 'cmake_target': None, 'cmake_target_skip_unavailable': False, 'install_base': '/home/naveenkumar/mobile_robot/install/simulations', 'merge_install': False, 'path': '/home/naveenkumar/mobile_robot/src/simulations', 'symlink_install': False, 'test_result_base': None}
[0.555s] INFO:colcon.colcon_core.executor:Executing jobs using 'parallel' executor
[0.556s] DEBUG:colcon.colcon_parallel_executor.executor.parallel:run_until_complete
[0.556s] INFO:colcon.colcon_ros.task.ament_cmake.build:Building ROS package in '/home/naveenkumar/mobile_robot/src/robot_description' with build type 'ament_cmake'
[0.556s] INFO:colcon.colcon_cmake.task.cmake.build:Building CMake package in '/home/naveenkumar/mobile_robot/src/robot_description'
[0.559s] INFO:colcon.colcon_core.plugin_system:Skipping extension 'colcon_core.shell.bat': Not used on non-Windows systems
[0.559s] INFO:colcon.colcon_core.shell:Skip shell extension 'powershell' for command environment: Not usable outside of PowerShell
[0.559s] DEBUG:colcon.colcon_core.shell:Skip shell extension 'dsv' for command environment
[0.565s] INFO:colcon.colcon_ros.task.ament_python.build:Building ROS package in '/home/naveenkumar/mobile_robot/src/worlds' with build type 'ament_python'
[0.565s] Level 1:colcon.colcon_core.shell:create_environment_hook('worlds', 'ament_prefix_path')
[0.566s] INFO:colcon.colcon_core.shell:Creating environment hook '/home/naveenkumar/mobile_robot/install/worlds/share/worlds/hook/ament_prefix_path.ps1'
[0.567s] INFO:colcon.colcon_core.shell:Creating environment descriptor '/home/naveenkumar/mobile_robot/install/worlds/share/worlds/hook/ament_prefix_path.dsv'
[0.569s] INFO:colcon.colcon_core.shell:Creating environment hook '/home/naveenkumar/mobile_robot/install/worlds/share/worlds/hook/ament_prefix_path.sh'
[0.572s] INFO:colcon.colcon_core.shell:Skip shell extension 'powershell' for command environment: Not usable outside of PowerShell
[0.572s] DEBUG:colcon.colcon_core.shell:Skip shell extension 'dsv' for command environment
[0.588s] DEBUG:colcon.colcon_core.event_handler.log_command:Invoking command in '/home/naveenkumar/mobile_robot/build/robot_description': CMAKE_PREFIX_PATH=${CMAKE_PREFIX_PATH}:/home/naveenkumar/AMR/install/telenex_robot_description:/home/naveenkumar/AMR/install/naveen_pkg:/home/naveenkumar/AMR/install/my_package:/home/naveenkumar/thesis/install/turtlebot3_teleop:/home/naveenkumar/thesis/install/turtlebot3_example:/opt/ros/humble /usr/bin/cmake --build /home/naveenkumar/mobile_robot/build/robot_description -- -j8 -l8
[1.330s] INFO:colcon.colcon_core.task.python.build:Building Python package in '/home/naveenkumar/mobile_robot/src/worlds'
[1.331s] INFO:colcon.colcon_core.shell:Skip shell extension 'powershell' for command environment: Not usable outside of PowerShell
[1.331s] DEBUG:colcon.colcon_core.shell:Skip shell extension 'dsv' for command environment
[1.345s] DEBUG:colcon.colcon_core.event_handler.log_command:Invoked command in '/home/naveenkumar/mobile_robot/build/robot_description' returned '0': CMAKE_PREFIX_PATH=${CMAKE_PREFIX_PATH}:/home/naveenkumar/AMR/install/telenex_robot_description:/home/naveenkumar/AMR/install/naveen_pkg:/home/naveenkumar/AMR/install/my_package:/home/naveenkumar/thesis/install/turtlebot3_teleop:/home/naveenkumar/thesis/install/turtlebot3_example:/opt/ros/humble /usr/bin/cmake --build /home/naveenkumar/mobile_robot/build/robot_description -- -j8 -l8
[1.417s] DEBUG:colcon.colcon_core.event_handler.log_command:Invoking command in '/home/naveenkumar/mobile_robot/build/robot_description': CMAKE_PREFIX_PATH=${CMAKE_PREFIX_PATH}:/home/naveenkumar/AMR/install/telenex_robot_description:/home/naveenkumar/AMR/install/naveen_pkg:/home/naveenkumar/AMR/install/my_package:/home/naveenkumar/thesis/install/turtlebot3_teleop:/home/naveenkumar/thesis/install/turtlebot3_example:/opt/ros/humble /usr/bin/cmake --install /home/naveenkumar/mobile_robot/build/robot_description
[1.444s] Level 1:colcon.colcon_core.environment:create_environment_scripts_only(robot_description)
[1.445s] DEBUG:colcon.colcon_core.event_handler.log_command:Invoked command in '/home/naveenkumar/mobile_robot/build/robot_description' returned '0': CMAKE_PREFIX_PATH=${CMAKE_PREFIX_PATH}:/home/naveenkumar/AMR/install/telenex_robot_description:/home/naveenkumar/AMR/install/naveen_pkg:/home/naveenkumar/AMR/install/my_package:/home/naveenkumar/thesis/install/turtlebot3_teleop:/home/naveenkumar/thesis/install/turtlebot3_example:/opt/ros/humble /usr/bin/cmake --install /home/naveenkumar/mobile_robot/build/robot_description
[1.450s] Level 1:colcon.colcon_core.environment:checking '/home/naveenkumar/mobile_robot/install/robot_description' for CMake module files
[1.452s] Level 1:colcon.colcon_core.environment:checking '/home/naveenkumar/mobile_robot/install/robot_description' for CMake config files
[1.453s] Level 1:colcon.colcon_core.shell:create_environment_hook('robot_description', 'cmake_prefix_path')
[1.455s] INFO:colcon.colcon_core.shell:Creating environment hook '/home/naveenkumar/mobile_robot/install/robot_description/share/robot_description/hook/cmake_prefix_path.ps1'
[1.458s] INFO:colcon.colcon_core.shell:Creating environment descriptor '/home/naveenkumar/mobile_robot/install/robot_description/share/robot_description/hook/cmake_prefix_path.dsv'
[1.459s] INFO:colcon.colcon_core.shell:Creating environment hook '/home/naveenkumar/mobile_robot/install/robot_description/share/robot_description/hook/cmake_prefix_path.sh'
[1.462s] Level 1:colcon.colcon_core.environment:checking '/home/naveenkumar/mobile_robot/install/robot_description/bin'
[1.463s] Level 1:colcon.colcon_core.environment:checking '/home/naveenkumar/mobile_robot/install/robot_description/lib/pkgconfig/robot_description.pc'
[1.463s] Level 1:colcon.colcon_core.environment:checking '/home/naveenkumar/mobile_robot/install/robot_description/lib/python3.10/site-packages'
[1.464s] Level 1:colcon.colcon_core.environment:checking '/home/naveenkumar/mobile_robot/install/robot_description/bin'
[1.465s] INFO:colcon.colcon_core.shell:Creating package script '/home/naveenkumar/mobile_robot/install/robot_description/share/robot_description/package.ps1'
[1.467s] INFO:colcon.colcon_core.shell:Creating package descriptor '/home/naveenkumar/mobile_robot/install/robot_description/share/robot_description/package.dsv'
[1.467s] INFO:colcon.colcon_core.shell:Creating package script '/home/naveenkumar/mobile_robot/install/robot_description/share/robot_description/package.sh'
[1.468s] INFO:colcon.colcon_core.shell:Creating package script '/home/naveenkumar/mobile_robot/install/robot_description/share/robot_description/package.bash'
[1.469s] INFO:colcon.colcon_core.shell:Creating package script '/home/naveenkumar/mobile_robot/install/robot_description/share/robot_description/package.zsh'
[1.471s] Level 1:colcon.colcon_core.environment:create_file_with_runtime_dependencies(/home/naveenkumar/mobile_robot/install/robot_description/share/colcon-core/packages/robot_description)
[1.517s] Level 1:colcon.colcon_core.environment:create_environment_scripts_only(robot_description)
[1.517s] Level 1:colcon.colcon_core.environment:checking '/home/naveenkumar/mobile_robot/install/robot_description' for CMake module files
[1.518s] Level 1:colcon.colcon_core.environment:checking '/home/naveenkumar/mobile_robot/install/robot_description' for CMake config files
[1.518s] Level 1:colcon.colcon_core.shell:create_environment_hook('robot_description', 'cmake_prefix_path')
[1.519s] INFO:colcon.colcon_core.shell:Creating environment hook '/home/naveenkumar/mobile_robot/install/robot_description/share/robot_description/hook/cmake_prefix_path.ps1'
[1.519s] INFO:colcon.colcon_core.shell:Creating environment descriptor '/home/naveenkumar/mobile_robot/install/robot_description/share/robot_description/hook/cmake_prefix_path.dsv'
[1.520s] INFO:colcon.colcon_core.shell:Creating environment hook '/home/naveenkumar/mobile_robot/install/robot_description/share/robot_description/hook/cmake_prefix_path.sh'
[1.521s] Level 1:colcon.colcon_core.environment:checking '/home/naveenkumar/mobile_robot/install/robot_description/bin'
[1.521s] Level 1:colcon.colcon_core.environment:checking '/home/naveenkumar/mobile_robot/install/robot_description/lib/pkgconfig/robot_description.pc'
[1.521s] Level 1:colcon.colcon_core.environment:checking '/home/naveenkumar/mobile_robot/install/robot_description/lib/python3.10/site-packages'
[1.522s] Level 1:colcon.colcon_core.environment:checking '/home/naveenkumar/mobile_robot/install/robot_description/bin'
[1.523s] INFO:colcon.colcon_core.shell:Creating package script '/home/naveenkumar/mobile_robot/install/robot_description/share/robot_description/package.ps1'
[1.525s] INFO:colcon.colcon_core.shell:Creating package descriptor '/home/naveenkumar/mobile_robot/install/robot_description/share/robot_description/package.dsv'
[1.526s] INFO:colcon.colcon_core.shell:Creating package script '/home/naveenkumar/mobile_robot/install/robot_description/share/robot_description/package.sh'
[1.526s] INFO:colcon.colcon_core.shell:Creating package script '/home/naveenkumar/mobile_robot/install/robot_description/share/robot_description/package.bash'
[1.527s] INFO:colcon.colcon_core.shell:Creating package script '/home/naveenkumar/mobile_robot/install/robot_description/share/robot_description/package.zsh'
[1.527s] Level 1:colcon.colcon_core.environment:create_file_with_runtime_dependencies(/home/naveenkumar/mobile_robot/install/robot_description/share/colcon-core/packages/robot_description)
[2.157s] DEBUG:colcon.colcon_core.event_handler.log_command:Invoking command in '/home/naveenkumar/mobile_robot/src/worlds': PYTHONPATH=/home/naveenkumar/mobile_robot/build/worlds/prefix_override:/usr/lib/python3/dist-packages/colcon_core/task/python/colcon_distutils_commands:/home/naveenkumar/mobile_robot/install/worlds/lib/python3.10/site-packages:${PYTHONPATH} /usr/bin/python3 -W ignore:setup.py install is deprecated setup.py egg_info --egg-base ../../build/worlds build --build-base /home/naveenkumar/mobile_robot/build/worlds/build install --record /home/naveenkumar/mobile_robot/build/worlds/install.log --single-version-externally-managed install_data
[2.760s] Level 1:colcon.colcon_core.environment:checking '/home/naveenkumar/mobile_robot/install/worlds' for CMake module files
[2.761s] DEBUG:colcon.colcon_core.event_handler.log_command:Invoked command in '/home/naveenkumar/mobile_robot/src/worlds' returned '0': PYTHONPATH=/home/naveenkumar/mobile_robot/build/worlds/prefix_override:/usr/lib/python3/dist-packages/colcon_core/task/python/colcon_distutils_commands:/home/naveenkumar/mobile_robot/install/worlds/lib/python3.10/site-packages:${PYTHONPATH} /usr/bin/python3 -W ignore:setup.py install is deprecated setup.py egg_info --egg-base ../../build/worlds build --build-base /home/naveenkumar/mobile_robot/build/worlds/build install --record /home/naveenkumar/mobile_robot/build/worlds/install.log --single-version-externally-managed install_data
[2.762s] Level 1:colcon.colcon_core.environment:checking '/home/naveenkumar/mobile_robot/install/worlds' for CMake config files
[2.763s] Level 1:colcon.colcon_core.environment:checking '/home/naveenkumar/mobile_robot/install/worlds/lib'
[2.763s] Level 1:colcon.colcon_core.environment:checking '/home/naveenkumar/mobile_robot/install/worlds/bin'
[2.763s] Level 1:colcon.colcon_core.environment:checking '/home/naveenkumar/mobile_robot/install/worlds/lib/pkgconfig/worlds.pc'
[2.764s] Level 1:colcon.colcon_core.environment:checking '/home/naveenkumar/mobile_robot/install/worlds/lib/python3.10/site-packages'
[2.764s] Level 1:colcon.colcon_core.shell:create_environment_hook('worlds', 'pythonpath')
[2.764s] INFO:colcon.colcon_core.shell:Creating environment hook '/home/naveenkumar/mobile_robot/install/worlds/share/worlds/hook/pythonpath.ps1'
[2.765s] INFO:colcon.colcon_core.shell:Creating environment descriptor '/home/naveenkumar/mobile_robot/install/worlds/share/worlds/hook/pythonpath.dsv'
[2.766s] INFO:colcon.colcon_core.shell:Creating environment hook '/home/naveenkumar/mobile_robot/install/worlds/share/worlds/hook/pythonpath.sh'
[2.767s] Level 1:colcon.colcon_core.environment:checking '/home/naveenkumar/mobile_robot/install/worlds/bin'
[2.768s] Level 1:colcon.colcon_core.environment:create_environment_scripts_only(worlds)
[2.768s] INFO:colcon.colcon_core.shell:Creating package script '/home/naveenkumar/mobile_robot/install/worlds/share/worlds/package.ps1'
[2.769s] INFO:colcon.colcon_core.shell:Creating package descriptor '/home/naveenkumar/mobile_robot/install/worlds/share/worlds/package.dsv'
[2.770s] INFO:colcon.colcon_core.shell:Creating package script '/home/naveenkumar/mobile_robot/install/worlds/share/worlds/package.sh'
[2.771s] INFO:colcon.colcon_core.shell:Creating package script '/home/naveenkumar/mobile_robot/install/worlds/share/worlds/package.bash'
[2.772s] INFO:colcon.colcon_core.shell:Creating package script '/home/naveenkumar/mobile_robot/install/worlds/share/worlds/package.zsh'
[2.773s] Level 1:colcon.colcon_core.environment:create_file_with_runtime_dependencies(/home/naveenkumar/mobile_robot/install/worlds/share/colcon-core/packages/worlds)
[2.774s] INFO:colcon.colcon_ros.task.ament_python.build:Building ROS package in '/home/naveenkumar/mobile_robot/src/simulations' with build type 'ament_python'
[2.774s] Level 1:colcon.colcon_core.shell:create_environment_hook('simulations', 'ament_prefix_path')
[2.775s] INFO:colcon.colcon_core.shell:Creating environment hook '/home/naveenkumar/mobile_robot/install/simulations/share/simulations/hook/ament_prefix_path.ps1'
[2.776s] INFO:colcon.colcon_core.shell:Creating environment descriptor '/home/naveenkumar/mobile_robot/install/simulations/share/simulations/hook/ament_prefix_path.dsv'
[2.777s] INFO:colcon.colcon_core.shell:Creating environment hook '/home/naveenkumar/mobile_robot/install/simulations/share/simulations/hook/ament_prefix_path.sh'
[2.778s] INFO:colcon.colcon_core.shell:Skip shell extension 'powershell' for command environment: Not usable outside of PowerShell
[2.779s] DEBUG:colcon.colcon_core.shell:Skip shell extension 'dsv' for command environment
[3.355s] INFO:colcon.colcon_core.task.python.build:Building Python package in '/home/naveenkumar/mobile_robot/src/simulations'
[3.355s] INFO:colcon.colcon_core.shell:Skip shell extension 'powershell' for command environment: Not usable outside of PowerShell
[3.355s] DEBUG:colcon.colcon_core.shell:Skip shell extension 'dsv' for command environment
[4.125s] DEBUG:colcon.colcon_core.event_handler.log_command:Invoking command in '/home/naveenkumar/mobile_robot/src/simulations': AMENT_PREFIX_PATH=/home/naveenkumar/mobile_robot/install/worlds:/home/naveenkumar/mobile_robot/install/robot_description:${AMENT_PREFIX_PATH} CMAKE_PREFIX_PATH=/home/naveenkumar/mobile_robot/install/robot_description:${CMAKE_PREFIX_PATH} PYTHONPATH=/home/naveenkumar/mobile_robot/build/simulations/prefix_override:/usr/lib/python3/dist-packages/colcon_core/task/python/colcon_distutils_commands:/home/naveenkumar/mobile_robot/install/simulations/lib/python3.10/site-packages:/home/naveenkumar/mobile_robot/install/worlds/lib/python3.10/site-packages:${PYTHONPATH} /usr/bin/python3 -W ignore:setup.py install is deprecated setup.py egg_info --egg-base ../../build/simulations build --build-base /home/naveenkumar/mobile_robot/build/simulations/build install --record /home/naveenkumar/mobile_robot/build/simulations/install.log --single-version-externally-managed install_data
[4.711s] Level 1:colcon.colcon_core.environment:checking '/home/naveenkumar/mobile_robot/install/simulations' for CMake module files
[4.712s] DEBUG:colcon.colcon_core.event_handler.log_command:Invoked command in '/home/naveenkumar/mobile_robot/src/simulations' returned '0': AMENT_PREFIX_PATH=/home/naveenkumar/mobile_robot/install/worlds:/home/naveenkumar/mobile_robot/install/robot_description:${AMENT_PREFIX_PATH} CMAKE_PREFIX_PATH=/home/naveenkumar/mobile_robot/install/robot_description:${CMAKE_PREFIX_PATH} PYTHONPATH=/home/naveenkumar/mobile_robot/build/simulations/prefix_override:/usr/lib/python3/dist-packages/colcon_core/task/python/colcon_distutils_commands:/home/naveenkumar/mobile_robot/install/simulations/lib/python3.10/site-packages:/home/naveenkumar/mobile_robot/install/worlds/lib/python3.10/site-packages:${PYTHONPATH} /usr/bin/python3 -W ignore:setup.py install is deprecated setup.py egg_info --egg-base ../../build/simulations build --build-base /home/naveenkumar/mobile_robot/build/simulations/build install --record /home/naveenkumar/mobile_robot/build/simulations/install.log --single-version-externally-managed install_data
[4.712s] Level 1:colcon.colcon_core.environment:checking '/home/naveenkumar/mobile_robot/install/simulations' for CMake config files
[4.713s] Level 1:colcon.colcon_core.environment:checking '/home/naveenkumar/mobile_robot/install/simulations/lib'
[4.713s] Level 1:colcon.colcon_core.environment:checking '/home/naveenkumar/mobile_robot/install/simulations/bin'
[4.713s] Level 1:colcon.colcon_core.environment:checking '/home/naveenkumar/mobile_robot/install/simulations/lib/pkgconfig/simulations.pc'
[4.714s] Level 1:colcon.colcon_core.environment:checking '/home/naveenkumar/mobile_robot/install/simulations/lib/python3.10/site-packages'
[4.714s] Level 1:colcon.colcon_core.shell:create_environment_hook('simulations', 'pythonpath')
[4.714s] INFO:colcon.colcon_core.shell:Creating environment hook '/home/naveenkumar/mobile_robot/install/simulations/share/simulations/hook/pythonpath.ps1'
[4.714s] INFO:colcon.colcon_core.shell:Creating environment descriptor '/home/naveenkumar/mobile_robot/install/simulations/share/simulations/hook/pythonpath.dsv'
[4.715s] INFO:colcon.colcon_core.shell:Creating environment hook '/home/naveenkumar/mobile_robot/install/simulations/share/simulations/hook/pythonpath.sh'
[4.715s] Level 1:colcon.colcon_core.environment:checking '/home/naveenkumar/mobile_robot/install/simulations/bin'
[4.716s] Level 1:colcon.colcon_core.environment:create_environment_scripts_only(simulations)
[4.716s] INFO:colcon.colcon_core.shell:Creating package script '/home/naveenkumar/mobile_robot/install/simulations/share/simulations/package.ps1'
[4.717s] INFO:colcon.colcon_core.shell:Creating package descriptor '/home/naveenkumar/mobile_robot/install/simulations/share/simulations/package.dsv'
[4.719s] INFO:colcon.colcon_core.shell:Creating package script '/home/naveenkumar/mobile_robot/install/simulations/share/simulations/package.sh'
[4.722s] INFO:colcon.colcon_core.shell:Creating package script '/home/naveenkumar/mobile_robot/install/simulations/share/simulations/package.bash'
[4.724s] INFO:colcon.colcon_core.shell:Creating package script '/home/naveenkumar/mobile_robot/install/simulations/share/simulations/package.zsh'
[4.725s] Level 1:colcon.colcon_core.environment:create_file_with_runtime_dependencies(/home/naveenkumar/mobile_robot/install/simulations/share/colcon-core/packages/simulations)
[4.726s] DEBUG:colcon.colcon_parallel_executor.executor.parallel:closing loop
[4.727s] DEBUG:colcon.colcon_parallel_executor.executor.parallel:loop closed
[4.727s] DEBUG:colcon.colcon_parallel_executor.executor.parallel:run_until_complete finished with '0'
[4.727s] DEBUG:colcon.colcon_core.event_reactor:joining thread
[4.742s] INFO:colcon.colcon_core.plugin_system:Skipping extension 'colcon_notification.desktop_notification.terminal_notifier': Not used on non-Darwin systems
[4.743s] INFO:colcon.colcon_core.plugin_system:Skipping extension 'colcon_notification.desktop_notification.win32': Not used on non-Windows systems
[4.743s] INFO:colcon.colcon_notification.desktop_notification:Sending desktop notification using 'notify2'
[4.768s] DEBUG:colcon.colcon_core.event_reactor:joined thread
[4.768s] INFO:colcon.colcon_core.shell:Creating prefix script '/home/naveenkumar/mobile_robot/install/local_setup.ps1'
[4.770s] INFO:colcon.colcon_core.shell:Creating prefix util module '/home/naveenkumar/mobile_robot/install/_local_setup_util_ps1.py'
[4.775s] INFO:colcon.colcon_core.shell:Creating prefix chain script '/home/naveenkumar/mobile_robot/install/setup.ps1'
[4.779s] INFO:colcon.colcon_core.shell:Creating prefix script '/home/naveenkumar/mobile_robot/install/local_setup.sh'
[4.780s] INFO:colcon.colcon_core.shell:Creating prefix util module '/home/naveenkumar/mobile_robot/install/_local_setup_util_sh.py'
[4.782s] INFO:colcon.colcon_core.shell:Creating prefix chain script '/home/naveenkumar/mobile_robot/install/setup.sh'
[4.786s] INFO:colcon.colcon_core.shell:Creating prefix script '/home/naveenkumar/mobile_robot/install/local_setup.bash'
[4.788s] INFO:colcon.colcon_core.shell:Creating prefix chain script '/home/naveenkumar/mobile_robot/install/setup.bash'
[4.791s] INFO:colcon.colcon_core.shell:Creating prefix script '/home/naveenkumar/mobile_robot/install/local_setup.zsh'
[4.792s] INFO:colcon.colcon_core.shell:Creating prefix chain script '/home/naveenkumar/mobile_robot/install/setup.zsh'
