[0.913s] Invoking command in '/home/naveenkumar/mobile_robot/build/simulations': AMENT_PREFIX_PATH=/home/naveenkumar/mobile_robot/install/worlds:/home/naveenkumar/mobile_robot/install/robot_description:${AMENT_PREFIX_PATH} CMAKE_PREFIX_PATH=/home/naveenkumar/mobile_robot/install/robot_description:${CMAKE_PREFIX_PATH} PYTHONPATH=/home/naveenkumar/mobile_robot/build/simulations/prefix_override:/usr/lib/python3/dist-packages/colcon_core/task/python/colcon_distutils_commands:/home/naveenkumar/mobile_robot/install/simulations/lib/python3.10/site-packages:/home/naveenkumar/mobile_robot/install/worlds/lib/python3.10/site-packages:${PYTHONPATH} /usr/bin/python3 -W ignore:setup.py install is deprecated setup.py develop --uninstall --editable --build-directory /home/naveenkumar/mobile_robot/build/simulations/build
[1.284s] running develop
[1.542s] Removing /home/naveenkumar/mobile_robot/install/simulations/lib/python3.10/site-packages/simulations.egg-link (link to .)
[1.581s] Invoked command in '/home/naveenkumar/mobile_robot/build/simulations' returned '0': AMENT_PREFIX_PATH=/home/naveenkumar/mobile_robot/install/worlds:/home/naveenkumar/mobile_robot/install/robot_description:${AMENT_PREFIX_PATH} CMAKE_PREFIX_PATH=/home/naveenkumar/mobile_robot/install/robot_description:${CMAKE_PREFIX_PATH} PYTHONPATH=/home/naveenkumar/mobile_robot/build/simulations/prefix_override:/usr/lib/python3/dist-packages/colcon_core/task/python/colcon_distutils_commands:/home/naveenkumar/mobile_robot/install/simulations/lib/python3.10/site-packages:/home/naveenkumar/mobile_robot/install/worlds/lib/python3.10/site-packages:${PYTHONPATH} /usr/bin/python3 -W ignore:setup.py install is deprecated setup.py develop --uninstall --editable --build-directory /home/naveenkumar/mobile_robot/build/simulations/build
[1.584s] Invoking command in '/home/naveenkumar/mobile_robot/src/simulations': AMENT_PREFIX_PATH=/home/naveenkumar/mobile_robot/install/worlds:/home/naveenkumar/mobile_robot/install/robot_description:${AMENT_PREFIX_PATH} CMAKE_PREFIX_PATH=/home/naveenkumar/mobile_robot/install/robot_description:${CMAKE_PREFIX_PATH} PYTHONPATH=/home/naveenkumar/mobile_robot/build/simulations/prefix_override:/usr/lib/python3/dist-packages/colcon_core/task/python/colcon_distutils_commands:/home/naveenkumar/mobile_robot/install/simulations/lib/python3.10/site-packages:/home/naveenkumar/mobile_robot/install/worlds/lib/python3.10/site-packages:${PYTHONPATH} /usr/bin/python3 -W ignore:setup.py install is deprecated setup.py egg_info --egg-base ../../build/simulations build --build-base /home/naveenkumar/mobile_robot/build/simulations/build install --record /home/naveenkumar/mobile_robot/build/simulations/install.log --single-version-externally-managed install_data --force
[1.912s] running egg_info
[1.913s] writing ../../build/simulations/simulations.egg-info/PKG-INFO
[1.913s] writing dependency_links to ../../build/simulations/simulations.egg-info/dependency_links.txt
[1.913s] writing entry points to ../../build/simulations/simulations.egg-info/entry_points.txt
[1.914s] writing requirements to ../../build/simulations/simulations.egg-info/requires.txt
[1.914s] writing top-level names to ../../build/simulations/simulations.egg-info/top_level.txt
[1.916s] reading manifest file '../../build/simulations/simulations.egg-info/SOURCES.txt'
[1.917s] writing manifest file '../../build/simulations/simulations.egg-info/SOURCES.txt'
[1.917s] running build
[1.917s] running build_py
[1.918s] running install
[1.918s] running install_lib
[1.919s] creating /home/naveenkumar/mobile_robot/install/simulations/lib/python3.10/site-packages/simulations
[1.919s] copying /home/naveenkumar/mobile_robot/build/simulations/build/lib/simulations/__init__.py -> /home/naveenkumar/mobile_robot/install/simulations/lib/python3.10/site-packages/simulations
[1.920s] byte-compiling /home/naveenkumar/mobile_robot/install/simulations/lib/python3.10/site-packages/simulations/__init__.py to __init__.cpython-310.pyc
[1.920s] running install_data
[1.920s] copying resource/simulations -> /home/naveenkumar/mobile_robot/install/simulations/share/ament_index/resource_index/packages
[1.921s] copying package.xml -> /home/naveenkumar/mobile_robot/install/simulations/share/simulations
[1.922s] copying launch/display.launch.py -> /home/naveenkumar/mobile_robot/install/simulations/share/simulations/launch
[1.923s] copying launch/warehouse.launch.py -> /home/naveenkumar/mobile_robot/install/simulations/share/simulations/launch
[1.925s] copying launch/gazebo.launch.py -> /home/naveenkumar/mobile_robot/install/simulations/share/simulations/launch
[1.926s] running install_egg_info
[1.930s] Copying ../../build/simulations/simulations.egg-info to /home/naveenkumar/mobile_robot/install/simulations/lib/python3.10/site-packages/simulations-0.0.0-py3.10.egg-info
[1.932s] running install_scripts
[1.957s] writing list of installed files to '/home/naveenkumar/mobile_robot/build/simulations/install.log'
[1.987s] Invoked command in '/home/naveenkumar/mobile_robot/src/simulations' returned '0': AMENT_PREFIX_PATH=/home/naveenkumar/mobile_robot/install/worlds:/home/naveenkumar/mobile_robot/install/robot_description:${AMENT_PREFIX_PATH} CMAKE_PREFIX_PATH=/home/naveenkumar/mobile_robot/install/robot_description:${CMAKE_PREFIX_PATH} PYTHONPATH=/home/naveenkumar/mobile_robot/build/simulations/prefix_override:/usr/lib/python3/dist-packages/colcon_core/task/python/colcon_distutils_commands:/home/naveenkumar/mobile_robot/install/simulations/lib/python3.10/site-packages:/home/naveenkumar/mobile_robot/install/worlds/lib/python3.10/site-packages:${PYTHONPATH} /usr/bin/python3 -W ignore:setup.py install is deprecated setup.py egg_info --egg-base ../../build/simulations build --build-base /home/naveenkumar/mobile_robot/build/simulations/build install --record /home/naveenkumar/mobile_robot/build/simulations/install.log --single-version-externally-managed install_data --force
