[0.119s] DEBUG:colcon:Command line arguments: ['/usr/bin/colcon', 'build']
[0.119s] DEBUG:colcon:Parsed command line arguments: Namespace(log_base=None, log_level=None, verb_name='build', build_base='build', install_base='install', merge_install=False, symlink_install=False, test_result_base=None, continue_on_error=False, executor='parallel', parallel_workers=8, event_handlers=None, ignore_user_meta=False, metas=['./colcon.meta'], base_paths=['.'], packages_ignore=None, packages_ignore_regex=None, paths=None, packages_up_to=None, packages_up_to_regex=None, packages_above=None, packages_above_and_dependencies=None, packages_above_depth=None, packages_select_by_dep=None, packages_skip_by_dep=None, packages_skip_up_to=None, packages_select_build_failed=False, packages_skip_build_finished=False, packages_select_test_failures=False, packages_skip_test_passed=False, packages_select=None, packages_skip=None, packages_select_regex=None, packages_skip_regex=None, packages_start=None, packages_end=None, allow_overriding=[], cmake_args=None, cmake_target=None, cmake_target_skip_unavailable=False, cmake_clean_cache=False, cmake_clean_first=False, cmake_force_configure=False, ament_cmake_args=None, catkin_cmake_args=None, catkin_skip_building_tests=False, mixin_files=None, mixin=None, verb_parser=<colcon_mixin.mixin.mixin_argument.MixinArgumentDecorator object at 0x7411d5b64c40>, verb_extension=<colcon_core.verb.build.BuildVerb object at 0x7411d5ce61a0>, main=<bound method BuildVerb.main of <colcon_core.verb.build.BuildVerb object at 0x7411d5ce61a0>>, mixin_verb=('build',))
[0.314s] Level 1:colcon.colcon_core.package_discovery:discover_packages(colcon_meta) check parameters
[0.314s] Level 1:colcon.colcon_core.package_discovery:discover_packages(recursive) check parameters
[0.314s] Level 1:colcon.colcon_core.package_discovery:discover_packages(ignore) check parameters
[0.314s] Level 1:colcon.colcon_core.package_discovery:discover_packages(path) check parameters
[0.314s] Level 1:colcon.colcon_core.package_discovery:discover_packages(colcon_meta) discover
[0.314s] Level 1:colcon.colcon_core.package_discovery:discover_packages(recursive) discover
[0.314s] INFO:colcon.colcon_core.package_discovery:Crawling recursively for packages in '/home/naveenkumar/mobile_robot'
[0.315s] Level 1:colcon.colcon_core.package_identification:_identify(.) by extensions ['ignore', 'ignore_ament_install']
[0.315s] Level 1:colcon.colcon_core.package_identification:_identify(.) by extension 'ignore'
[0.315s] Level 1:colcon.colcon_core.package_identification:_identify(.) by extension 'ignore_ament_install'
[0.315s] Level 1:colcon.colcon_core.package_identification:_identify(.) by extensions ['colcon_pkg']
[0.315s] Level 1:colcon.colcon_core.package_identification:_identify(.) by extension 'colcon_pkg'
[0.315s] Level 1:colcon.colcon_core.package_identification:_identify(.) by extensions ['colcon_meta']
[0.315s] Level 1:colcon.colcon_core.package_identification:_identify(.) by extension 'colcon_meta'
[0.315s] Level 1:colcon.colcon_core.package_identification:_identify(.) by extensions ['ros']
[0.315s] Level 1:colcon.colcon_core.package_identification:_identify(.) by extension 'ros'
[0.327s] Level 1:colcon.colcon_core.package_identification:_identify(.) by extensions ['cmake', 'python']
[0.327s] Level 1:colcon.colcon_core.package_identification:_identify(.) by extension 'cmake'
[0.327s] Level 1:colcon.colcon_core.package_identification:_identify(.) by extension 'python'
[0.327s] Level 1:colcon.colcon_core.package_identification:_identify(.) by extensions ['python_setup_py']
[0.327s] Level 1:colcon.colcon_core.package_identification:_identify(.) by extension 'python_setup_py'
[0.327s] Level 1:colcon.colcon_core.package_identification:_identify(build) by extensions ['ignore', 'ignore_ament_install']
[0.327s] Level 1:colcon.colcon_core.package_identification:_identify(build) by extension 'ignore'
[0.327s] Level 1:colcon.colcon_core.package_identification:_identify(build) ignored
[0.327s] Level 1:colcon.colcon_core.package_identification:_identify(install) by extensions ['ignore', 'ignore_ament_install']
[0.327s] Level 1:colcon.colcon_core.package_identification:_identify(install) by extension 'ignore'
[0.327s] Level 1:colcon.colcon_core.package_identification:_identify(install) ignored
[0.327s] Level 1:colcon.colcon_core.package_identification:_identify(log) by extensions ['ignore', 'ignore_ament_install']
[0.328s] Level 1:colcon.colcon_core.package_identification:_identify(log) by extension 'ignore'
[0.328s] Level 1:colcon.colcon_core.package_identification:_identify(log) ignored
[0.328s] Level 1:colcon.colcon_core.package_identification:_identify(src) by extensions ['ignore', 'ignore_ament_install']
[0.328s] Level 1:colcon.colcon_core.package_identification:_identify(src) by extension 'ignore'
[0.328s] Level 1:colcon.colcon_core.package_identification:_identify(src) by extension 'ignore_ament_install'
[0.328s] Level 1:colcon.colcon_core.package_identification:_identify(src) by extensions ['colcon_pkg']
[0.328s] Level 1:colcon.colcon_core.package_identification:_identify(src) by extension 'colcon_pkg'
[0.328s] Level 1:colcon.colcon_core.package_identification:_identify(src) by extensions ['colcon_meta']
[0.328s] Level 1:colcon.colcon_core.package_identification:_identify(src) by extension 'colcon_meta'
[0.328s] Level 1:colcon.colcon_core.package_identification:_identify(src) by extensions ['ros']
[0.328s] Level 1:colcon.colcon_core.package_identification:_identify(src) by extension 'ros'
[0.328s] Level 1:colcon.colcon_core.package_identification:_identify(src) by extensions ['cmake', 'python']
[0.328s] Level 1:colcon.colcon_core.package_identification:_identify(src) by extension 'cmake'
[0.328s] Level 1:colcon.colcon_core.package_identification:_identify(src) by extension 'python'
[0.328s] Level 1:colcon.colcon_core.package_identification:_identify(src) by extensions ['python_setup_py']
[0.328s] Level 1:colcon.colcon_core.package_identification:_identify(src) by extension 'python_setup_py'
[0.328s] Level 1:colcon.colcon_core.package_identification:_identify(src/robot_control) by extensions ['ignore', 'ignore_ament_install']
[0.328s] Level 1:colcon.colcon_core.package_identification:_identify(src/robot_control) by extension 'ignore'
[0.328s] Level 1:colcon.colcon_core.package_identification:_identify(src/robot_control) by extension 'ignore_ament_install'
[0.329s] Level 1:colcon.colcon_core.package_identification:_identify(src/robot_control) by extensions ['colcon_pkg']
[0.329s] Level 1:colcon.colcon_core.package_identification:_identify(src/robot_control) by extension 'colcon_pkg'
[0.329s] Level 1:colcon.colcon_core.package_identification:_identify(src/robot_control) by extensions ['colcon_meta']
[0.329s] Level 1:colcon.colcon_core.package_identification:_identify(src/robot_control) by extension 'colcon_meta'
[0.329s] Level 1:colcon.colcon_core.package_identification:_identify(src/robot_control) by extensions ['ros']
[0.329s] Level 1:colcon.colcon_core.package_identification:_identify(src/robot_control) by extension 'ros'
[0.331s] DEBUG:colcon.colcon_core.package_identification:Package 'src/robot_control' with type 'ros.ament_python' and name 'robot_control'
[0.331s] Level 1:colcon.colcon_core.package_identification:_identify(src/robot_description) by extensions ['ignore', 'ignore_ament_install']
[0.332s] Level 1:colcon.colcon_core.package_identification:_identify(src/robot_description) by extension 'ignore'
[0.332s] Level 1:colcon.colcon_core.package_identification:_identify(src/robot_description) by extension 'ignore_ament_install'
[0.332s] Level 1:colcon.colcon_core.package_identification:_identify(src/robot_description) by extensions ['colcon_pkg']
[0.332s] Level 1:colcon.colcon_core.package_identification:_identify(src/robot_description) by extension 'colcon_pkg'
[0.332s] Level 1:colcon.colcon_core.package_identification:_identify(src/robot_description) by extensions ['colcon_meta']
[0.332s] Level 1:colcon.colcon_core.package_identification:_identify(src/robot_description) by extension 'colcon_meta'
[0.332s] Level 1:colcon.colcon_core.package_identification:_identify(src/robot_description) by extensions ['ros']
[0.332s] Level 1:colcon.colcon_core.package_identification:_identify(src/robot_description) by extension 'ros'
[0.332s] DEBUG:colcon.colcon_core.package_identification:Package 'src/robot_description' with type 'ros.ament_cmake' and name 'robot_description'
[0.333s] Level 1:colcon.colcon_core.package_identification:_identify(src/simulations) by extensions ['ignore', 'ignore_ament_install']
[0.333s] Level 1:colcon.colcon_core.package_identification:_identify(src/simulations) by extension 'ignore'
[0.333s] Level 1:colcon.colcon_core.package_identification:_identify(src/simulations) by extension 'ignore_ament_install'
[0.333s] Level 1:colcon.colcon_core.package_identification:_identify(src/simulations) by extensions ['colcon_pkg']
[0.333s] Level 1:colcon.colcon_core.package_identification:_identify(src/simulations) by extension 'colcon_pkg'
[0.333s] Level 1:colcon.colcon_core.package_identification:_identify(src/simulations) by extensions ['colcon_meta']
[0.333s] Level 1:colcon.colcon_core.package_identification:_identify(src/simulations) by extension 'colcon_meta'
[0.333s] Level 1:colcon.colcon_core.package_identification:_identify(src/simulations) by extensions ['ros']
[0.333s] Level 1:colcon.colcon_core.package_identification:_identify(src/simulations) by extension 'ros'
[0.334s] DEBUG:colcon.colcon_core.package_identification:Package 'src/simulations' with type 'ros.ament_python' and name 'simulations'
[0.334s] Level 1:colcon.colcon_core.package_identification:_identify(src/worlds) by extensions ['ignore', 'ignore_ament_install']
[0.334s] Level 1:colcon.colcon_core.package_identification:_identify(src/worlds) by extension 'ignore'
[0.334s] Level 1:colcon.colcon_core.package_identification:_identify(src/worlds) by extension 'ignore_ament_install'
[0.334s] Level 1:colcon.colcon_core.package_identification:_identify(src/worlds) by extensions ['colcon_pkg']
[0.334s] Level 1:colcon.colcon_core.package_identification:_identify(src/worlds) by extension 'colcon_pkg'
[0.334s] Level 1:colcon.colcon_core.package_identification:_identify(src/worlds) by extensions ['colcon_meta']
[0.334s] Level 1:colcon.colcon_core.package_identification:_identify(src/worlds) by extension 'colcon_meta'
[0.335s] Level 1:colcon.colcon_core.package_identification:_identify(src/worlds) by extensions ['ros']
[0.335s] Level 1:colcon.colcon_core.package_identification:_identify(src/worlds) by extension 'ros'
[0.335s] DEBUG:colcon.colcon_core.package_identification:Package 'src/worlds' with type 'ros.ament_python' and name 'worlds'
[0.335s] Level 1:colcon.colcon_core.package_discovery:discover_packages(recursive) using defaults
[0.335s] Level 1:colcon.colcon_core.package_discovery:discover_packages(ignore) discover
[0.335s] Level 1:colcon.colcon_core.package_discovery:discover_packages(ignore) using defaults
[0.335s] Level 1:colcon.colcon_core.package_discovery:discover_packages(path) discover
[0.335s] Level 1:colcon.colcon_core.package_discovery:discover_packages(path) using defaults
[0.356s] Level 1:colcon.colcon_core.package_discovery:discover_packages(prefix_path) check parameters
[0.356s] Level 1:colcon.colcon_core.package_discovery:discover_packages(prefix_path) discover
[0.359s] DEBUG:colcon.colcon_installed_package_information.package_discovery:Found 4 installed packages in /home/naveenkumar/mobile_robot/install
[0.359s] DEBUG:colcon.colcon_installed_package_information.package_discovery:Found 4 installed packages in /home/naveenkumar/AMR/install
[0.360s] DEBUG:colcon.colcon_installed_package_information.package_discovery:Found 23 installed packages in /home/naveenkumar/thesis/install
[0.362s] DEBUG:colcon.colcon_installed_package_information.package_discovery:Found 418 installed packages in /opt/ros/humble
[0.365s] Level 1:colcon.colcon_core.package_discovery:discover_packages(prefix_path) using defaults
[0.444s] Level 5:colcon.colcon_core.verb:set package 'robot_control' build argument 'cmake_args' from command line to 'None'
[0.444s] Level 5:colcon.colcon_core.verb:set package 'robot_control' build argument 'cmake_target' from command line to 'None'
[0.444s] Level 5:colcon.colcon_core.verb:set package 'robot_control' build argument 'cmake_target_skip_unavailable' from command line to 'False'
[0.444s] Level 5:colcon.colcon_core.verb:set package 'robot_control' build argument 'cmake_clean_cache' from command line to 'False'
[0.444s] Level 5:colcon.colcon_core.verb:set package 'robot_control' build argument 'cmake_clean_first' from command line to 'False'
[0.444s] Level 5:colcon.colcon_core.verb:set package 'robot_control' build argument 'cmake_force_configure' from command line to 'False'
[0.444s] Level 5:colcon.colcon_core.verb:set package 'robot_control' build argument 'ament_cmake_args' from command line to 'None'
[0.444s] Level 5:colcon.colcon_core.verb:set package 'robot_control' build argument 'catkin_cmake_args' from command line to 'None'
[0.444s] Level 5:colcon.colcon_core.verb:set package 'robot_control' build argument 'catkin_skip_building_tests' from command line to 'False'
[0.444s] DEBUG:colcon.colcon_core.verb:Building package 'robot_control' with the following arguments: {'ament_cmake_args': None, 'build_base': '/home/naveenkumar/mobile_robot/build/robot_control', 'catkin_cmake_args': None, 'catkin_skip_building_tests': False, 'cmake_args': None, 'cmake_clean_cache': False, 'cmake_clean_first': False, 'cmake_force_configure': False, 'cmake_target': None, 'cmake_target_skip_unavailable': False, 'install_base': '/home/naveenkumar/mobile_robot/install/robot_control', 'merge_install': False, 'path': '/home/naveenkumar/mobile_robot/src/robot_control', 'symlink_install': False, 'test_result_base': None}
[0.444s] Level 5:colcon.colcon_core.verb:set package 'robot_description' build argument 'cmake_args' from command line to 'None'
[0.444s] Level 5:colcon.colcon_core.verb:set package 'robot_description' build argument 'cmake_target' from command line to 'None'
[0.444s] Level 5:colcon.colcon_core.verb:set package 'robot_description' build argument 'cmake_target_skip_unavailable' from command line to 'False'
[0.444s] Level 5:colcon.colcon_core.verb:set package 'robot_description' build argument 'cmake_clean_cache' from command line to 'False'
[0.444s] Level 5:colcon.colcon_core.verb:set package 'robot_description' build argument 'cmake_clean_first' from command line to 'False'
[0.444s] Level 5:colcon.colcon_core.verb:set package 'robot_description' build argument 'cmake_force_configure' from command line to 'False'
[0.444s] Level 5:colcon.colcon_core.verb:set package 'robot_description' build argument 'ament_cmake_args' from command line to 'None'
[0.445s] Level 5:colcon.colcon_core.verb:set package 'robot_description' build argument 'catkin_cmake_args' from command line to 'None'
[0.445s] Level 5:colcon.colcon_core.verb:set package 'robot_description' build argument 'catkin_skip_building_tests' from command line to 'False'
[0.445s] DEBUG:colcon.colcon_core.verb:Building package 'robot_description' with the following arguments: {'ament_cmake_args': None, 'build_base': '/home/naveenkumar/mobile_robot/build/robot_description', 'catkin_cmake_args': None, 'catkin_skip_building_tests': False, 'cmake_args': None, 'cmake_clean_cache': False, 'cmake_clean_first': False, 'cmake_force_configure': False, 'cmake_target': None, 'cmake_target_skip_unavailable': False, 'install_base': '/home/naveenkumar/mobile_robot/install/robot_description', 'merge_install': False, 'path': '/home/naveenkumar/mobile_robot/src/robot_description', 'symlink_install': False, 'test_result_base': None}
[0.445s] Level 5:colcon.colcon_core.verb:set package 'worlds' build argument 'cmake_args' from command line to 'None'
[0.445s] Level 5:colcon.colcon_core.verb:set package 'worlds' build argument 'cmake_target' from command line to 'None'
[0.445s] Level 5:colcon.colcon_core.verb:set package 'worlds' build argument 'cmake_target_skip_unavailable' from command line to 'False'
[0.445s] Level 5:colcon.colcon_core.verb:set package 'worlds' build argument 'cmake_clean_cache' from command line to 'False'
[0.445s] Level 5:colcon.colcon_core.verb:set package 'worlds' build argument 'cmake_clean_first' from command line to 'False'
[0.445s] Level 5:colcon.colcon_core.verb:set package 'worlds' build argument 'cmake_force_configure' from command line to 'False'
[0.445s] Level 5:colcon.colcon_core.verb:set package 'worlds' build argument 'ament_cmake_args' from command line to 'None'
[0.445s] Level 5:colcon.colcon_core.verb:set package 'worlds' build argument 'catkin_cmake_args' from command line to 'None'
[0.445s] Level 5:colcon.colcon_core.verb:set package 'worlds' build argument 'catkin_skip_building_tests' from command line to 'False'
[0.445s] DEBUG:colcon.colcon_core.verb:Building package 'worlds' with the following arguments: {'ament_cmake_args': None, 'build_base': '/home/naveenkumar/mobile_robot/build/worlds', 'catkin_cmake_args': None, 'catkin_skip_building_tests': False, 'cmake_args': None, 'cmake_clean_cache': False, 'cmake_clean_first': False, 'cmake_force_configure': False, 'cmake_target': None, 'cmake_target_skip_unavailable': False, 'install_base': '/home/naveenkumar/mobile_robot/install/worlds', 'merge_install': False, 'path': '/home/naveenkumar/mobile_robot/src/worlds', 'symlink_install': False, 'test_result_base': None}
[0.445s] Level 5:colcon.colcon_core.verb:set package 'simulations' build argument 'cmake_args' from command line to 'None'
[0.446s] Level 5:colcon.colcon_core.verb:set package 'simulations' build argument 'cmake_target' from command line to 'None'
[0.446s] Level 5:colcon.colcon_core.verb:set package 'simulations' build argument 'cmake_target_skip_unavailable' from command line to 'False'
[0.446s] Level 5:colcon.colcon_core.verb:set package 'simulations' build argument 'cmake_clean_cache' from command line to 'False'
[0.446s] Level 5:colcon.colcon_core.verb:set package 'simulations' build argument 'cmake_clean_first' from command line to 'False'
[0.446s] Level 5:colcon.colcon_core.verb:set package 'simulations' build argument 'cmake_force_configure' from command line to 'False'
[0.446s] Level 5:colcon.colcon_core.verb:set package 'simulations' build argument 'ament_cmake_args' from command line to 'None'
[0.446s] Level 5:colcon.colcon_core.verb:set package 'simulations' build argument 'catkin_cmake_args' from command line to 'None'
[0.446s] Level 5:colcon.colcon_core.verb:set package 'simulations' build argument 'catkin_skip_building_tests' from command line to 'False'
[0.446s] DEBUG:colcon.colcon_core.verb:Building package 'simulations' with the following arguments: {'ament_cmake_args': None, 'build_base': '/home/naveenkumar/mobile_robot/build/simulations', 'catkin_cmake_args': None, 'catkin_skip_building_tests': False, 'cmake_args': None, 'cmake_clean_cache': False, 'cmake_clean_first': False, 'cmake_force_configure': False, 'cmake_target': None, 'cmake_target_skip_unavailable': False, 'install_base': '/home/naveenkumar/mobile_robot/install/simulations', 'merge_install': False, 'path': '/home/naveenkumar/mobile_robot/src/simulations', 'symlink_install': False, 'test_result_base': None}
[0.446s] INFO:colcon.colcon_core.executor:Executing jobs using 'parallel' executor
[0.447s] DEBUG:colcon.colcon_parallel_executor.executor.parallel:run_until_complete
[0.447s] INFO:colcon.colcon_ros.task.ament_cmake.build:Building ROS package in '/home/naveenkumar/mobile_robot/src/robot_description' with build type 'ament_cmake'
[0.447s] INFO:colcon.colcon_cmake.task.cmake.build:Building CMake package in '/home/naveenkumar/mobile_robot/src/robot_description'
[0.449s] INFO:colcon.colcon_core.plugin_system:Skipping extension 'colcon_core.shell.bat': Not used on non-Windows systems
[0.449s] INFO:colcon.colcon_core.shell:Skip shell extension 'powershell' for command environment: Not usable outside of PowerShell
[0.449s] DEBUG:colcon.colcon_core.shell:Skip shell extension 'dsv' for command environment
[0.455s] INFO:colcon.colcon_ros.task.ament_python.build:Building ROS package in '/home/naveenkumar/mobile_robot/src/worlds' with build type 'ament_python'
[0.456s] Level 1:colcon.colcon_core.shell:create_environment_hook('worlds', 'ament_prefix_path')
[0.456s] INFO:colcon.colcon_core.shell:Creating environment hook '/home/naveenkumar/mobile_robot/install/worlds/share/worlds/hook/ament_prefix_path.ps1'
[0.457s] INFO:colcon.colcon_core.shell:Creating environment descriptor '/home/naveenkumar/mobile_robot/install/worlds/share/worlds/hook/ament_prefix_path.dsv'
[0.457s] INFO:colcon.colcon_core.shell:Creating environment hook '/home/naveenkumar/mobile_robot/install/worlds/share/worlds/hook/ament_prefix_path.sh'
[0.458s] INFO:colcon.colcon_core.shell:Skip shell extension 'powershell' for command environment: Not usable outside of PowerShell
[0.458s] DEBUG:colcon.colcon_core.shell:Skip shell extension 'dsv' for command environment
[0.465s] INFO:colcon.colcon_ros.task.ament_python.build:Building ROS package in '/home/naveenkumar/mobile_robot/src/robot_control' with build type 'ament_python'
[0.465s] Level 1:colcon.colcon_core.shell:create_environment_hook('robot_control', 'ament_prefix_path')
[0.465s] INFO:colcon.colcon_core.shell:Creating environment hook '/home/naveenkumar/mobile_robot/install/robot_control/share/robot_control/hook/ament_prefix_path.ps1'
[0.466s] INFO:colcon.colcon_core.shell:Creating environment descriptor '/home/naveenkumar/mobile_robot/install/robot_control/share/robot_control/hook/ament_prefix_path.dsv'
[0.466s] INFO:colcon.colcon_core.shell:Creating environment hook '/home/naveenkumar/mobile_robot/install/robot_control/share/robot_control/hook/ament_prefix_path.sh'
[0.467s] INFO:colcon.colcon_core.shell:Skip shell extension 'powershell' for command environment: Not usable outside of PowerShell
[0.467s] DEBUG:colcon.colcon_core.shell:Skip shell extension 'dsv' for command environment
[0.479s] DEBUG:colcon.colcon_core.event_handler.log_command:Invoking command in '/home/naveenkumar/mobile_robot/build/robot_description': CMAKE_PREFIX_PATH=${CMAKE_PREFIX_PATH}:/home/naveenkumar/mobile_robot/install/simulations:/home/naveenkumar/mobile_robot/install/worlds:/home/naveenkumar/mobile_robot/install/robot_control:/home/naveenkumar/AMR/install/telenex_robot_description:/home/naveenkumar/AMR/install/naveen_pkg:/home/naveenkumar/AMR/install/my_package:/home/naveenkumar/thesis/install/turtlebot3_teleop:/home/naveenkumar/thesis/install/turtlebot3_example:/opt/ros/humble /usr/bin/cmake --build /home/naveenkumar/mobile_robot/build/robot_description -- -j8 -l8
[0.835s] INFO:colcon.colcon_core.task.python.build:Building Python package in '/home/naveenkumar/mobile_robot/src/worlds'
[0.835s] INFO:colcon.colcon_core.shell:Skip shell extension 'powershell' for command environment: Not usable outside of PowerShell
[0.835s] DEBUG:colcon.colcon_core.shell:Skip shell extension 'dsv' for command environment
[1.201s] INFO:colcon.colcon_core.task.python.build:Building Python package in '/home/naveenkumar/mobile_robot/src/robot_control'
[1.202s] INFO:colcon.colcon_core.shell:Skip shell extension 'powershell' for command environment: Not usable outside of PowerShell
[1.202s] DEBUG:colcon.colcon_core.shell:Skip shell extension 'dsv' for command environment
[1.214s] DEBUG:colcon.colcon_core.event_handler.log_command:Invoked command in '/home/naveenkumar/mobile_robot/build/robot_description' returned '0': CMAKE_PREFIX_PATH=${CMAKE_PREFIX_PATH}:/home/naveenkumar/mobile_robot/install/simulations:/home/naveenkumar/mobile_robot/install/worlds:/home/naveenkumar/mobile_robot/install/robot_control:/home/naveenkumar/AMR/install/telenex_robot_description:/home/naveenkumar/AMR/install/naveen_pkg:/home/naveenkumar/AMR/install/my_package:/home/naveenkumar/thesis/install/turtlebot3_teleop:/home/naveenkumar/thesis/install/turtlebot3_example:/opt/ros/humble /usr/bin/cmake --build /home/naveenkumar/mobile_robot/build/robot_description -- -j8 -l8
[1.264s] DEBUG:colcon.colcon_core.event_handler.log_command:Invoking command in '/home/naveenkumar/mobile_robot/build/robot_description': CMAKE_PREFIX_PATH=${CMAKE_PREFIX_PATH}:/home/naveenkumar/mobile_robot/install/simulations:/home/naveenkumar/mobile_robot/install/worlds:/home/naveenkumar/mobile_robot/install/robot_control:/home/naveenkumar/AMR/install/telenex_robot_description:/home/naveenkumar/AMR/install/naveen_pkg:/home/naveenkumar/AMR/install/my_package:/home/naveenkumar/thesis/install/turtlebot3_teleop:/home/naveenkumar/thesis/install/turtlebot3_example:/opt/ros/humble /usr/bin/cmake --install /home/naveenkumar/mobile_robot/build/robot_description
[1.295s] Level 1:colcon.colcon_core.environment:create_environment_scripts_only(robot_description)
[1.296s] DEBUG:colcon.colcon_core.event_handler.log_command:Invoked command in '/home/naveenkumar/mobile_robot/build/robot_description' returned '0': CMAKE_PREFIX_PATH=${CMAKE_PREFIX_PATH}:/home/naveenkumar/mobile_robot/install/simulations:/home/naveenkumar/mobile_robot/install/worlds:/home/naveenkumar/mobile_robot/install/robot_control:/home/naveenkumar/AMR/install/telenex_robot_description:/home/naveenkumar/AMR/install/naveen_pkg:/home/naveenkumar/AMR/install/my_package:/home/naveenkumar/thesis/install/turtlebot3_teleop:/home/naveenkumar/thesis/install/turtlebot3_example:/opt/ros/humble /usr/bin/cmake --install /home/naveenkumar/mobile_robot/build/robot_description
[1.299s] Level 1:colcon.colcon_core.environment:checking '/home/naveenkumar/mobile_robot/install/robot_description' for CMake module files
[1.299s] Level 1:colcon.colcon_core.environment:checking '/home/naveenkumar/mobile_robot/install/robot_description' for CMake config files
[1.300s] Level 1:colcon.colcon_core.shell:create_environment_hook('robot_description', 'cmake_prefix_path')
[1.300s] INFO:colcon.colcon_core.shell:Creating environment hook '/home/naveenkumar/mobile_robot/install/robot_description/share/robot_description/hook/cmake_prefix_path.ps1'
[1.301s] INFO:colcon.colcon_core.shell:Creating environment descriptor '/home/naveenkumar/mobile_robot/install/robot_description/share/robot_description/hook/cmake_prefix_path.dsv'
[1.301s] INFO:colcon.colcon_core.shell:Creating environment hook '/home/naveenkumar/mobile_robot/install/robot_description/share/robot_description/hook/cmake_prefix_path.sh'
[1.302s] Level 1:colcon.colcon_core.environment:checking '/home/naveenkumar/mobile_robot/install/robot_description/bin'
[1.302s] Level 1:colcon.colcon_core.environment:checking '/home/naveenkumar/mobile_robot/install/robot_description/lib/pkgconfig/robot_description.pc'
[1.302s] Level 1:colcon.colcon_core.environment:checking '/home/naveenkumar/mobile_robot/install/robot_description/lib/python3.10/site-packages'
[1.303s] Level 1:colcon.colcon_core.environment:checking '/home/naveenkumar/mobile_robot/install/robot_description/bin'
[1.303s] INFO:colcon.colcon_core.shell:Creating package script '/home/naveenkumar/mobile_robot/install/robot_description/share/robot_description/package.ps1'
[1.304s] INFO:colcon.colcon_core.shell:Creating package descriptor '/home/naveenkumar/mobile_robot/install/robot_description/share/robot_description/package.dsv'
[1.305s] INFO:colcon.colcon_core.shell:Creating package script '/home/naveenkumar/mobile_robot/install/robot_description/share/robot_description/package.sh'
[1.306s] INFO:colcon.colcon_core.shell:Creating package script '/home/naveenkumar/mobile_robot/install/robot_description/share/robot_description/package.bash'
[1.307s] INFO:colcon.colcon_core.shell:Creating package script '/home/naveenkumar/mobile_robot/install/robot_description/share/robot_description/package.zsh'
[1.308s] Level 1:colcon.colcon_core.environment:create_file_with_runtime_dependencies(/home/naveenkumar/mobile_robot/install/robot_description/share/colcon-core/packages/robot_description)
[1.333s] Level 1:colcon.colcon_core.environment:create_environment_scripts_only(robot_description)
[1.333s] Level 1:colcon.colcon_core.environment:checking '/home/naveenkumar/mobile_robot/install/robot_description' for CMake module files
[1.334s] Level 1:colcon.colcon_core.environment:checking '/home/naveenkumar/mobile_robot/install/robot_description' for CMake config files
[1.334s] Level 1:colcon.colcon_core.shell:create_environment_hook('robot_description', 'cmake_prefix_path')
[1.335s] INFO:colcon.colcon_core.shell:Creating environment hook '/home/naveenkumar/mobile_robot/install/robot_description/share/robot_description/hook/cmake_prefix_path.ps1'
[1.335s] INFO:colcon.colcon_core.shell:Creating environment descriptor '/home/naveenkumar/mobile_robot/install/robot_description/share/robot_description/hook/cmake_prefix_path.dsv'
[1.336s] INFO:colcon.colcon_core.shell:Creating environment hook '/home/naveenkumar/mobile_robot/install/robot_description/share/robot_description/hook/cmake_prefix_path.sh'
[1.336s] Level 1:colcon.colcon_core.environment:checking '/home/naveenkumar/mobile_robot/install/robot_description/bin'
[1.336s] Level 1:colcon.colcon_core.environment:checking '/home/naveenkumar/mobile_robot/install/robot_description/lib/pkgconfig/robot_description.pc'
[1.337s] Level 1:colcon.colcon_core.environment:checking '/home/naveenkumar/mobile_robot/install/robot_description/lib/python3.10/site-packages'
[1.337s] Level 1:colcon.colcon_core.environment:checking '/home/naveenkumar/mobile_robot/install/robot_description/bin'
[1.338s] INFO:colcon.colcon_core.shell:Creating package script '/home/naveenkumar/mobile_robot/install/robot_description/share/robot_description/package.ps1'
[1.338s] INFO:colcon.colcon_core.shell:Creating package descriptor '/home/naveenkumar/mobile_robot/install/robot_description/share/robot_description/package.dsv'
[1.339s] INFO:colcon.colcon_core.shell:Creating package script '/home/naveenkumar/mobile_robot/install/robot_description/share/robot_description/package.sh'
[1.340s] INFO:colcon.colcon_core.shell:Creating package script '/home/naveenkumar/mobile_robot/install/robot_description/share/robot_description/package.bash'
[1.340s] INFO:colcon.colcon_core.shell:Creating package script '/home/naveenkumar/mobile_robot/install/robot_description/share/robot_description/package.zsh'
[1.341s] Level 1:colcon.colcon_core.environment:create_file_with_runtime_dependencies(/home/naveenkumar/mobile_robot/install/robot_description/share/colcon-core/packages/robot_description)
[1.782s] DEBUG:colcon.colcon_core.event_handler.log_command:Invoking command in '/home/naveenkumar/mobile_robot/src/robot_control': PYTHONPATH=/home/naveenkumar/mobile_robot/build/robot_control/prefix_override:/usr/lib/python3/dist-packages/colcon_core/task/python/colcon_distutils_commands:/home/naveenkumar/mobile_robot/install/robot_control/lib/python3.10/site-packages:${PYTHONPATH} /usr/bin/python3 -W ignore:setup.py install is deprecated setup.py egg_info --egg-base ../../build/robot_control build --build-base /home/naveenkumar/mobile_robot/build/robot_control/build install --record /home/naveenkumar/mobile_robot/build/robot_control/install.log --single-version-externally-managed install_data
[1.784s] DEBUG:colcon.colcon_core.event_handler.log_command:Invoking command in '/home/naveenkumar/mobile_robot/src/worlds': PYTHONPATH=/home/naveenkumar/mobile_robot/build/worlds/prefix_override:/usr/lib/python3/dist-packages/colcon_core/task/python/colcon_distutils_commands:/home/naveenkumar/mobile_robot/install/worlds/lib/python3.10/site-packages:${PYTHONPATH} /usr/bin/python3 -W ignore:setup.py install is deprecated setup.py egg_info --egg-base ../../build/worlds build --build-base /home/naveenkumar/mobile_robot/build/worlds/build install --record /home/naveenkumar/mobile_robot/build/worlds/install.log --single-version-externally-managed install_data
[2.246s] Level 1:colcon.colcon_core.environment:checking '/home/naveenkumar/mobile_robot/install/robot_control' for CMake module files
[2.246s] DEBUG:colcon.colcon_core.event_handler.log_command:Invoked command in '/home/naveenkumar/mobile_robot/src/robot_control' returned '0': PYTHONPATH=/home/naveenkumar/mobile_robot/build/robot_control/prefix_override:/usr/lib/python3/dist-packages/colcon_core/task/python/colcon_distutils_commands:/home/naveenkumar/mobile_robot/install/robot_control/lib/python3.10/site-packages:${PYTHONPATH} /usr/bin/python3 -W ignore:setup.py install is deprecated setup.py egg_info --egg-base ../../build/robot_control build --build-base /home/naveenkumar/mobile_robot/build/robot_control/build install --record /home/naveenkumar/mobile_robot/build/robot_control/install.log --single-version-externally-managed install_data
[2.247s] Level 1:colcon.colcon_core.environment:checking '/home/naveenkumar/mobile_robot/install/robot_control' for CMake config files
[2.248s] Level 1:colcon.colcon_core.environment:checking '/home/naveenkumar/mobile_robot/install/robot_control/lib'
[2.249s] Level 1:colcon.colcon_core.environment:checking '/home/naveenkumar/mobile_robot/install/robot_control/bin'
[2.249s] Level 1:colcon.colcon_core.environment:checking '/home/naveenkumar/mobile_robot/install/robot_control/lib/pkgconfig/robot_control.pc'
[2.249s] Level 1:colcon.colcon_core.environment:checking '/home/naveenkumar/mobile_robot/install/robot_control/lib/python3.10/site-packages'
[2.249s] Level 1:colcon.colcon_core.shell:create_environment_hook('robot_control', 'pythonpath')
[2.250s] INFO:colcon.colcon_core.shell:Creating environment hook '/home/naveenkumar/mobile_robot/install/robot_control/share/robot_control/hook/pythonpath.ps1'
[2.251s] INFO:colcon.colcon_core.shell:Creating environment descriptor '/home/naveenkumar/mobile_robot/install/robot_control/share/robot_control/hook/pythonpath.dsv'
[2.252s] INFO:colcon.colcon_core.shell:Creating environment hook '/home/naveenkumar/mobile_robot/install/robot_control/share/robot_control/hook/pythonpath.sh'
[2.252s] Level 1:colcon.colcon_core.environment:checking '/home/naveenkumar/mobile_robot/install/robot_control/bin'
[2.253s] Level 1:colcon.colcon_core.environment:create_environment_scripts_only(robot_control)
[2.253s] INFO:colcon.colcon_core.shell:Creating package script '/home/naveenkumar/mobile_robot/install/robot_control/share/robot_control/package.ps1'
[2.254s] INFO:colcon.colcon_core.shell:Creating package descriptor '/home/naveenkumar/mobile_robot/install/robot_control/share/robot_control/package.dsv'
[2.255s] INFO:colcon.colcon_core.shell:Creating package script '/home/naveenkumar/mobile_robot/install/robot_control/share/robot_control/package.sh'
[2.256s] INFO:colcon.colcon_core.shell:Creating package script '/home/naveenkumar/mobile_robot/install/robot_control/share/robot_control/package.bash'
[2.256s] INFO:colcon.colcon_core.shell:Creating package script '/home/naveenkumar/mobile_robot/install/robot_control/share/robot_control/package.zsh'
[2.257s] Level 1:colcon.colcon_core.environment:create_file_with_runtime_dependencies(/home/naveenkumar/mobile_robot/install/robot_control/share/colcon-core/packages/robot_control)
[2.259s] Level 1:colcon.colcon_core.environment:checking '/home/naveenkumar/mobile_robot/install/worlds' for CMake module files
[2.261s] Level 1:colcon.colcon_core.environment:checking '/home/naveenkumar/mobile_robot/install/worlds' for CMake config files
[2.262s] DEBUG:colcon.colcon_core.event_handler.log_command:Invoked command in '/home/naveenkumar/mobile_robot/src/worlds' returned '0': PYTHONPATH=/home/naveenkumar/mobile_robot/build/worlds/prefix_override:/usr/lib/python3/dist-packages/colcon_core/task/python/colcon_distutils_commands:/home/naveenkumar/mobile_robot/install/worlds/lib/python3.10/site-packages:${PYTHONPATH} /usr/bin/python3 -W ignore:setup.py install is deprecated setup.py egg_info --egg-base ../../build/worlds build --build-base /home/naveenkumar/mobile_robot/build/worlds/build install --record /home/naveenkumar/mobile_robot/build/worlds/install.log --single-version-externally-managed install_data
[2.263s] Level 1:colcon.colcon_core.environment:checking '/home/naveenkumar/mobile_robot/install/worlds/lib'
[2.263s] Level 1:colcon.colcon_core.environment:checking '/home/naveenkumar/mobile_robot/install/worlds/bin'
[2.263s] Level 1:colcon.colcon_core.environment:checking '/home/naveenkumar/mobile_robot/install/worlds/lib/pkgconfig/worlds.pc'
[2.263s] Level 1:colcon.colcon_core.environment:checking '/home/naveenkumar/mobile_robot/install/worlds/lib/python3.10/site-packages'
[2.264s] Level 1:colcon.colcon_core.shell:create_environment_hook('worlds', 'pythonpath')
[2.264s] INFO:colcon.colcon_core.shell:Creating environment hook '/home/naveenkumar/mobile_robot/install/worlds/share/worlds/hook/pythonpath.ps1'
[2.265s] INFO:colcon.colcon_core.shell:Creating environment descriptor '/home/naveenkumar/mobile_robot/install/worlds/share/worlds/hook/pythonpath.dsv'
[2.265s] INFO:colcon.colcon_core.shell:Creating environment hook '/home/naveenkumar/mobile_robot/install/worlds/share/worlds/hook/pythonpath.sh'
[2.266s] Level 1:colcon.colcon_core.environment:checking '/home/naveenkumar/mobile_robot/install/worlds/bin'
[2.267s] Level 1:colcon.colcon_core.environment:create_environment_scripts_only(worlds)
[2.267s] INFO:colcon.colcon_core.shell:Creating package script '/home/naveenkumar/mobile_robot/install/worlds/share/worlds/package.ps1'
[2.269s] INFO:colcon.colcon_core.shell:Creating package descriptor '/home/naveenkumar/mobile_robot/install/worlds/share/worlds/package.dsv'
[2.269s] INFO:colcon.colcon_core.shell:Creating package script '/home/naveenkumar/mobile_robot/install/worlds/share/worlds/package.sh'
[2.270s] INFO:colcon.colcon_core.shell:Creating package script '/home/naveenkumar/mobile_robot/install/worlds/share/worlds/package.bash'
[2.271s] INFO:colcon.colcon_core.shell:Creating package script '/home/naveenkumar/mobile_robot/install/worlds/share/worlds/package.zsh'
[2.271s] Level 1:colcon.colcon_core.environment:create_file_with_runtime_dependencies(/home/naveenkumar/mobile_robot/install/worlds/share/colcon-core/packages/worlds)
[2.272s] INFO:colcon.colcon_ros.task.ament_python.build:Building ROS package in '/home/naveenkumar/mobile_robot/src/simulations' with build type 'ament_python'
[2.272s] Level 1:colcon.colcon_core.shell:create_environment_hook('simulations', 'ament_prefix_path')
[2.272s] INFO:colcon.colcon_core.shell:Creating environment hook '/home/naveenkumar/mobile_robot/install/simulations/share/simulations/hook/ament_prefix_path.ps1'
[2.274s] INFO:colcon.colcon_core.shell:Creating environment descriptor '/home/naveenkumar/mobile_robot/install/simulations/share/simulations/hook/ament_prefix_path.dsv'
[2.275s] INFO:colcon.colcon_core.shell:Creating environment hook '/home/naveenkumar/mobile_robot/install/simulations/share/simulations/hook/ament_prefix_path.sh'
[2.276s] INFO:colcon.colcon_core.shell:Skip shell extension 'powershell' for command environment: Not usable outside of PowerShell
[2.276s] DEBUG:colcon.colcon_core.shell:Skip shell extension 'dsv' for command environment
[2.772s] INFO:colcon.colcon_core.task.python.build:Building Python package in '/home/naveenkumar/mobile_robot/src/simulations'
[2.773s] INFO:colcon.colcon_core.shell:Skip shell extension 'powershell' for command environment: Not usable outside of PowerShell
[2.773s] DEBUG:colcon.colcon_core.shell:Skip shell extension 'dsv' for command environment
[3.373s] DEBUG:colcon.colcon_core.event_handler.log_command:Invoking command in '/home/naveenkumar/mobile_robot/src/simulations': AMENT_PREFIX_PATH=/home/naveenkumar/mobile_robot/install/worlds:/home/naveenkumar/mobile_robot/install/simulations:/home/naveenkumar/mobile_robot/install/robot_description:/home/naveenkumar/mobile_robot/install/robot_control:/home/naveenkumar/AMR/install/telenex_ts100:/home/naveenkumar/AMR/install/telenex_robot_description:/home/naveenkumar/AMR/install/naveen_pkg:/home/naveenkumar/AMR/install/my_package:/home/naveenkumar/thesis/install/turtlebot3:/home/naveenkumar/thesis/install/turtlebot3_teleop:/home/naveenkumar/thesis/install/turtlebot3_simulations:/home/naveenkumar/thesis/install/turtlebot3_bringup:/home/naveenkumar/thesis/install/turtlebot3_node:/home/naveenkumar/thesis/install/turtlebot3_navigation2:/home/naveenkumar/thesis/install/turtlebot3_fake_node:/home/naveenkumar/thesis/install/turtlebot3_example:/home/naveenkumar/thesis/install/turtlebot3_msgs:/home/naveenkumar/thesis/install/turtlebot3_manipulation:/home/naveenkumar/thesis/install/turtlebot3_manipulation_teleop:/home/naveenkumar/thesis/install/turtlebot3_manipulation_navigation2:/home/naveenkumar/thesis/install/turtlebot3_manipulation_moveit_config:/home/naveenkumar/thesis/install/turtlebot3_manipulation_hardware:/home/naveenkumar/thesis/install/turtlebot3_manipulation_bringup:/home/naveenkumar/thesis/install/turtlebot3_manipulation_description:/home/naveenkumar/thesis/install/turtlebot3_manipulation_cartographer:/home/naveenkumar/thesis/install/turtlebot3_gazebo:/home/naveenkumar/thesis/install/turtlebot3_description:/home/naveenkumar/thesis/install/turtlebot3_cartographer:/home/naveenkumar/thesis/install/dynamixel_sdk_examples:/home/naveenkumar/thesis/install/dynamixel_sdk_custom_interfaces:/home/naveenkumar/thesis/install/dynamixel_sdk:/opt/ros/humble PYTHONPATH=/home/naveenkumar/mobile_robot/build/simulations/prefix_override:/usr/lib/python3/dist-packages/colcon_core/task/python/colcon_distutils_commands:/home/naveenkumar/mobile_robot/install/simulations/lib/python3.10/site-packages:/home/naveenkumar/mobile_robot/install/worlds/lib/python3.10/site-packages:/home/naveenkumar/mobile_robot/install/simulations/lib/python3.10/site-packages:/home/naveenkumar/mobile_robot/install/robot_control/lib/python3.10/site-packages:/home/naveenkumar/AMR/install/telenex_robot_description/lib/python3.10/site-packages:/home/naveenkumar/AMR/install/naveen_pkg/lib/python3.10/site-packages:/home/naveenkumar/AMR/install/my_package/lib/python3.10/site-packages:/home/naveenkumar/thesis/install/turtlebot3_teleop/lib/python3.10/site-packages:/home/naveenkumar/thesis/install/turtlebot3_example/lib/python3.10/site-packages:/home/naveenkumar/thesis/install/turtlebot3_msgs/local/lib/python3.10/dist-packages:/home/naveenkumar/thesis/install/dynamixel_sdk_custom_interfaces/local/lib/python3.10/dist-packages:/opt/ros/humble/lib/python3.10/site-packages:/opt/ros/humble/local/lib/python3.10/dist-packages /usr/bin/python3 -W ignore:setup.py install is deprecated setup.py egg_info --egg-base ../../build/simulations build --build-base /home/naveenkumar/mobile_robot/build/simulations/build install --record /home/naveenkumar/mobile_robot/build/simulations/install.log --single-version-externally-managed install_data
[3.991s] Level 1:colcon.colcon_core.environment:checking '/home/naveenkumar/mobile_robot/install/simulations' for CMake module files
[3.993s] DEBUG:colcon.colcon_core.event_handler.log_command:Invoked command in '/home/naveenkumar/mobile_robot/src/simulations' returned '0': AMENT_PREFIX_PATH=/home/naveenkumar/mobile_robot/install/worlds:/home/naveenkumar/mobile_robot/install/simulations:/home/naveenkumar/mobile_robot/install/robot_description:/home/naveenkumar/mobile_robot/install/robot_control:/home/naveenkumar/AMR/install/telenex_ts100:/home/naveenkumar/AMR/install/telenex_robot_description:/home/naveenkumar/AMR/install/naveen_pkg:/home/naveenkumar/AMR/install/my_package:/home/naveenkumar/thesis/install/turtlebot3:/home/naveenkumar/thesis/install/turtlebot3_teleop:/home/naveenkumar/thesis/install/turtlebot3_simulations:/home/naveenkumar/thesis/install/turtlebot3_bringup:/home/naveenkumar/thesis/install/turtlebot3_node:/home/naveenkumar/thesis/install/turtlebot3_navigation2:/home/naveenkumar/thesis/install/turtlebot3_fake_node:/home/naveenkumar/thesis/install/turtlebot3_example:/home/naveenkumar/thesis/install/turtlebot3_msgs:/home/naveenkumar/thesis/install/turtlebot3_manipulation:/home/naveenkumar/thesis/install/turtlebot3_manipulation_teleop:/home/naveenkumar/thesis/install/turtlebot3_manipulation_navigation2:/home/naveenkumar/thesis/install/turtlebot3_manipulation_moveit_config:/home/naveenkumar/thesis/install/turtlebot3_manipulation_hardware:/home/naveenkumar/thesis/install/turtlebot3_manipulation_bringup:/home/naveenkumar/thesis/install/turtlebot3_manipulation_description:/home/naveenkumar/thesis/install/turtlebot3_manipulation_cartographer:/home/naveenkumar/thesis/install/turtlebot3_gazebo:/home/naveenkumar/thesis/install/turtlebot3_description:/home/naveenkumar/thesis/install/turtlebot3_cartographer:/home/naveenkumar/thesis/install/dynamixel_sdk_examples:/home/naveenkumar/thesis/install/dynamixel_sdk_custom_interfaces:/home/naveenkumar/thesis/install/dynamixel_sdk:/opt/ros/humble PYTHONPATH=/home/naveenkumar/mobile_robot/build/simulations/prefix_override:/usr/lib/python3/dist-packages/colcon_core/task/python/colcon_distutils_commands:/home/naveenkumar/mobile_robot/install/simulations/lib/python3.10/site-packages:/home/naveenkumar/mobile_robot/install/worlds/lib/python3.10/site-packages:/home/naveenkumar/mobile_robot/install/simulations/lib/python3.10/site-packages:/home/naveenkumar/mobile_robot/install/robot_control/lib/python3.10/site-packages:/home/naveenkumar/AMR/install/telenex_robot_description/lib/python3.10/site-packages:/home/naveenkumar/AMR/install/naveen_pkg/lib/python3.10/site-packages:/home/naveenkumar/AMR/install/my_package/lib/python3.10/site-packages:/home/naveenkumar/thesis/install/turtlebot3_teleop/lib/python3.10/site-packages:/home/naveenkumar/thesis/install/turtlebot3_example/lib/python3.10/site-packages:/home/naveenkumar/thesis/install/turtlebot3_msgs/local/lib/python3.10/dist-packages:/home/naveenkumar/thesis/install/dynamixel_sdk_custom_interfaces/local/lib/python3.10/dist-packages:/opt/ros/humble/lib/python3.10/site-packages:/opt/ros/humble/local/lib/python3.10/dist-packages /usr/bin/python3 -W ignore:setup.py install is deprecated setup.py egg_info --egg-base ../../build/simulations build --build-base /home/naveenkumar/mobile_robot/build/simulations/build install --record /home/naveenkumar/mobile_robot/build/simulations/install.log --single-version-externally-managed install_data
[3.993s] Level 1:colcon.colcon_core.environment:checking '/home/naveenkumar/mobile_robot/install/simulations' for CMake config files
[3.994s] Level 1:colcon.colcon_core.environment:checking '/home/naveenkumar/mobile_robot/install/simulations/lib'
[3.995s] Level 1:colcon.colcon_core.environment:checking '/home/naveenkumar/mobile_robot/install/simulations/bin'
[3.995s] Level 1:colcon.colcon_core.environment:checking '/home/naveenkumar/mobile_robot/install/simulations/lib/pkgconfig/simulations.pc'
[3.995s] Level 1:colcon.colcon_core.environment:checking '/home/naveenkumar/mobile_robot/install/simulations/lib/python3.10/site-packages'
[3.995s] Level 1:colcon.colcon_core.shell:create_environment_hook('simulations', 'pythonpath')
[3.996s] INFO:colcon.colcon_core.shell:Creating environment hook '/home/naveenkumar/mobile_robot/install/simulations/share/simulations/hook/pythonpath.ps1'
[3.996s] INFO:colcon.colcon_core.shell:Creating environment descriptor '/home/naveenkumar/mobile_robot/install/simulations/share/simulations/hook/pythonpath.dsv'
[3.997s] INFO:colcon.colcon_core.shell:Creating environment hook '/home/naveenkumar/mobile_robot/install/simulations/share/simulations/hook/pythonpath.sh'
[3.998s] Level 1:colcon.colcon_core.environment:checking '/home/naveenkumar/mobile_robot/install/simulations/bin'
[3.998s] Level 1:colcon.colcon_core.environment:create_environment_scripts_only(simulations)
[3.999s] INFO:colcon.colcon_core.shell:Creating package script '/home/naveenkumar/mobile_robot/install/simulations/share/simulations/package.ps1'
[4.000s] INFO:colcon.colcon_core.shell:Creating package descriptor '/home/naveenkumar/mobile_robot/install/simulations/share/simulations/package.dsv'
[4.001s] INFO:colcon.colcon_core.shell:Creating package script '/home/naveenkumar/mobile_robot/install/simulations/share/simulations/package.sh'
[4.002s] INFO:colcon.colcon_core.shell:Creating package script '/home/naveenkumar/mobile_robot/install/simulations/share/simulations/package.bash'
[4.002s] INFO:colcon.colcon_core.shell:Creating package script '/home/naveenkumar/mobile_robot/install/simulations/share/simulations/package.zsh'
[4.003s] Level 1:colcon.colcon_core.environment:create_file_with_runtime_dependencies(/home/naveenkumar/mobile_robot/install/simulations/share/colcon-core/packages/simulations)
[4.003s] DEBUG:colcon.colcon_parallel_executor.executor.parallel:closing loop
[4.004s] DEBUG:colcon.colcon_parallel_executor.executor.parallel:loop closed
[4.004s] DEBUG:colcon.colcon_parallel_executor.executor.parallel:run_until_complete finished with '0'
[4.004s] DEBUG:colcon.colcon_core.event_reactor:joining thread
[4.017s] INFO:colcon.colcon_core.plugin_system:Skipping extension 'colcon_notification.desktop_notification.terminal_notifier': Not used on non-Darwin systems
[4.017s] INFO:colcon.colcon_core.plugin_system:Skipping extension 'colcon_notification.desktop_notification.win32': Not used on non-Windows systems
[4.017s] INFO:colcon.colcon_notification.desktop_notification:Sending desktop notification using 'notify2'
[4.036s] DEBUG:colcon.colcon_core.event_reactor:joined thread
[4.036s] INFO:colcon.colcon_core.shell:Creating prefix script '/home/naveenkumar/mobile_robot/install/local_setup.ps1'
[4.038s] INFO:colcon.colcon_core.shell:Creating prefix util module '/home/naveenkumar/mobile_robot/install/_local_setup_util_ps1.py'
[4.042s] INFO:colcon.colcon_core.shell:Creating prefix chain script '/home/naveenkumar/mobile_robot/install/setup.ps1'
[4.047s] INFO:colcon.colcon_core.shell:Creating prefix script '/home/naveenkumar/mobile_robot/install/local_setup.sh'
[4.048s] INFO:colcon.colcon_core.shell:Creating prefix util module '/home/naveenkumar/mobile_robot/install/_local_setup_util_sh.py'
[4.049s] INFO:colcon.colcon_core.shell:Creating prefix chain script '/home/naveenkumar/mobile_robot/install/setup.sh'
[4.055s] INFO:colcon.colcon_core.shell:Creating prefix script '/home/naveenkumar/mobile_robot/install/local_setup.bash'
[4.056s] INFO:colcon.colcon_core.shell:Creating prefix chain script '/home/naveenkumar/mobile_robot/install/setup.bash'
[4.060s] INFO:colcon.colcon_core.shell:Creating prefix script '/home/naveenkumar/mobile_robot/install/local_setup.zsh'
[4.061s] INFO:colcon.colcon_core.shell:Creating prefix chain script '/home/naveenkumar/mobile_robot/install/setup.zsh'
