[0.110s] DEBUG:colcon:Command line arguments: ['/usr/bin/colcon', 'build']
[0.111s] DEBUG:colcon:Parsed command line arguments: Namespace(log_base=None, log_level=None, verb_name='build', build_base='build', install_base='install', merge_install=False, symlink_install=False, test_result_base=None, continue_on_error=False, executor='parallel', parallel_workers=8, event_handlers=None, ignore_user_meta=False, metas=['./colcon.meta'], base_paths=['.'], packages_ignore=None, packages_ignore_regex=None, paths=None, packages_up_to=None, packages_up_to_regex=None, packages_above=None, packages_above_and_dependencies=None, packages_above_depth=None, packages_select_by_dep=None, packages_skip_by_dep=None, packages_skip_up_to=None, packages_select_build_failed=False, packages_skip_build_finished=False, packages_select_test_failures=False, packages_skip_test_passed=False, packages_select=None, packages_skip=None, packages_select_regex=None, packages_skip_regex=None, packages_start=None, packages_end=None, allow_overriding=[], cmake_args=None, cmake_target=None, cmake_target_skip_unavailable=False, cmake_clean_cache=False, cmake_clean_first=False, cmake_force_configure=False, ament_cmake_args=None, catkin_cmake_args=None, catkin_skip_building_tests=False, mixin_files=None, mixin=None, verb_parser=<colcon_mixin.mixin.mixin_argument.MixinArgumentDecorator object at 0x7426e2e70460>, verb_extension=<colcon_core.verb.build.BuildVerb object at 0x7426e2feda20>, main=<bound method BuildVerb.main of <colcon_core.verb.build.BuildVerb object at 0x7426e2feda20>>, mixin_verb=('build',))
[0.293s] Level 1:colcon.colcon_core.package_discovery:discover_packages(colcon_meta) check parameters
[0.293s] Level 1:colcon.colcon_core.package_discovery:discover_packages(recursive) check parameters
[0.293s] Level 1:colcon.colcon_core.package_discovery:discover_packages(ignore) check parameters
[0.293s] Level 1:colcon.colcon_core.package_discovery:discover_packages(path) check parameters
[0.293s] Level 1:colcon.colcon_core.package_discovery:discover_packages(colcon_meta) discover
[0.293s] Level 1:colcon.colcon_core.package_discovery:discover_packages(recursive) discover
[0.293s] INFO:colcon.colcon_core.package_discovery:Crawling recursively for packages in '/home/naveenkumar/mobile_robot'
[0.293s] Level 1:colcon.colcon_core.package_identification:_identify(.) by extensions ['ignore', 'ignore_ament_install']
[0.293s] Level 1:colcon.colcon_core.package_identification:_identify(.) by extension 'ignore'
[0.293s] Level 1:colcon.colcon_core.package_identification:_identify(.) by extension 'ignore_ament_install'
[0.293s] Level 1:colcon.colcon_core.package_identification:_identify(.) by extensions ['colcon_pkg']
[0.293s] Level 1:colcon.colcon_core.package_identification:_identify(.) by extension 'colcon_pkg'
[0.294s] Level 1:colcon.colcon_core.package_identification:_identify(.) by extensions ['colcon_meta']
[0.294s] Level 1:colcon.colcon_core.package_identification:_identify(.) by extension 'colcon_meta'
[0.294s] Level 1:colcon.colcon_core.package_identification:_identify(.) by extensions ['ros']
[0.294s] Level 1:colcon.colcon_core.package_identification:_identify(.) by extension 'ros'
[0.304s] Level 1:colcon.colcon_core.package_identification:_identify(.) by extensions ['cmake', 'python']
[0.304s] Level 1:colcon.colcon_core.package_identification:_identify(.) by extension 'cmake'
[0.304s] Level 1:colcon.colcon_core.package_identification:_identify(.) by extension 'python'
[0.304s] Level 1:colcon.colcon_core.package_identification:_identify(.) by extensions ['python_setup_py']
[0.304s] Level 1:colcon.colcon_core.package_identification:_identify(.) by extension 'python_setup_py'
[0.304s] Level 1:colcon.colcon_core.package_identification:_identify(build) by extensions ['ignore', 'ignore_ament_install']
[0.304s] Level 1:colcon.colcon_core.package_identification:_identify(build) by extension 'ignore'
[0.304s] Level 1:colcon.colcon_core.package_identification:_identify(build) ignored
[0.304s] Level 1:colcon.colcon_core.package_identification:_identify(install) by extensions ['ignore', 'ignore_ament_install']
[0.304s] Level 1:colcon.colcon_core.package_identification:_identify(install) by extension 'ignore'
[0.304s] Level 1:colcon.colcon_core.package_identification:_identify(install) ignored
[0.304s] Level 1:colcon.colcon_core.package_identification:_identify(log) by extensions ['ignore', 'ignore_ament_install']
[0.304s] Level 1:colcon.colcon_core.package_identification:_identify(log) by extension 'ignore'
[0.304s] Level 1:colcon.colcon_core.package_identification:_identify(log) ignored
[0.305s] Level 1:colcon.colcon_core.package_identification:_identify(src) by extensions ['ignore', 'ignore_ament_install']
[0.305s] Level 1:colcon.colcon_core.package_identification:_identify(src) by extension 'ignore'
[0.305s] Level 1:colcon.colcon_core.package_identification:_identify(src) by extension 'ignore_ament_install'
[0.305s] Level 1:colcon.colcon_core.package_identification:_identify(src) by extensions ['colcon_pkg']
[0.305s] Level 1:colcon.colcon_core.package_identification:_identify(src) by extension 'colcon_pkg'
[0.305s] Level 1:colcon.colcon_core.package_identification:_identify(src) by extensions ['colcon_meta']
[0.305s] Level 1:colcon.colcon_core.package_identification:_identify(src) by extension 'colcon_meta'
[0.305s] Level 1:colcon.colcon_core.package_identification:_identify(src) by extensions ['ros']
[0.305s] Level 1:colcon.colcon_core.package_identification:_identify(src) by extension 'ros'
[0.305s] Level 1:colcon.colcon_core.package_identification:_identify(src) by extensions ['cmake', 'python']
[0.305s] Level 1:colcon.colcon_core.package_identification:_identify(src) by extension 'cmake'
[0.305s] Level 1:colcon.colcon_core.package_identification:_identify(src) by extension 'python'
[0.305s] Level 1:colcon.colcon_core.package_identification:_identify(src) by extensions ['python_setup_py']
[0.305s] Level 1:colcon.colcon_core.package_identification:_identify(src) by extension 'python_setup_py'
[0.305s] Level 1:colcon.colcon_core.package_identification:_identify(src/robot_control) by extensions ['ignore', 'ignore_ament_install']
[0.305s] Level 1:colcon.colcon_core.package_identification:_identify(src/robot_control) by extension 'ignore'
[0.305s] Level 1:colcon.colcon_core.package_identification:_identify(src/robot_control) by extension 'ignore_ament_install'
[0.305s] Level 1:colcon.colcon_core.package_identification:_identify(src/robot_control) by extensions ['colcon_pkg']
[0.305s] Level 1:colcon.colcon_core.package_identification:_identify(src/robot_control) by extension 'colcon_pkg'
[0.305s] Level 1:colcon.colcon_core.package_identification:_identify(src/robot_control) by extensions ['colcon_meta']
[0.305s] Level 1:colcon.colcon_core.package_identification:_identify(src/robot_control) by extension 'colcon_meta'
[0.306s] Level 1:colcon.colcon_core.package_identification:_identify(src/robot_control) by extensions ['ros']
[0.306s] Level 1:colcon.colcon_core.package_identification:_identify(src/robot_control) by extension 'ros'
[0.309s] DEBUG:colcon.colcon_core.package_identification:Package 'src/robot_control' with type 'ros.ament_python' and name 'robot_control'
[0.309s] Level 1:colcon.colcon_core.package_identification:_identify(src/robot_description) by extensions ['ignore', 'ignore_ament_install']
[0.309s] Level 1:colcon.colcon_core.package_identification:_identify(src/robot_description) by extension 'ignore'
[0.309s] Level 1:colcon.colcon_core.package_identification:_identify(src/robot_description) by extension 'ignore_ament_install'
[0.309s] Level 1:colcon.colcon_core.package_identification:_identify(src/robot_description) by extensions ['colcon_pkg']
[0.309s] Level 1:colcon.colcon_core.package_identification:_identify(src/robot_description) by extension 'colcon_pkg'
[0.309s] Level 1:colcon.colcon_core.package_identification:_identify(src/robot_description) by extensions ['colcon_meta']
[0.309s] Level 1:colcon.colcon_core.package_identification:_identify(src/robot_description) by extension 'colcon_meta'
[0.309s] Level 1:colcon.colcon_core.package_identification:_identify(src/robot_description) by extensions ['ros']
[0.309s] Level 1:colcon.colcon_core.package_identification:_identify(src/robot_description) by extension 'ros'
[0.310s] DEBUG:colcon.colcon_core.package_identification:Package 'src/robot_description' with type 'ros.ament_cmake' and name 'robot_description'
[0.310s] Level 1:colcon.colcon_core.package_identification:_identify(src/simulations) by extensions ['ignore', 'ignore_ament_install']
[0.310s] Level 1:colcon.colcon_core.package_identification:_identify(src/simulations) by extension 'ignore'
[0.310s] Level 1:colcon.colcon_core.package_identification:_identify(src/simulations) by extension 'ignore_ament_install'
[0.310s] Level 1:colcon.colcon_core.package_identification:_identify(src/simulations) by extensions ['colcon_pkg']
[0.310s] Level 1:colcon.colcon_core.package_identification:_identify(src/simulations) by extension 'colcon_pkg'
[0.310s] Level 1:colcon.colcon_core.package_identification:_identify(src/simulations) by extensions ['colcon_meta']
[0.310s] Level 1:colcon.colcon_core.package_identification:_identify(src/simulations) by extension 'colcon_meta'
[0.310s] Level 1:colcon.colcon_core.package_identification:_identify(src/simulations) by extensions ['ros']
[0.310s] Level 1:colcon.colcon_core.package_identification:_identify(src/simulations) by extension 'ros'
[0.311s] DEBUG:colcon.colcon_core.package_identification:Package 'src/simulations' with type 'ros.ament_python' and name 'simulations'
[0.311s] Level 1:colcon.colcon_core.package_identification:_identify(src/worlds) by extensions ['ignore', 'ignore_ament_install']
[0.311s] Level 1:colcon.colcon_core.package_identification:_identify(src/worlds) by extension 'ignore'
[0.311s] Level 1:colcon.colcon_core.package_identification:_identify(src/worlds) by extension 'ignore_ament_install'
[0.311s] Level 1:colcon.colcon_core.package_identification:_identify(src/worlds) by extensions ['colcon_pkg']
[0.311s] Level 1:colcon.colcon_core.package_identification:_identify(src/worlds) by extension 'colcon_pkg'
[0.311s] Level 1:colcon.colcon_core.package_identification:_identify(src/worlds) by extensions ['colcon_meta']
[0.311s] Level 1:colcon.colcon_core.package_identification:_identify(src/worlds) by extension 'colcon_meta'
[0.311s] Level 1:colcon.colcon_core.package_identification:_identify(src/worlds) by extensions ['ros']
[0.311s] Level 1:colcon.colcon_core.package_identification:_identify(src/worlds) by extension 'ros'
[0.312s] DEBUG:colcon.colcon_core.package_identification:Package 'src/worlds' with type 'ros.ament_python' and name 'worlds'
[0.312s] Level 1:colcon.colcon_core.package_discovery:discover_packages(recursive) using defaults
[0.312s] Level 1:colcon.colcon_core.package_discovery:discover_packages(ignore) discover
[0.312s] Level 1:colcon.colcon_core.package_discovery:discover_packages(ignore) using defaults
[0.312s] Level 1:colcon.colcon_core.package_discovery:discover_packages(path) discover
[0.312s] Level 1:colcon.colcon_core.package_discovery:discover_packages(path) using defaults
[0.332s] Level 1:colcon.colcon_core.package_discovery:discover_packages(prefix_path) check parameters
[0.332s] Level 1:colcon.colcon_core.package_discovery:discover_packages(prefix_path) discover
[0.335s] DEBUG:colcon.colcon_installed_package_information.package_discovery:Found 4 installed packages in /home/naveenkumar/AMR/install
[0.336s] DEBUG:colcon.colcon_installed_package_information.package_discovery:Found 23 installed packages in /home/naveenkumar/thesis/install
[0.337s] DEBUG:colcon.colcon_installed_package_information.package_discovery:Found 418 installed packages in /opt/ros/humble
[0.339s] Level 1:colcon.colcon_core.package_discovery:discover_packages(prefix_path) using defaults
[0.399s] Level 5:colcon.colcon_core.verb:set package 'robot_control' build argument 'cmake_args' from command line to 'None'
[0.400s] Level 5:colcon.colcon_core.verb:set package 'robot_control' build argument 'cmake_target' from command line to 'None'
[0.400s] Level 5:colcon.colcon_core.verb:set package 'robot_control' build argument 'cmake_target_skip_unavailable' from command line to 'False'
[0.400s] Level 5:colcon.colcon_core.verb:set package 'robot_control' build argument 'cmake_clean_cache' from command line to 'False'
[0.400s] Level 5:colcon.colcon_core.verb:set package 'robot_control' build argument 'cmake_clean_first' from command line to 'False'
[0.400s] Level 5:colcon.colcon_core.verb:set package 'robot_control' build argument 'cmake_force_configure' from command line to 'False'
[0.400s] Level 5:colcon.colcon_core.verb:set package 'robot_control' build argument 'ament_cmake_args' from command line to 'None'
[0.400s] Level 5:colcon.colcon_core.verb:set package 'robot_control' build argument 'catkin_cmake_args' from command line to 'None'
[0.400s] Level 5:colcon.colcon_core.verb:set package 'robot_control' build argument 'catkin_skip_building_tests' from command line to 'False'
[0.400s] DEBUG:colcon.colcon_core.verb:Building package 'robot_control' with the following arguments: {'ament_cmake_args': None, 'build_base': '/home/naveenkumar/mobile_robot/build/robot_control', 'catkin_cmake_args': None, 'catkin_skip_building_tests': False, 'cmake_args': None, 'cmake_clean_cache': False, 'cmake_clean_first': False, 'cmake_force_configure': False, 'cmake_target': None, 'cmake_target_skip_unavailable': False, 'install_base': '/home/naveenkumar/mobile_robot/install/robot_control', 'merge_install': False, 'path': '/home/naveenkumar/mobile_robot/src/robot_control', 'symlink_install': False, 'test_result_base': None}
[0.400s] Level 5:colcon.colcon_core.verb:set package 'robot_description' build argument 'cmake_args' from command line to 'None'
[0.400s] Level 5:colcon.colcon_core.verb:set package 'robot_description' build argument 'cmake_target' from command line to 'None'
[0.400s] Level 5:colcon.colcon_core.verb:set package 'robot_description' build argument 'cmake_target_skip_unavailable' from command line to 'False'
[0.400s] Level 5:colcon.colcon_core.verb:set package 'robot_description' build argument 'cmake_clean_cache' from command line to 'False'
[0.400s] Level 5:colcon.colcon_core.verb:set package 'robot_description' build argument 'cmake_clean_first' from command line to 'False'
[0.400s] Level 5:colcon.colcon_core.verb:set package 'robot_description' build argument 'cmake_force_configure' from command line to 'False'
[0.400s] Level 5:colcon.colcon_core.verb:set package 'robot_description' build argument 'ament_cmake_args' from command line to 'None'
[0.400s] Level 5:colcon.colcon_core.verb:set package 'robot_description' build argument 'catkin_cmake_args' from command line to 'None'
[0.400s] Level 5:colcon.colcon_core.verb:set package 'robot_description' build argument 'catkin_skip_building_tests' from command line to 'False'
[0.400s] DEBUG:colcon.colcon_core.verb:Building package 'robot_description' with the following arguments: {'ament_cmake_args': None, 'build_base': '/home/naveenkumar/mobile_robot/build/robot_description', 'catkin_cmake_args': None, 'catkin_skip_building_tests': False, 'cmake_args': None, 'cmake_clean_cache': False, 'cmake_clean_first': False, 'cmake_force_configure': False, 'cmake_target': None, 'cmake_target_skip_unavailable': False, 'install_base': '/home/naveenkumar/mobile_robot/install/robot_description', 'merge_install': False, 'path': '/home/naveenkumar/mobile_robot/src/robot_description', 'symlink_install': False, 'test_result_base': None}
[0.401s] Level 5:colcon.colcon_core.verb:set package 'worlds' build argument 'cmake_args' from command line to 'None'
[0.401s] Level 5:colcon.colcon_core.verb:set package 'worlds' build argument 'cmake_target' from command line to 'None'
[0.401s] Level 5:colcon.colcon_core.verb:set package 'worlds' build argument 'cmake_target_skip_unavailable' from command line to 'False'
[0.401s] Level 5:colcon.colcon_core.verb:set package 'worlds' build argument 'cmake_clean_cache' from command line to 'False'
[0.401s] Level 5:colcon.colcon_core.verb:set package 'worlds' build argument 'cmake_clean_first' from command line to 'False'
[0.401s] Level 5:colcon.colcon_core.verb:set package 'worlds' build argument 'cmake_force_configure' from command line to 'False'
[0.401s] Level 5:colcon.colcon_core.verb:set package 'worlds' build argument 'ament_cmake_args' from command line to 'None'
[0.401s] Level 5:colcon.colcon_core.verb:set package 'worlds' build argument 'catkin_cmake_args' from command line to 'None'
[0.401s] Level 5:colcon.colcon_core.verb:set package 'worlds' build argument 'catkin_skip_building_tests' from command line to 'False'
[0.401s] DEBUG:colcon.colcon_core.verb:Building package 'worlds' with the following arguments: {'ament_cmake_args': None, 'build_base': '/home/naveenkumar/mobile_robot/build/worlds', 'catkin_cmake_args': None, 'catkin_skip_building_tests': False, 'cmake_args': None, 'cmake_clean_cache': False, 'cmake_clean_first': False, 'cmake_force_configure': False, 'cmake_target': None, 'cmake_target_skip_unavailable': False, 'install_base': '/home/naveenkumar/mobile_robot/install/worlds', 'merge_install': False, 'path': '/home/naveenkumar/mobile_robot/src/worlds', 'symlink_install': False, 'test_result_base': None}
[0.401s] Level 5:colcon.colcon_core.verb:set package 'simulations' build argument 'cmake_args' from command line to 'None'
[0.401s] Level 5:colcon.colcon_core.verb:set package 'simulations' build argument 'cmake_target' from command line to 'None'
[0.401s] Level 5:colcon.colcon_core.verb:set package 'simulations' build argument 'cmake_target_skip_unavailable' from command line to 'False'
[0.401s] Level 5:colcon.colcon_core.verb:set package 'simulations' build argument 'cmake_clean_cache' from command line to 'False'
[0.401s] Level 5:colcon.colcon_core.verb:set package 'simulations' build argument 'cmake_clean_first' from command line to 'False'
[0.401s] Level 5:colcon.colcon_core.verb:set package 'simulations' build argument 'cmake_force_configure' from command line to 'False'
[0.401s] Level 5:colcon.colcon_core.verb:set package 'simulations' build argument 'ament_cmake_args' from command line to 'None'
[0.401s] Level 5:colcon.colcon_core.verb:set package 'simulations' build argument 'catkin_cmake_args' from command line to 'None'
[0.401s] Level 5:colcon.colcon_core.verb:set package 'simulations' build argument 'catkin_skip_building_tests' from command line to 'False'
[0.401s] DEBUG:colcon.colcon_core.verb:Building package 'simulations' with the following arguments: {'ament_cmake_args': None, 'build_base': '/home/naveenkumar/mobile_robot/build/simulations', 'catkin_cmake_args': None, 'catkin_skip_building_tests': False, 'cmake_args': None, 'cmake_clean_cache': False, 'cmake_clean_first': False, 'cmake_force_configure': False, 'cmake_target': None, 'cmake_target_skip_unavailable': False, 'install_base': '/home/naveenkumar/mobile_robot/install/simulations', 'merge_install': False, 'path': '/home/naveenkumar/mobile_robot/src/simulations', 'symlink_install': False, 'test_result_base': None}
[0.402s] INFO:colcon.colcon_core.executor:Executing jobs using 'parallel' executor
[0.403s] DEBUG:colcon.colcon_parallel_executor.executor.parallel:run_until_complete
[0.403s] INFO:colcon.colcon_ros.task.ament_cmake.build:Building ROS package in '/home/naveenkumar/mobile_robot/src/robot_description' with build type 'ament_cmake'
[0.403s] INFO:colcon.colcon_cmake.task.cmake.build:Building CMake package in '/home/naveenkumar/mobile_robot/src/robot_description'
[0.405s] INFO:colcon.colcon_core.plugin_system:Skipping extension 'colcon_core.shell.bat': Not used on non-Windows systems
[0.405s] INFO:colcon.colcon_core.shell:Skip shell extension 'powershell' for command environment: Not usable outside of PowerShell
[0.405s] DEBUG:colcon.colcon_core.shell:Skip shell extension 'dsv' for command environment
[0.410s] INFO:colcon.colcon_ros.task.ament_python.build:Building ROS package in '/home/naveenkumar/mobile_robot/src/worlds' with build type 'ament_python'
[0.411s] Level 1:colcon.colcon_core.shell:create_environment_hook('worlds', 'ament_prefix_path')
[0.411s] INFO:colcon.colcon_core.shell:Creating environment hook '/home/naveenkumar/mobile_robot/install/worlds/share/worlds/hook/ament_prefix_path.ps1'
[0.412s] INFO:colcon.colcon_core.shell:Creating environment descriptor '/home/naveenkumar/mobile_robot/install/worlds/share/worlds/hook/ament_prefix_path.dsv'
[0.412s] INFO:colcon.colcon_core.shell:Creating environment hook '/home/naveenkumar/mobile_robot/install/worlds/share/worlds/hook/ament_prefix_path.sh'
[0.413s] INFO:colcon.colcon_core.shell:Skip shell extension 'powershell' for command environment: Not usable outside of PowerShell
[0.413s] DEBUG:colcon.colcon_core.shell:Skip shell extension 'dsv' for command environment
[0.419s] INFO:colcon.colcon_ros.task.ament_python.build:Building ROS package in '/home/naveenkumar/mobile_robot/src/robot_control' with build type 'ament_python'
[0.419s] Level 1:colcon.colcon_core.shell:create_environment_hook('robot_control', 'ament_prefix_path')
[0.419s] INFO:colcon.colcon_core.shell:Creating environment hook '/home/naveenkumar/mobile_robot/install/robot_control/share/robot_control/hook/ament_prefix_path.ps1'
[0.420s] INFO:colcon.colcon_core.shell:Creating environment descriptor '/home/naveenkumar/mobile_robot/install/robot_control/share/robot_control/hook/ament_prefix_path.dsv'
[0.420s] INFO:colcon.colcon_core.shell:Creating environment hook '/home/naveenkumar/mobile_robot/install/robot_control/share/robot_control/hook/ament_prefix_path.sh'
[0.421s] INFO:colcon.colcon_core.shell:Skip shell extension 'powershell' for command environment: Not usable outside of PowerShell
[0.421s] DEBUG:colcon.colcon_core.shell:Skip shell extension 'dsv' for command environment
[0.433s] DEBUG:colcon.colcon_core.event_handler.log_command:Invoking command in '/home/naveenkumar/mobile_robot/build/robot_description': CMAKE_PREFIX_PATH=${CMAKE_PREFIX_PATH}:/home/naveenkumar/AMR/install/telenex_robot_description:/home/naveenkumar/AMR/install/naveen_pkg:/home/naveenkumar/AMR/install/my_package:/home/naveenkumar/thesis/install/turtlebot3_teleop:/home/naveenkumar/thesis/install/turtlebot3_example:/opt/ros/humble /usr/bin/cmake --build /home/naveenkumar/mobile_robot/build/robot_description -- -j8 -l8
[0.748s] INFO:colcon.colcon_core.task.python.build:Building Python package in '/home/naveenkumar/mobile_robot/src/worlds'
[0.748s] INFO:colcon.colcon_core.shell:Skip shell extension 'powershell' for command environment: Not usable outside of PowerShell
[0.748s] DEBUG:colcon.colcon_core.shell:Skip shell extension 'dsv' for command environment
[1.056s] INFO:colcon.colcon_core.task.python.build:Building Python package in '/home/naveenkumar/mobile_robot/src/robot_control'
[1.056s] INFO:colcon.colcon_core.shell:Skip shell extension 'powershell' for command environment: Not usable outside of PowerShell
[1.056s] DEBUG:colcon.colcon_core.shell:Skip shell extension 'dsv' for command environment
[1.063s] DEBUG:colcon.colcon_core.event_handler.log_command:Invoked command in '/home/naveenkumar/mobile_robot/build/robot_description' returned '0': CMAKE_PREFIX_PATH=${CMAKE_PREFIX_PATH}:/home/naveenkumar/AMR/install/telenex_robot_description:/home/naveenkumar/AMR/install/naveen_pkg:/home/naveenkumar/AMR/install/my_package:/home/naveenkumar/thesis/install/turtlebot3_teleop:/home/naveenkumar/thesis/install/turtlebot3_example:/opt/ros/humble /usr/bin/cmake --build /home/naveenkumar/mobile_robot/build/robot_description -- -j8 -l8
[1.105s] DEBUG:colcon.colcon_core.event_handler.log_command:Invoking command in '/home/naveenkumar/mobile_robot/build/robot_description': CMAKE_PREFIX_PATH=${CMAKE_PREFIX_PATH}:/home/naveenkumar/AMR/install/telenex_robot_description:/home/naveenkumar/AMR/install/naveen_pkg:/home/naveenkumar/AMR/install/my_package:/home/naveenkumar/thesis/install/turtlebot3_teleop:/home/naveenkumar/thesis/install/turtlebot3_example:/opt/ros/humble /usr/bin/cmake --install /home/naveenkumar/mobile_robot/build/robot_description
[1.136s] Level 1:colcon.colcon_core.environment:create_environment_scripts_only(robot_description)
[1.138s] DEBUG:colcon.colcon_core.event_handler.log_command:Invoked command in '/home/naveenkumar/mobile_robot/build/robot_description' returned '0': CMAKE_PREFIX_PATH=${CMAKE_PREFIX_PATH}:/home/naveenkumar/AMR/install/telenex_robot_description:/home/naveenkumar/AMR/install/naveen_pkg:/home/naveenkumar/AMR/install/my_package:/home/naveenkumar/thesis/install/turtlebot3_teleop:/home/naveenkumar/thesis/install/turtlebot3_example:/opt/ros/humble /usr/bin/cmake --install /home/naveenkumar/mobile_robot/build/robot_description
[1.143s] Level 1:colcon.colcon_core.environment:checking '/home/naveenkumar/mobile_robot/install/robot_description' for CMake module files
[1.144s] Level 1:colcon.colcon_core.environment:checking '/home/naveenkumar/mobile_robot/install/robot_description' for CMake config files
[1.145s] Level 1:colcon.colcon_core.shell:create_environment_hook('robot_description', 'cmake_prefix_path')
[1.145s] INFO:colcon.colcon_core.shell:Creating environment hook '/home/naveenkumar/mobile_robot/install/robot_description/share/robot_description/hook/cmake_prefix_path.ps1'
[1.146s] INFO:colcon.colcon_core.shell:Creating environment descriptor '/home/naveenkumar/mobile_robot/install/robot_description/share/robot_description/hook/cmake_prefix_path.dsv'
[1.147s] INFO:colcon.colcon_core.shell:Creating environment hook '/home/naveenkumar/mobile_robot/install/robot_description/share/robot_description/hook/cmake_prefix_path.sh'
[1.148s] Level 1:colcon.colcon_core.environment:checking '/home/naveenkumar/mobile_robot/install/robot_description/bin'
[1.148s] Level 1:colcon.colcon_core.environment:checking '/home/naveenkumar/mobile_robot/install/robot_description/lib/pkgconfig/robot_description.pc'
[1.148s] Level 1:colcon.colcon_core.environment:checking '/home/naveenkumar/mobile_robot/install/robot_description/lib/python3.10/site-packages'
[1.149s] Level 1:colcon.colcon_core.environment:checking '/home/naveenkumar/mobile_robot/install/robot_description/bin'
[1.149s] INFO:colcon.colcon_core.shell:Creating package script '/home/naveenkumar/mobile_robot/install/robot_description/share/robot_description/package.ps1'
[1.150s] INFO:colcon.colcon_core.shell:Creating package descriptor '/home/naveenkumar/mobile_robot/install/robot_description/share/robot_description/package.dsv'
[1.151s] INFO:colcon.colcon_core.shell:Creating package script '/home/naveenkumar/mobile_robot/install/robot_description/share/robot_description/package.sh'
[1.153s] INFO:colcon.colcon_core.shell:Creating package script '/home/naveenkumar/mobile_robot/install/robot_description/share/robot_description/package.bash'
[1.154s] INFO:colcon.colcon_core.shell:Creating package script '/home/naveenkumar/mobile_robot/install/robot_description/share/robot_description/package.zsh'
[1.156s] Level 1:colcon.colcon_core.environment:create_file_with_runtime_dependencies(/home/naveenkumar/mobile_robot/install/robot_description/share/colcon-core/packages/robot_description)
[1.187s] Level 1:colcon.colcon_core.environment:create_environment_scripts_only(robot_description)
[1.187s] Level 1:colcon.colcon_core.environment:checking '/home/naveenkumar/mobile_robot/install/robot_description' for CMake module files
[1.188s] Level 1:colcon.colcon_core.environment:checking '/home/naveenkumar/mobile_robot/install/robot_description' for CMake config files
[1.188s] Level 1:colcon.colcon_core.shell:create_environment_hook('robot_description', 'cmake_prefix_path')
[1.189s] INFO:colcon.colcon_core.shell:Creating environment hook '/home/naveenkumar/mobile_robot/install/robot_description/share/robot_description/hook/cmake_prefix_path.ps1'
[1.190s] INFO:colcon.colcon_core.shell:Creating environment descriptor '/home/naveenkumar/mobile_robot/install/robot_description/share/robot_description/hook/cmake_prefix_path.dsv'
[1.190s] INFO:colcon.colcon_core.shell:Creating environment hook '/home/naveenkumar/mobile_robot/install/robot_description/share/robot_description/hook/cmake_prefix_path.sh'
[1.191s] Level 1:colcon.colcon_core.environment:checking '/home/naveenkumar/mobile_robot/install/robot_description/bin'
[1.191s] Level 1:colcon.colcon_core.environment:checking '/home/naveenkumar/mobile_robot/install/robot_description/lib/pkgconfig/robot_description.pc'
[1.191s] Level 1:colcon.colcon_core.environment:checking '/home/naveenkumar/mobile_robot/install/robot_description/lib/python3.10/site-packages'
[1.192s] Level 1:colcon.colcon_core.environment:checking '/home/naveenkumar/mobile_robot/install/robot_description/bin'
[1.192s] INFO:colcon.colcon_core.shell:Creating package script '/home/naveenkumar/mobile_robot/install/robot_description/share/robot_description/package.ps1'
[1.193s] INFO:colcon.colcon_core.shell:Creating package descriptor '/home/naveenkumar/mobile_robot/install/robot_description/share/robot_description/package.dsv'
[1.194s] INFO:colcon.colcon_core.shell:Creating package script '/home/naveenkumar/mobile_robot/install/robot_description/share/robot_description/package.sh'
[1.194s] INFO:colcon.colcon_core.shell:Creating package script '/home/naveenkumar/mobile_robot/install/robot_description/share/robot_description/package.bash'
[1.195s] INFO:colcon.colcon_core.shell:Creating package script '/home/naveenkumar/mobile_robot/install/robot_description/share/robot_description/package.zsh'
[1.196s] Level 1:colcon.colcon_core.environment:create_file_with_runtime_dependencies(/home/naveenkumar/mobile_robot/install/robot_description/share/colcon-core/packages/robot_description)
[1.602s] DEBUG:colcon.colcon_core.event_handler.log_command:Invoking command in '/home/naveenkumar/mobile_robot/src/worlds': PYTHONPATH=/home/naveenkumar/mobile_robot/build/worlds/prefix_override:/usr/lib/python3/dist-packages/colcon_core/task/python/colcon_distutils_commands:/home/naveenkumar/mobile_robot/install/worlds/lib/python3.10/site-packages:${PYTHONPATH} /usr/bin/python3 -W ignore:setup.py install is deprecated setup.py egg_info --egg-base ../../build/worlds build --build-base /home/naveenkumar/mobile_robot/build/worlds/build install --record /home/naveenkumar/mobile_robot/build/worlds/install.log --single-version-externally-managed install_data
[1.620s] DEBUG:colcon.colcon_core.event_handler.log_command:Invoking command in '/home/naveenkumar/mobile_robot/src/robot_control': PYTHONPATH=/home/naveenkumar/mobile_robot/build/robot_control/prefix_override:/usr/lib/python3/dist-packages/colcon_core/task/python/colcon_distutils_commands:/home/naveenkumar/mobile_robot/install/robot_control/lib/python3.10/site-packages:${PYTHONPATH} /usr/bin/python3 -W ignore:setup.py install is deprecated setup.py egg_info --egg-base ../../build/robot_control build --build-base /home/naveenkumar/mobile_robot/build/robot_control/build install --record /home/naveenkumar/mobile_robot/build/robot_control/install.log --single-version-externally-managed install_data
[2.008s] Level 1:colcon.colcon_core.environment:checking '/home/naveenkumar/mobile_robot/install/worlds' for CMake module files
[2.009s] DEBUG:colcon.colcon_core.event_handler.log_command:Invoked command in '/home/naveenkumar/mobile_robot/src/worlds' returned '0': PYTHONPATH=/home/naveenkumar/mobile_robot/build/worlds/prefix_override:/usr/lib/python3/dist-packages/colcon_core/task/python/colcon_distutils_commands:/home/naveenkumar/mobile_robot/install/worlds/lib/python3.10/site-packages:${PYTHONPATH} /usr/bin/python3 -W ignore:setup.py install is deprecated setup.py egg_info --egg-base ../../build/worlds build --build-base /home/naveenkumar/mobile_robot/build/worlds/build install --record /home/naveenkumar/mobile_robot/build/worlds/install.log --single-version-externally-managed install_data
[2.010s] Level 1:colcon.colcon_core.environment:checking '/home/naveenkumar/mobile_robot/install/worlds' for CMake config files
[2.011s] Level 1:colcon.colcon_core.environment:checking '/home/naveenkumar/mobile_robot/install/worlds/lib'
[2.011s] Level 1:colcon.colcon_core.environment:checking '/home/naveenkumar/mobile_robot/install/worlds/bin'
[2.011s] Level 1:colcon.colcon_core.environment:checking '/home/naveenkumar/mobile_robot/install/worlds/lib/pkgconfig/worlds.pc'
[2.011s] Level 1:colcon.colcon_core.environment:checking '/home/naveenkumar/mobile_robot/install/worlds/lib/python3.10/site-packages'
[2.012s] Level 1:colcon.colcon_core.shell:create_environment_hook('worlds', 'pythonpath')
[2.012s] INFO:colcon.colcon_core.shell:Creating environment hook '/home/naveenkumar/mobile_robot/install/worlds/share/worlds/hook/pythonpath.ps1'
[2.013s] INFO:colcon.colcon_core.shell:Creating environment descriptor '/home/naveenkumar/mobile_robot/install/worlds/share/worlds/hook/pythonpath.dsv'
[2.013s] INFO:colcon.colcon_core.shell:Creating environment hook '/home/naveenkumar/mobile_robot/install/worlds/share/worlds/hook/pythonpath.sh'
[2.014s] Level 1:colcon.colcon_core.environment:checking '/home/naveenkumar/mobile_robot/install/worlds/bin'
[2.014s] Level 1:colcon.colcon_core.environment:create_environment_scripts_only(worlds)
[2.015s] INFO:colcon.colcon_core.shell:Creating package script '/home/naveenkumar/mobile_robot/install/worlds/share/worlds/package.ps1'
[2.016s] INFO:colcon.colcon_core.shell:Creating package descriptor '/home/naveenkumar/mobile_robot/install/worlds/share/worlds/package.dsv'
[2.016s] INFO:colcon.colcon_core.shell:Creating package script '/home/naveenkumar/mobile_robot/install/worlds/share/worlds/package.sh'
[2.017s] INFO:colcon.colcon_core.shell:Creating package script '/home/naveenkumar/mobile_robot/install/worlds/share/worlds/package.bash'
[2.017s] INFO:colcon.colcon_core.shell:Creating package script '/home/naveenkumar/mobile_robot/install/worlds/share/worlds/package.zsh'
[2.017s] Level 1:colcon.colcon_core.environment:create_file_with_runtime_dependencies(/home/naveenkumar/mobile_robot/install/worlds/share/colcon-core/packages/worlds)
[2.018s] INFO:colcon.colcon_ros.task.ament_python.build:Building ROS package in '/home/naveenkumar/mobile_robot/src/simulations' with build type 'ament_python'
[2.018s] Level 1:colcon.colcon_core.shell:create_environment_hook('simulations', 'ament_prefix_path')
[2.019s] INFO:colcon.colcon_core.shell:Creating environment hook '/home/naveenkumar/mobile_robot/install/simulations/share/simulations/hook/ament_prefix_path.ps1'
[2.019s] INFO:colcon.colcon_core.shell:Creating environment descriptor '/home/naveenkumar/mobile_robot/install/simulations/share/simulations/hook/ament_prefix_path.dsv'
[2.020s] INFO:colcon.colcon_core.shell:Creating environment hook '/home/naveenkumar/mobile_robot/install/simulations/share/simulations/hook/ament_prefix_path.sh'
[2.020s] INFO:colcon.colcon_core.shell:Skip shell extension 'powershell' for command environment: Not usable outside of PowerShell
[2.021s] DEBUG:colcon.colcon_core.shell:Skip shell extension 'dsv' for command environment
[2.028s] Level 1:colcon.colcon_core.environment:checking '/home/naveenkumar/mobile_robot/install/robot_control' for CMake module files
[2.028s] DEBUG:colcon.colcon_core.event_handler.log_command:Invoked command in '/home/naveenkumar/mobile_robot/src/robot_control' returned '0': PYTHONPATH=/home/naveenkumar/mobile_robot/build/robot_control/prefix_override:/usr/lib/python3/dist-packages/colcon_core/task/python/colcon_distutils_commands:/home/naveenkumar/mobile_robot/install/robot_control/lib/python3.10/site-packages:${PYTHONPATH} /usr/bin/python3 -W ignore:setup.py install is deprecated setup.py egg_info --egg-base ../../build/robot_control build --build-base /home/naveenkumar/mobile_robot/build/robot_control/build install --record /home/naveenkumar/mobile_robot/build/robot_control/install.log --single-version-externally-managed install_data
[2.029s] Level 1:colcon.colcon_core.environment:checking '/home/naveenkumar/mobile_robot/install/robot_control' for CMake config files
[2.029s] Level 1:colcon.colcon_core.environment:checking '/home/naveenkumar/mobile_robot/install/robot_control/lib'
[2.029s] Level 1:colcon.colcon_core.environment:checking '/home/naveenkumar/mobile_robot/install/robot_control/bin'
[2.029s] Level 1:colcon.colcon_core.environment:checking '/home/naveenkumar/mobile_robot/install/robot_control/lib/pkgconfig/robot_control.pc'
[2.030s] Level 1:colcon.colcon_core.environment:checking '/home/naveenkumar/mobile_robot/install/robot_control/lib/python3.10/site-packages'
[2.030s] Level 1:colcon.colcon_core.shell:create_environment_hook('robot_control', 'pythonpath')
[2.030s] INFO:colcon.colcon_core.shell:Creating environment hook '/home/naveenkumar/mobile_robot/install/robot_control/share/robot_control/hook/pythonpath.ps1'
[2.030s] INFO:colcon.colcon_core.shell:Creating environment descriptor '/home/naveenkumar/mobile_robot/install/robot_control/share/robot_control/hook/pythonpath.dsv'
[2.031s] INFO:colcon.colcon_core.shell:Creating environment hook '/home/naveenkumar/mobile_robot/install/robot_control/share/robot_control/hook/pythonpath.sh'
[2.031s] Level 1:colcon.colcon_core.environment:checking '/home/naveenkumar/mobile_robot/install/robot_control/bin'
[2.031s] Level 1:colcon.colcon_core.environment:create_environment_scripts_only(robot_control)
[2.032s] INFO:colcon.colcon_core.shell:Creating package script '/home/naveenkumar/mobile_robot/install/robot_control/share/robot_control/package.ps1'
[2.032s] INFO:colcon.colcon_core.shell:Creating package descriptor '/home/naveenkumar/mobile_robot/install/robot_control/share/robot_control/package.dsv'
[2.032s] INFO:colcon.colcon_core.shell:Creating package script '/home/naveenkumar/mobile_robot/install/robot_control/share/robot_control/package.sh'
[2.033s] INFO:colcon.colcon_core.shell:Creating package script '/home/naveenkumar/mobile_robot/install/robot_control/share/robot_control/package.bash'
[2.033s] INFO:colcon.colcon_core.shell:Creating package script '/home/naveenkumar/mobile_robot/install/robot_control/share/robot_control/package.zsh'
[2.034s] Level 1:colcon.colcon_core.environment:create_file_with_runtime_dependencies(/home/naveenkumar/mobile_robot/install/robot_control/share/colcon-core/packages/robot_control)
[2.339s] INFO:colcon.colcon_core.task.python.build:Building Python package in '/home/naveenkumar/mobile_robot/src/simulations'
[2.340s] INFO:colcon.colcon_core.shell:Skip shell extension 'powershell' for command environment: Not usable outside of PowerShell
[2.340s] DEBUG:colcon.colcon_core.shell:Skip shell extension 'dsv' for command environment
[2.785s] DEBUG:colcon.colcon_core.event_handler.log_command:Invoking command in '/home/naveenkumar/mobile_robot/src/simulations': AMENT_PREFIX_PATH=/home/naveenkumar/mobile_robot/install/worlds:/home/naveenkumar/mobile_robot/install/robot_description:${AMENT_PREFIX_PATH} CMAKE_PREFIX_PATH=/home/naveenkumar/mobile_robot/install/robot_description:${CMAKE_PREFIX_PATH} PYTHONPATH=/home/naveenkumar/mobile_robot/build/simulations/prefix_override:/usr/lib/python3/dist-packages/colcon_core/task/python/colcon_distutils_commands:/home/naveenkumar/mobile_robot/install/simulations/lib/python3.10/site-packages:/home/naveenkumar/mobile_robot/install/worlds/lib/python3.10/site-packages:${PYTHONPATH} /usr/bin/python3 -W ignore:setup.py install is deprecated setup.py egg_info --egg-base ../../build/simulations build --build-base /home/naveenkumar/mobile_robot/build/simulations/build install --record /home/naveenkumar/mobile_robot/build/simulations/install.log --single-version-externally-managed install_data
[3.123s] Level 1:colcon.colcon_core.environment:checking '/home/naveenkumar/mobile_robot/install/simulations' for CMake module files
[3.124s] DEBUG:colcon.colcon_core.event_handler.log_command:Invoked command in '/home/naveenkumar/mobile_robot/src/simulations' returned '0': AMENT_PREFIX_PATH=/home/naveenkumar/mobile_robot/install/worlds:/home/naveenkumar/mobile_robot/install/robot_description:${AMENT_PREFIX_PATH} CMAKE_PREFIX_PATH=/home/naveenkumar/mobile_robot/install/robot_description:${CMAKE_PREFIX_PATH} PYTHONPATH=/home/naveenkumar/mobile_robot/build/simulations/prefix_override:/usr/lib/python3/dist-packages/colcon_core/task/python/colcon_distutils_commands:/home/naveenkumar/mobile_robot/install/simulations/lib/python3.10/site-packages:/home/naveenkumar/mobile_robot/install/worlds/lib/python3.10/site-packages:${PYTHONPATH} /usr/bin/python3 -W ignore:setup.py install is deprecated setup.py egg_info --egg-base ../../build/simulations build --build-base /home/naveenkumar/mobile_robot/build/simulations/build install --record /home/naveenkumar/mobile_robot/build/simulations/install.log --single-version-externally-managed install_data
[3.124s] Level 1:colcon.colcon_core.environment:checking '/home/naveenkumar/mobile_robot/install/simulations' for CMake config files
[3.125s] Level 1:colcon.colcon_core.environment:checking '/home/naveenkumar/mobile_robot/install/simulations/lib'
[3.125s] Level 1:colcon.colcon_core.environment:checking '/home/naveenkumar/mobile_robot/install/simulations/bin'
[3.125s] Level 1:colcon.colcon_core.environment:checking '/home/naveenkumar/mobile_robot/install/simulations/lib/pkgconfig/simulations.pc'
[3.125s] Level 1:colcon.colcon_core.environment:checking '/home/naveenkumar/mobile_robot/install/simulations/lib/python3.10/site-packages'
[3.125s] Level 1:colcon.colcon_core.shell:create_environment_hook('simulations', 'pythonpath')
[3.125s] INFO:colcon.colcon_core.shell:Creating environment hook '/home/naveenkumar/mobile_robot/install/simulations/share/simulations/hook/pythonpath.ps1'
[3.126s] INFO:colcon.colcon_core.shell:Creating environment descriptor '/home/naveenkumar/mobile_robot/install/simulations/share/simulations/hook/pythonpath.dsv'
[3.126s] INFO:colcon.colcon_core.shell:Creating environment hook '/home/naveenkumar/mobile_robot/install/simulations/share/simulations/hook/pythonpath.sh'
[3.126s] Level 1:colcon.colcon_core.environment:checking '/home/naveenkumar/mobile_robot/install/simulations/bin'
[3.127s] Level 1:colcon.colcon_core.environment:create_environment_scripts_only(simulations)
[3.127s] INFO:colcon.colcon_core.shell:Creating package script '/home/naveenkumar/mobile_robot/install/simulations/share/simulations/package.ps1'
[3.127s] INFO:colcon.colcon_core.shell:Creating package descriptor '/home/naveenkumar/mobile_robot/install/simulations/share/simulations/package.dsv'
[3.128s] INFO:colcon.colcon_core.shell:Creating package script '/home/naveenkumar/mobile_robot/install/simulations/share/simulations/package.sh'
[3.128s] INFO:colcon.colcon_core.shell:Creating package script '/home/naveenkumar/mobile_robot/install/simulations/share/simulations/package.bash'
[3.128s] INFO:colcon.colcon_core.shell:Creating package script '/home/naveenkumar/mobile_robot/install/simulations/share/simulations/package.zsh'
[3.128s] Level 1:colcon.colcon_core.environment:create_file_with_runtime_dependencies(/home/naveenkumar/mobile_robot/install/simulations/share/colcon-core/packages/simulations)
[3.129s] DEBUG:colcon.colcon_parallel_executor.executor.parallel:closing loop
[3.129s] DEBUG:colcon.colcon_parallel_executor.executor.parallel:loop closed
[3.129s] DEBUG:colcon.colcon_parallel_executor.executor.parallel:run_until_complete finished with '0'
[3.129s] DEBUG:colcon.colcon_core.event_reactor:joining thread
[3.136s] INFO:colcon.colcon_core.plugin_system:Skipping extension 'colcon_notification.desktop_notification.terminal_notifier': Not used on non-Darwin systems
[3.136s] INFO:colcon.colcon_core.plugin_system:Skipping extension 'colcon_notification.desktop_notification.win32': Not used on non-Windows systems
[3.136s] INFO:colcon.colcon_notification.desktop_notification:Sending desktop notification using 'notify2'
[3.150s] DEBUG:colcon.colcon_core.event_reactor:joined thread
[3.150s] INFO:colcon.colcon_core.shell:Creating prefix script '/home/naveenkumar/mobile_robot/install/local_setup.ps1'
[3.152s] INFO:colcon.colcon_core.shell:Creating prefix util module '/home/naveenkumar/mobile_robot/install/_local_setup_util_ps1.py'
[3.153s] INFO:colcon.colcon_core.shell:Creating prefix chain script '/home/naveenkumar/mobile_robot/install/setup.ps1'
[3.155s] INFO:colcon.colcon_core.shell:Creating prefix script '/home/naveenkumar/mobile_robot/install/local_setup.sh'
[3.155s] INFO:colcon.colcon_core.shell:Creating prefix util module '/home/naveenkumar/mobile_robot/install/_local_setup_util_sh.py'
[3.156s] INFO:colcon.colcon_core.shell:Creating prefix chain script '/home/naveenkumar/mobile_robot/install/setup.sh'
[3.158s] INFO:colcon.colcon_core.shell:Creating prefix script '/home/naveenkumar/mobile_robot/install/local_setup.bash'
[3.158s] INFO:colcon.colcon_core.shell:Creating prefix chain script '/home/naveenkumar/mobile_robot/install/setup.bash'
[3.160s] INFO:colcon.colcon_core.shell:Creating prefix script '/home/naveenkumar/mobile_robot/install/local_setup.zsh'
[3.161s] INFO:colcon.colcon_core.shell:Creating prefix chain script '/home/naveenkumar/mobile_robot/install/setup.zsh'
